Date and Time: 2023-05-17 09:32:44
SKU : TOPBUXUS200g
OPC : P9D96B
---------------------------------------------------------
Date and Time: 2023-05-17 09:34:56
SKU : GR5
OPC : PPD9WG
---------------------------------------------------------
Date and Time: 2023-05-17 09:37:34
SKU : TOPBUXUS200g
OPC : P9D96B
---------------------------------------------------------
Date and Time: 2023-05-17 09:40:21
SKU : TOPBUXUS200g
OPC : P9D96B
---------------------------------------------------------
Date and Time: 2023-05-17 09:42:09
SKU : TOPBUXUS200g
OPC : P9D96B
---------------------------------------------------------
