Date and Time: June 16, 2023, 11:36 am
SKU : XT5x3g
Onbuy Order ID : TQK5S9
WooCommerce Order ID : 785
Status : Dispatched
Message : Order Created Successfully
---------------------------------------------------------
Date and Time: June 16, 2023, 11:36 am
SKU : XT5x3g
Onbuy Order ID : TQK5SH
WooCommerce Order ID : 786
Status : Dispatched
Message : Order Created Successfully
---------------------------------------------------------
Date and Time: June 16, 2023, 11:36 am
SKU : XT5x3g
Onbuy Order ID : TQK5SP
WooCommerce Order ID : 788
Status : Dispatched
Message : Order Created Successfully
---------------------------------------------------------
Date and Time: June 16, 2023, 11:37 am
SKU : XT5x3g
Onbuy Order ID : TQK5VQ
WooCommerce Order ID : 789
Status : Dispatched
Message : Order Created Successfully
---------------------------------------------------------
Date and Time: June 16, 2023, 11:37 am
SKU : XT5x3g
Onbuy Order ID : TQK67P
WooCommerce Order ID : 790
Status : Dispatched
Message : Order Created Successfully
---------------------------------------------------------
Date and Time: June 16, 2023, 11:37 am
SKU : XT5x3g
Onbuy Order ID : TQK6C8
WooCommerce Order ID : 791
Status : Dispatched
Message : Order Created Successfully
---------------------------------------------------------
Date and Time: June 16, 2023, 11:37 am
SKU : XT5x3g
Onbuy Order ID : TQK6CC
WooCommerce Order ID : 792
Status : Dispatched
Message : Order Created Successfully
---------------------------------------------------------
Date and Time: June 16, 2023, 11:37 am
SKU : XT5x3g
Onbuy Order ID : TQK6GK
WooCommerce Order ID : 793
Status : Dispatched
Message : Order Created Successfully
---------------------------------------------------------
Date and Time: June 16, 2023, 11:37 am
SKU : XT5x3g
Onbuy Order ID : TQK6QQ
WooCommerce Order ID : 794
Status : Dispatched
Message : Order Created Successfully
---------------------------------------------------------
Date and Time: June 16, 2023, 11:37 am
SKU : XT5x3g
Onbuy Order ID : TQK6T8
WooCommerce Order ID : 795
Status : Dispatched
Message : Order Created Successfully
---------------------------------------------------------
Date and Time: June 16, 2023, 11:37 am
SKU : XT5x3g
Onbuy Order ID : TQK6VD
WooCommerce Order ID : 796
Status : Dispatched
Message : Order Created Successfully
---------------------------------------------------------
Date and Time: June 16, 2023, 11:37 am
SKU : XT5x3g
Onbuy Order ID : TQK6YC
WooCommerce Order ID : 797
Status : Dispatched
Message : Order Created Successfully
---------------------------------------------------------
Date and Time: June 16, 2023, 11:37 am
SKU : XT5x3g
Onbuy Order ID : TQK6Z8
WooCommerce Order ID : 798
Status : Dispatched
Message : Order Created Successfully
---------------------------------------------------------
Date and Time: June 16, 2023, 11:37 am
SKU : XT5x3g
Onbuy Order ID : TQK75D
WooCommerce Order ID : 799
Status : Dispatched
Message : Order Created Successfully
---------------------------------------------------------
Date and Time: June 16, 2023, 11:37 am
SKU : XT5x3g
Onbuy Order ID : TQK76M
WooCommerce Order ID : 800
Status : Dispatched
Message : Order Created Successfully
---------------------------------------------------------
Date and Time: June 16, 2023, 11:37 am
SKU : XT5x3g
Onbuy Order ID : TQK7C9
WooCommerce Order ID : 801
Status : Dispatched
Message : Order Created Successfully
---------------------------------------------------------
Date and Time: June 16, 2023, 11:37 am
SKU : XT5x3g
Onbuy Order ID : TQK7CD
WooCommerce Order ID : 802
Status : Dispatched
Message : Order Created Successfully
---------------------------------------------------------
Date and Time: June 16, 2023, 11:37 am
SKU : XT5x3g
Onbuy Order ID : TQK7JS
WooCommerce Order ID : 803
Status : Dispatched
Message : Order Created Successfully
---------------------------------------------------------
Date and Time: June 16, 2023, 11:37 am
SKU : XT5x3g
Onbuy Order ID : TQK7T2
WooCommerce Order ID : 804
Status : Dispatched
Message : Order Created Successfully
---------------------------------------------------------
Date and Time: June 16, 2023, 11:37 am
SKU : XT5x3g
Onbuy Order ID : TQK7XV
WooCommerce Order ID : 805
Status : Dispatched
Message : Order Created Successfully
---------------------------------------------------------
Date and Time: June 16, 2023, 11:37 am
SKU : XT5x3g
Onbuy Order ID : TQK8F7
WooCommerce Order ID : 806
Status : Dispatched
Message : Order Created Successfully
---------------------------------------------------------
Date and Time: June 16, 2023, 11:37 am
SKU : XT5x3g
Onbuy Order ID : TQK8JQ
WooCommerce Order ID : 807
Status : Dispatched
Message : Order Created Successfully
---------------------------------------------------------
Date and Time: June 16, 2023, 11:37 am
SKU : XT5x3g
Onbuy Order ID : TQK8JX
WooCommerce Order ID : 808
Status : Dispatched
Message : Order Created Successfully
---------------------------------------------------------
Date and Time: June 16, 2023, 11:37 am
SKU : XT5x3g
Onbuy Order ID : TQK8QJ
WooCommerce Order ID : 809
Status : Dispatched
Message : Order Created Successfully
---------------------------------------------------------
Date and Time: June 16, 2023, 11:37 am
SKU : XT5x3g
Onbuy Order ID : TQK92Y
WooCommerce Order ID : 810
Status : Dispatched
Message : Order Created Successfully
---------------------------------------------------------
Date and Time: June 16, 2023, 11:37 am
SKU : XT5x3g
Onbuy Order ID : TQK98F
WooCommerce Order ID : 811
Status : Dispatched
Message : Order Created Successfully
---------------------------------------------------------
Date and Time: June 16, 2023, 11:37 am
SKU : XT5x3g
Onbuy Order ID : TQK98X
WooCommerce Order ID : 812
Status : Dispatched
Message : Order Created Successfully
---------------------------------------------------------
Date and Time: June 16, 2023, 11:37 am
SKU : XT5x3g
Onbuy Order ID : TQK99W
WooCommerce Order ID : 813
Status : Dispatched
Message : Order Created Successfully
---------------------------------------------------------
Date and Time: June 16, 2023, 11:37 am
SKU : XT5x3g
Onbuy Order ID : TQK9MH
WooCommerce Order ID : 814
Status : Dispatched
Message : Order Created Successfully
---------------------------------------------------------
Date and Time: June 16, 2023, 11:37 am
SKU : XT5x3g
Onbuy Order ID : TQKB9D
WooCommerce Order ID : 815
Status : Dispatched
Message : Order Created Successfully
---------------------------------------------------------
Date and Time: June 16, 2023, 11:37 am
SKU : XT5x3g
Onbuy Order ID : TQKB9Z
WooCommerce Order ID : 816
Status : Dispatched
Message : Order Created Successfully
---------------------------------------------------------
Date and Time: June 16, 2023, 11:37 am
SKU : XT5x3g
Onbuy Order ID : TQKBMD
WooCommerce Order ID : 817
Status : Dispatched
Message : Order Created Successfully
---------------------------------------------------------
Date and Time: June 16, 2023, 11:37 am
SKU : XT5x3g
Onbuy Order ID : TQKBRV
WooCommerce Order ID : 818
Status : Dispatched
Message : Order Created Successfully
---------------------------------------------------------
Date and Time: June 16, 2023, 11:37 am
SKU : XT5x3g
Onbuy Order ID : TQKC5C
WooCommerce Order ID : 819
Status : Dispatched
Message : Order Created Successfully
---------------------------------------------------------
Date and Time: June 16, 2023, 11:37 am
SKU : XT5x3g
Onbuy Order ID : TQKC8G
WooCommerce Order ID : 820
Status : Dispatched
Message : Order Created Successfully
---------------------------------------------------------
Date and Time: June 16, 2023, 11:37 am
SKU : XT5x3g
Onbuy Order ID : TQKC9K
WooCommerce Order ID : 821
Status : Dispatched
Message : Order Created Successfully
---------------------------------------------------------
Date and Time: June 16, 2023, 11:37 am
SKU : XT5x3g
Onbuy Order ID : TQKCCB
WooCommerce Order ID : 822
Status : Dispatched
Message : Order Created Successfully
---------------------------------------------------------
Date and Time: June 16, 2023, 11:37 am
SKU : XT5x3g
Onbuy Order ID : TQKCH9
WooCommerce Order ID : 823
Status : Dispatched
Message : Order Created Successfully
---------------------------------------------------------
Date and Time: June 16, 2023, 11:37 am
SKU : XT5x3g
Onbuy Order ID : TQKCHB
WooCommerce Order ID : 824
Status : Dispatched
Message : Order Created Successfully
---------------------------------------------------------
Date and Time: June 16, 2023, 11:37 am
SKU : XT5x3g
Onbuy Order ID : TQKCK2
WooCommerce Order ID : 825
Status : Dispatched
Message : Order Created Successfully
---------------------------------------------------------
Date and Time: June 16, 2023, 11:37 am
SKU : XT5x3g
Onbuy Order ID : TQKCKM
WooCommerce Order ID : 826
Status : Dispatched
Message : Order Created Successfully
---------------------------------------------------------
Date and Time: June 16, 2023, 11:37 am
SKU : XT5x3g
Onbuy Order ID : TQKCKV
WooCommerce Order ID : 827
Status : Dispatched
Message : Order Created Successfully
---------------------------------------------------------
Date and Time: June 16, 2023, 11:37 am
SKU : XT5x3g
Onbuy Order ID : TQKCNH
WooCommerce Order ID : 828
Status : Dispatched
Message : Order Created Successfully
---------------------------------------------------------
Date and Time: June 16, 2023, 11:37 am
SKU : XT5x3g
Onbuy Order ID : TQKCQ5
WooCommerce Order ID : 829
Status : Dispatched
Message : Order Created Successfully
---------------------------------------------------------
Date and Time: June 16, 2023, 11:37 am
SKU : XT5x3g
Onbuy Order ID : TQKCQV
WooCommerce Order ID : 830
Status : Dispatched
Message : Order Created Successfully
---------------------------------------------------------
Date and Time: June 16, 2023, 11:37 am
SKU : XT5x3g
Onbuy Order ID : TQKCS7
WooCommerce Order ID : 831
Status : Dispatched
Message : Order Created Successfully
---------------------------------------------------------
Date and Time: June 16, 2023, 11:37 am
SKU : XT5x3g
Onbuy Order ID : TQKCSW
WooCommerce Order ID : 832
Status : Dispatched
Message : Order Created Successfully
---------------------------------------------------------
Date and Time: June 16, 2023, 11:37 am
SKU : XT5x3g
Onbuy Order ID : TQKDD6
WooCommerce Order ID : 833
Status : Dispatched
Message : Order Created Successfully
---------------------------------------------------------
Date and Time: June 16, 2023, 11:37 am
SKU : XT5x3g
Onbuy Order ID : TQKDRP
WooCommerce Order ID : 834
Status : Dispatched
Message : Order Created Successfully
---------------------------------------------------------
Date and Time: June 16, 2023, 11:37 am
SKU : XT5x3g
Onbuy Order ID : TQKFJY
WooCommerce Order ID : 835
Status : Dispatched
Message : Order Created Successfully
---------------------------------------------------------
