Date and Time: June 15, 2023, 12:42 pm
SKU : XT5x3g
Onbuy Order ID : TYKSYS
WooCommerce Order ID : 695
Status : Awaiting Dispatch
Message : Order Created Successfully
---------------------------------------------------------
Date and Time: June 15, 2023, 12:42 pm
SKU : XT5x3g
Onbuy Order ID : TYKVVS
WooCommerce Order ID : 696
Status : Awaiting Dispatch
Message : Order Created Successfully
---------------------------------------------------------
Date and Time: June 15, 2023, 12:42 pm
SKU : XT5x3g
Onbuy Order ID : TYKW26
WooCommerce Order ID : 697
Status : Awaiting Dispatch
Message : Order Created Successfully
---------------------------------------------------------
Date and Time: June 15, 2023, 12:42 pm
SKU : XT5x3g
Onbuy Order ID : TYKW6N
WooCommerce Order ID : 698
Status : Awaiting Dispatch
Message : Order Created Successfully
---------------------------------------------------------
Date and Time: June 15, 2023, 12:42 pm
SKU : XT5x3g
Onbuy Order ID : TYKWFK
WooCommerce Order ID : 699
Status : Awaiting Dispatch
Message : Order Created Successfully
---------------------------------------------------------
Date and Time: June 15, 2023, 12:42 pm
SKU : XT5x3g
Onbuy Order ID : TYKWJ9
WooCommerce Order ID : 700
Status : Awaiting Dispatch
Message : Order Created Successfully
---------------------------------------------------------
Date and Time: June 15, 2023, 12:42 pm
SKU : XT5x3g
Onbuy Order ID : TYKWQJ
WooCommerce Order ID : 701
Status : Awaiting Dispatch
Message : Order Created Successfully
---------------------------------------------------------
Date and Time: June 15, 2023, 12:42 pm
SKU : XT5x3g
Onbuy Order ID : TYKXC6
WooCommerce Order ID : 702
Status : Awaiting Dispatch
Message : Order Created Successfully
---------------------------------------------------------
Date and Time: June 15, 2023, 12:42 pm
SKU : XT5x3g
Onbuy Order ID : TYKYHZ
WooCommerce Order ID : 703
Status : Awaiting Dispatch
Message : Order Created Successfully
---------------------------------------------------------
Date and Time: June 15, 2023, 12:42 pm
SKU : XT5x3g
Onbuy Order ID : TYKYSC
WooCommerce Order ID : 704
Status : Awaiting Dispatch
Message : Order Created Successfully
---------------------------------------------------------
Date and Time: June 15, 2023, 12:42 pm
SKU : XT5x3g
Onbuy Order ID : TQJCTV
WooCommerce Order ID : 705
Status : Dispatched
Message : Order Created Successfully
---------------------------------------------------------
Date and Time: June 15, 2023, 12:43 pm
SKU : XT5x3g
Onbuy Order ID : TQJCZT
WooCommerce Order ID : 706
Status : Dispatched
Message : Order Created Successfully
---------------------------------------------------------
Date and Time: June 15, 2023, 12:43 pm
SKU : XT5x3g
Onbuy Order ID : TQJD57
WooCommerce Order ID : 707
Status : Dispatched
Message : Order Created Successfully
---------------------------------------------------------
Date and Time: June 15, 2023, 12:43 pm
SKU : XT5x3g
Onbuy Order ID : TQJD9J
WooCommerce Order ID : 708
Status : Dispatched
Message : Order Created Successfully
---------------------------------------------------------
Date and Time: June 15, 2023, 12:43 pm
SKU : XT5x3g
Onbuy Order ID : TQJDR6
WooCommerce Order ID : 709
Status : Dispatched
Message : Order Created Successfully
---------------------------------------------------------
Date and Time: June 15, 2023, 12:43 pm
SKU : XT5x3g
Onbuy Order ID : TQJDT5
WooCommerce Order ID : 710
Status : Dispatched
Message : Order Created Successfully
---------------------------------------------------------
Date and Time: June 15, 2023, 12:43 pm
SKU : XT5x3g
Onbuy Order ID : TQJDTY
WooCommerce Order ID : 711
Status : Dispatched
Message : Order Created Successfully
---------------------------------------------------------
Date and Time: June 15, 2023, 12:43 pm
SKU : XT5x3g
Onbuy Order ID : TQJDVK
WooCommerce Order ID : 712
Status : Dispatched
Message : Order Created Successfully
---------------------------------------------------------
Date and Time: June 15, 2023, 12:43 pm
SKU : XT5x3g
Onbuy Order ID : TQJFBR
WooCommerce Order ID : 713
Status : Dispatched
Message : Order Created Successfully
---------------------------------------------------------
Date and Time: June 15, 2023, 12:43 pm
SKU : XT5x3g
Onbuy Order ID : TQJFCR
WooCommerce Order ID : 714
Status : Dispatched
Message : Order Created Successfully
---------------------------------------------------------
Date and Time: June 15, 2023, 12:43 pm
SKU : XT5x3g
Onbuy Order ID : TQJFG2
WooCommerce Order ID : 715
Status : Dispatched
Message : Order Created Successfully
---------------------------------------------------------
Date and Time: June 15, 2023, 12:43 pm
SKU : GR5
Onbuy Order ID : TQJFHQ
WooCommerce Order ID : 716
Status : Dispatched
Message : Order Created Successfully
---------------------------------------------------------
Date and Time: June 15, 2023, 12:43 pm
SKU : XT5x3g
Onbuy Order ID : TQJFPB
WooCommerce Order ID : 717
Status : Dispatched
Message : Order Created Successfully
---------------------------------------------------------
Date and Time: June 15, 2023, 12:43 pm
SKU : XT5x3g
Onbuy Order ID : TQJFTG
WooCommerce Order ID : 718
Status : Dispatched
Message : Order Created Successfully
---------------------------------------------------------
Date and Time: June 15, 2023, 12:43 pm
SKU : XT5x3g
Onbuy Order ID : TQJFXW
WooCommerce Order ID : 719
Status : Dispatched
Message : Order Created Successfully
---------------------------------------------------------
Date and Time: June 15, 2023, 12:43 pm
SKU : XT5x3g
Onbuy Order ID : TQJN6W
WooCommerce Order ID : 720
Status : Dispatched
Message : Order Created Successfully
---------------------------------------------------------
Date and Time: June 15, 2023, 12:43 pm
SKU : XT5x3g
Onbuy Order ID : TQJGPC
WooCommerce Order ID : 721
Status : Dispatched
Message : Order Created Successfully
---------------------------------------------------------
Date and Time: June 15, 2023, 12:43 pm
SKU : XT5x3g
Onbuy Order ID : TQJNCV
WooCommerce Order ID : 722
Status : Dispatched
Message : Order Created Successfully
---------------------------------------------------------
Date and Time: June 15, 2023, 12:43 pm
SKU : XT5x3g
Onbuy Order ID : TQJGQX
WooCommerce Order ID : 723
Status : Dispatched
Message : Order Created Successfully
---------------------------------------------------------
Date and Time: June 15, 2023, 12:43 pm
SKU : XT5x3g
Onbuy Order ID : TQJNKB
WooCommerce Order ID : 724
Status : Dispatched
Message : Order Created Successfully
---------------------------------------------------------
Date and Time: June 15, 2023, 12:43 pm
SKU : XT5x3g
Onbuy Order ID : TQJGSY
WooCommerce Order ID : 725
Status : Dispatched
Message : Order Created Successfully
---------------------------------------------------------
Date and Time: June 15, 2023, 12:43 pm
SKU : XT5x3g
Onbuy Order ID : TQJNTB
WooCommerce Order ID : 726
Status : Dispatched
Message : Order Created Successfully
---------------------------------------------------------
Date and Time: June 15, 2023, 12:43 pm
SKU : XT5x3g
Onbuy Order ID : TQJGTJ
WooCommerce Order ID : 727
Status : Dispatched
Message : Order Created Successfully
---------------------------------------------------------
Date and Time: June 15, 2023, 12:43 pm
SKU : XT5x3g
Onbuy Order ID : TQJP5F
WooCommerce Order ID : 728
Status : Dispatched
Message : Order Created Successfully
---------------------------------------------------------
Date and Time: June 15, 2023, 12:43 pm
SKU : XT5x3g
Onbuy Order ID : TQJGTX
WooCommerce Order ID : 729
Status : Dispatched
Message : Order Created Successfully
---------------------------------------------------------
Date and Time: June 15, 2023, 12:43 pm
SKU : XT5x3g
Onbuy Order ID : TQJP79
WooCommerce Order ID : 730
Status : Dispatched
Message : Order Created Successfully
---------------------------------------------------------
Date and Time: June 15, 2023, 12:43 pm
SKU : XT5x3g
Onbuy Order ID : TQJGV5
WooCommerce Order ID : 731
Status : Dispatched
Message : Order Created Successfully
---------------------------------------------------------
Date and Time: June 15, 2023, 12:43 pm
SKU : XT5x3g
Onbuy Order ID : TQJPDR
WooCommerce Order ID : 732
Status : Dispatched
Message : Order Created Successfully
---------------------------------------------------------
Date and Time: June 15, 2023, 12:43 pm
SKU : XT5x3g
Onbuy Order ID : TQJGV8
WooCommerce Order ID : 734
Status : Dispatched
Message : Order Created Successfully
---------------------------------------------------------
Date and Time: June 15, 2023, 12:43 pm
SKU : XT5x3g
Onbuy Order ID : TQJPGD
WooCommerce Order ID : 733
Status : Dispatched
Message : Order Created Successfully
---------------------------------------------------------
Date and Time: June 15, 2023, 12:43 pm
SKU : XT5x3g
Onbuy Order ID : TQJGVQ
WooCommerce Order ID : 736
Status : Dispatched
Message : Order Created Successfully
---------------------------------------------------------
Date and Time: June 15, 2023, 12:43 pm
SKU : XT5x3g
Onbuy Order ID : TQJPGQ
WooCommerce Order ID : 735
Status : Dispatched
Message : Order Created Successfully
---------------------------------------------------------
Date and Time: June 15, 2023, 12:43 pm
SKU : XT5x3g
Onbuy Order ID : TQJPSQ
WooCommerce Order ID : 737
Status : Dispatched
Message : Order Created Successfully
---------------------------------------------------------
Date and Time: June 15, 2023, 12:43 pm
SKU : XT5x3g
Onbuy Order ID : TQJGX7
WooCommerce Order ID : 738
Status : Dispatched
Message : Order Created Successfully
---------------------------------------------------------
Date and Time: June 15, 2023, 12:43 pm
SKU : XT5x3g
Onbuy Order ID : TQJGXY
WooCommerce Order ID : 739
Status : Dispatched
Message : Order Created Successfully
---------------------------------------------------------
Date and Time: June 15, 2023, 12:43 pm
SKU : XT5x3g
Onbuy Order ID : TQJPV8
WooCommerce Order ID : 740
Status : Dispatched
Message : Order Created Successfully
---------------------------------------------------------
Date and Time: June 15, 2023, 12:43 pm
SKU : XT5x3g
Onbuy Order ID : TQJGYH
WooCommerce Order ID : 741
Status : Dispatched
Message : Order Created Successfully
---------------------------------------------------------
Date and Time: June 15, 2023, 12:43 pm
SKU : XT5x3g
Onbuy Order ID : TQJPWY
WooCommerce Order ID : 742
Status : Dispatched
Message : Order Created Successfully
---------------------------------------------------------
Date and Time: June 15, 2023, 12:43 pm
SKU : XT5x3g
Onbuy Order ID : TQJPZ7
WooCommerce Order ID : 743
Status : Dispatched
Message : Order Created Successfully
---------------------------------------------------------
Date and Time: June 15, 2023, 12:43 pm
SKU : XT5x3g
Onbuy Order ID : TQJGZC
WooCommerce Order ID : 744
Status : Dispatched
Message : Order Created Successfully
---------------------------------------------------------
Date and Time: June 15, 2023, 12:43 pm
SKU : XT5x3g
Onbuy Order ID : TQJH25
WooCommerce Order ID : 745
Status : Dispatched
Message : Order Created Successfully
---------------------------------------------------------
Date and Time: June 15, 2023, 12:43 pm
SKU : XT5x3g
Onbuy Order ID : TQJQ2B
WooCommerce Order ID : 746
Status : Dispatched
Message : Order Created Successfully
---------------------------------------------------------
Date and Time: June 15, 2023, 12:43 pm
SKU : XT5x3g
Onbuy Order ID : TQJH5P
WooCommerce Order ID : 748
Status : Dispatched
Message : Order Created Successfully
---------------------------------------------------------
Date and Time: June 15, 2023, 12:43 pm
SKU : XT5x3g
Onbuy Order ID : TQJQFS
WooCommerce Order ID : 747
Status : Dispatched
Message : Order Created Successfully
---------------------------------------------------------
Date and Time: June 15, 2023, 12:43 pm
SKU : XT5x3g
Onbuy Order ID : TQJQGJ
WooCommerce Order ID : 750
Status : Dispatched
Message : Order Created Successfully
---------------------------------------------------------
Date and Time: June 15, 2023, 12:43 pm
SKU : XT5x3g
Onbuy Order ID : TQJJQG
WooCommerce Order ID : 749
Status : Dispatched
Message : Order Created Successfully
---------------------------------------------------------
Date and Time: June 15, 2023, 12:43 pm
SKU : XT5x3g
Onbuy Order ID : TQJKHM
WooCommerce Order ID : 751
Status : Dispatched
Message : Order Created Successfully
---------------------------------------------------------
Date and Time: June 15, 2023, 12:43 pm
SKU : XT5x3g
Onbuy Order ID : TQJQQJ
WooCommerce Order ID : 752
Status : Dispatched
Message : Order Created Successfully
---------------------------------------------------------
Date and Time: June 15, 2023, 12:43 pm
SKU : XT5x3g
Onbuy Order ID : TQJR9K
WooCommerce Order ID : 754
Status : Dispatched
Message : Order Created Successfully
---------------------------------------------------------
Date and Time: June 15, 2023, 12:43 pm
SKU : XT5x3g
Onbuy Order ID : TQJKJX
WooCommerce Order ID : 753
Status : Dispatched
Message : Order Created Successfully
---------------------------------------------------------
Date and Time: June 15, 2023, 12:43 pm
SKU : XT5x3g
Onbuy Order ID : TQJKMG
WooCommerce Order ID : 755
Status : Dispatched
Message : Order Created Successfully
---------------------------------------------------------
Date and Time: June 15, 2023, 12:43 pm
SKU : XT5x3g
Onbuy Order ID : TQJRJH
WooCommerce Order ID : 756
Status : Dispatched
Message : Order Created Successfully
---------------------------------------------------------
Date and Time: June 15, 2023, 12:43 pm
SKU : XT5x3g
Onbuy Order ID : TQJRKP
WooCommerce Order ID : 758
Status : Dispatched
Message : Order Created Successfully
---------------------------------------------------------
Date and Time: June 15, 2023, 12:43 pm
SKU : XT5x3g
Onbuy Order ID : TQJKND
WooCommerce Order ID : 757
Status : Dispatched
Message : Order Created Successfully
---------------------------------------------------------
Date and Time: June 15, 2023, 12:43 pm
SKU : XT5x3g
Onbuy Order ID : TQJM88
WooCommerce Order ID : 759
Status : Dispatched
Message : Order Created Successfully
---------------------------------------------------------
Date and Time: June 15, 2023, 12:43 pm
SKU : XT5x3g
Onbuy Order ID : TQJRQX
WooCommerce Order ID : 760
Status : Dispatched
Message : Order Created Successfully
---------------------------------------------------------
Date and Time: June 15, 2023, 12:43 pm
SKU : XT5x3g
Onbuy Order ID : TQJRSX
WooCommerce Order ID : 762
Status : Dispatched
Message : Order Created Successfully
---------------------------------------------------------
Date and Time: June 15, 2023, 12:43 pm
SKU : XT5x3g
Onbuy Order ID : TQJMHF
WooCommerce Order ID : 761
Status : Dispatched
Message : Order Created Successfully
---------------------------------------------------------
Date and Time: June 15, 2023, 12:43 pm
SKU : XT5x3g
Onbuy Order ID : TQJRV9
WooCommerce Order ID : 763
Status : Dispatched
Message : Order Created Successfully
---------------------------------------------------------
Date and Time: June 15, 2023, 12:43 pm
SKU : XT5x3g
Onbuy Order ID : TQJMKD
WooCommerce Order ID : 764
Status : Dispatched
Message : Order Created Successfully
---------------------------------------------------------
Date and Time: June 15, 2023, 12:43 pm
SKU : XT5x3g
Onbuy Order ID : TQJMZC
WooCommerce Order ID : 765
Status : Dispatched
Message : Order Created Successfully
---------------------------------------------------------
Date and Time: June 15, 2023, 12:43 pm
SKU : XT5x3g
Onbuy Order ID : TQJRVY
WooCommerce Order ID : 766
Status : Dispatched
Message : Order Created Successfully
---------------------------------------------------------
Date and Time: June 15, 2023, 12:43 pm
SKU : XT5x3g
Onbuy Order ID : TQJN52
WooCommerce Order ID : 767
Status : Dispatched
Message : Order Created Successfully
---------------------------------------------------------
Date and Time: June 15, 2023, 12:43 pm
SKU : XT5x3g
Onbuy Order ID : TQJRW8
WooCommerce Order ID : 768
Status : Dispatched
Message : Order Created Successfully
---------------------------------------------------------
Date and Time: June 15, 2023, 12:43 pm
SKU : XT5x3g
Onbuy Order ID : TQJRXG
WooCommerce Order ID : 770
Status : Dispatched
Message : Order Created Successfully
---------------------------------------------------------
Date and Time: June 15, 2023, 12:43 pm
SKU : XT5x3g
Onbuy Order ID : TQJN6R
WooCommerce Order ID : 769
Status : Dispatched
Message : Order Created Successfully
---------------------------------------------------------
Date and Time: June 15, 2023, 12:43 pm
SKU : XT5x3g
Onbuy Order ID : TQJS5D
WooCommerce Order ID : 771
Status : Dispatched
Message : Order Created Successfully
---------------------------------------------------------
Date and Time: June 15, 2023, 12:43 pm
SKU : XT5x3g
Onbuy Order ID : TQJSCH
WooCommerce Order ID : 772
Status : Dispatched
Message : Order Created Successfully
---------------------------------------------------------
Date and Time: June 15, 2023, 12:43 pm
SKU : XT5x3g
Onbuy Order ID : TQJSSG
WooCommerce Order ID : 773
Status : Dispatched
Message : Order Created Successfully
---------------------------------------------------------
Date and Time: June 15, 2023, 12:43 pm
SKU : XT5x3g
Onbuy Order ID : TQJSSH
WooCommerce Order ID : 774
Status : Dispatched
Message : Order Created Successfully
---------------------------------------------------------
Date and Time: June 15, 2023, 12:43 pm
SKU : XT5x3g
Onbuy Order ID : TQJSWK
WooCommerce Order ID : 775
Status : Dispatched
Message : Order Created Successfully
---------------------------------------------------------
Date and Time: June 15, 2023, 12:43 pm
SKU : XT5x3g
Onbuy Order ID : TQJSYY
WooCommerce Order ID : 776
Status : Dispatched
Message : Order Created Successfully
---------------------------------------------------------
Date and Time: June 15, 2023, 12:43 pm
SKU : XT5x3g
Onbuy Order ID : TQJT6R
WooCommerce Order ID : 777
Status : Dispatched
Message : Order Created Successfully
---------------------------------------------------------
Date and Time: June 15, 2023, 12:43 pm
SKU : XT5x3g
Onbuy Order ID : TQJT8B
WooCommerce Order ID : 778
Status : Dispatched
Message : Order Created Successfully
---------------------------------------------------------
Date and Time: June 15, 2023, 12:43 pm
SKU : XT5x3g
Onbuy Order ID : TQJT9C
WooCommerce Order ID : 779
Status : Dispatched
Message : Order Created Successfully
---------------------------------------------------------
Date and Time: June 15, 2023, 12:43 pm
SKU : XT5x3g
Onbuy Order ID : TQJTDX
WooCommerce Order ID : 780
Status : Dispatched
Message : Order Created Successfully
---------------------------------------------------------
Date and Time: June 15, 2023, 12:43 pm
SKU : XT5x3g
Onbuy Order ID : TQJTKN
WooCommerce Order ID : 781
Status : Dispatched
Message : Order Created Successfully
---------------------------------------------------------
Date and Time: June 15, 2023, 12:43 pm
SKU : XT5x3g
Onbuy Order ID : TQJTM5
WooCommerce Order ID : 782
Status : Dispatched
Message : Order Created Successfully
---------------------------------------------------------
Date and Time: June 15, 2023, 12:43 pm
SKU : XT5x3g
Onbuy Order ID : TQJTTB
WooCommerce Order ID : 783
Status : Dispatched
Message : Order Created Successfully
---------------------------------------------------------
Date and Time: June 15, 2023, 12:43 pm
SKU : XT5x3g
Onbuy Order ID : TQJTX8
WooCommerce Order ID : 784
Status : Dispatched
Message : Order Created Successfully
---------------------------------------------------------
