Date and Time: May 24, 2023, 10:42 am
SKU : XT5x3g
Onbuy Order ID : TXWGCQ
WooCommerce Order ID : 512
Status : Awaiting Dispatch
Message : Order Created Successfully
---------------------------------------------------------
Date and Time: May 24, 2023, 10:42 am
SKU : XT5x3g
Onbuy Order ID : TXWGPG
WooCommerce Order ID : 513
Status : Awaiting Dispatch
Message : Order Created Successfully
---------------------------------------------------------
Date and Time: May 24, 2023, 10:42 am
SKU : XT5x3g
Onbuy Order ID : TXWHQS
WooCommerce Order ID : 514
Status : Awaiting Dispatch
Message : Order Created Successfully
---------------------------------------------------------
Date and Time: May 24, 2023, 10:42 am
SKU : XT5x3g
Onbuy Order ID : TXWHRS
WooCommerce Order ID : 515
Status : Awaiting Dispatch
Message : Order Created Successfully
---------------------------------------------------------
Date and Time: May 24, 2023, 10:42 am
SKU : XT5x3g
Onbuy Order ID : TXWJ7T
WooCommerce Order ID : 516
Status : Awaiting Dispatch
Message : Order Created Successfully
---------------------------------------------------------
Date and Time: May 24, 2023, 10:42 am
SKU : XT5x3g
Onbuy Order ID : TQ9FVF
WooCommerce Order ID : 517
Status : Dispatched
Message : Order Created Successfully
---------------------------------------------------------
Date and Time: May 24, 2023, 10:42 am
SKU : XT5x3g
Onbuy Order ID : TQ9FW9
WooCommerce Order ID : 518
Status : Dispatched
Message : Order Created Successfully
---------------------------------------------------------
Date and Time: May 24, 2023, 10:42 am
SKU : XT5x3g
Onbuy Order ID : TQ9GK8
WooCommerce Order ID : 519
Status : Dispatched
Message : Order Created Successfully
---------------------------------------------------------
Date and Time: May 24, 2023, 10:42 am
SKU : XT5x3g
Onbuy Order ID : TQ9GPH
WooCommerce Order ID : 520
Status : Dispatched
Message : Order Created Successfully
---------------------------------------------------------
Date and Time: May 24, 2023, 10:42 am
SKU : XT5x3g
Onbuy Order ID : TQ9GVM
WooCommerce Order ID : 521
Status : Dispatched
Message : Order Created Successfully
---------------------------------------------------------
Date and Time: May 24, 2023, 10:42 am
SKU : XT5x3g
Onbuy Order ID : TQ9H26
WooCommerce Order ID : 522
Status : Dispatched
Message : Order Created Successfully
---------------------------------------------------------
Date and Time: May 24, 2023, 10:42 am
SKU : XT5x3g
Onbuy Order ID : TQ9H59
WooCommerce Order ID : 523
Status : Dispatched
Message : Order Created Successfully
---------------------------------------------------------
Date and Time: May 24, 2023, 10:42 am
SKU : XT5x3g
Onbuy Order ID : TQ9H6N
WooCommerce Order ID : 524
Status : Dispatched
Message : Order Created Successfully
---------------------------------------------------------
Date and Time: May 24, 2023, 10:42 am
SKU : XT5x3g
Onbuy Order ID : TQ9H7Q
WooCommerce Order ID : 525
Status : Dispatched
Message : Order Created Successfully
---------------------------------------------------------
Date and Time: May 24, 2023, 10:42 am
SKU : XT5x3g
Onbuy Order ID : TQ9H7W
WooCommerce Order ID : 526
Status : Dispatched
Message : Order Created Successfully
---------------------------------------------------------
Date and Time: May 24, 2023, 10:42 am
SKU : XT5x3g
Onbuy Order ID : TQ9H96
WooCommerce Order ID : 527
Status : Dispatched
Message : Order Created Successfully
---------------------------------------------------------
Date and Time: May 24, 2023, 10:42 am
SKU : XT5x3g
Onbuy Order ID : TQ9HBB
WooCommerce Order ID : 528
Status : Dispatched
Message : Order Created Successfully
---------------------------------------------------------
Date and Time: May 24, 2023, 10:42 am
SKU : XT5x3g
Onbuy Order ID : TQ9HBK
WooCommerce Order ID : 529
Status : Dispatched
Message : Order Created Successfully
---------------------------------------------------------
Date and Time: May 24, 2023, 10:42 am
SKU : XT5x3g
Onbuy Order ID : TQ9HCW
WooCommerce Order ID : 530
Status : Dispatched
Message : Order Created Successfully
---------------------------------------------------------
Date and Time: May 24, 2023, 10:42 am
SKU : XT5x3g
Onbuy Order ID : TQ9HDF
WooCommerce Order ID : 531
Status : Dispatched
Message : Order Created Successfully
---------------------------------------------------------
Date and Time: May 24, 2023, 10:42 am
SKU : XT5x3g
Onbuy Order ID : TQ9HF5
WooCommerce Order ID : 532
Status : Dispatched
Message : Order Created Successfully
---------------------------------------------------------
Date and Time: May 24, 2023, 10:42 am
SKU : XT5x3g
Onbuy Order ID : TQ9HMF
WooCommerce Order ID : 533
Status : Dispatched
Message : Order Created Successfully
---------------------------------------------------------
Date and Time: May 24, 2023, 10:42 am
SKU : XT5x3g
Onbuy Order ID : TQ9HPQ
WooCommerce Order ID : 534
Status : Dispatched
Message : Order Created Successfully
---------------------------------------------------------
Date and Time: May 24, 2023, 10:42 am
SKU : XT5x3g
Onbuy Order ID : TQ9HPY
WooCommerce Order ID : 535
Status : Dispatched
Message : Order Created Successfully
---------------------------------------------------------
Date and Time: May 24, 2023, 10:42 am
SKU : XT5x3g
Onbuy Order ID : TQ9HQN
WooCommerce Order ID : 536
Status : Dispatched
Message : Order Created Successfully
---------------------------------------------------------
Date and Time: May 24, 2023, 10:42 am
SKU : XT5x3g
Onbuy Order ID : TQ9HTB
WooCommerce Order ID : 537
Status : Dispatched
Message : Order Created Successfully
---------------------------------------------------------
Date and Time: May 24, 2023, 10:42 am
SKU : XT5x3g
Onbuy Order ID : TQ9HV6
WooCommerce Order ID : 538
Status : Dispatched
Message : Order Created Successfully
---------------------------------------------------------
Date and Time: May 24, 2023, 10:42 am
SKU : XT5x3g
Onbuy Order ID : TQ9HVS
WooCommerce Order ID : 539
Status : Dispatched
Message : Order Created Successfully
---------------------------------------------------------
Date and Time: May 24, 2023, 10:42 am
SKU : XT5x3g
Onbuy Order ID : TQ9HW7
WooCommerce Order ID : 540
Status : Dispatched
Message : Order Created Successfully
---------------------------------------------------------
Date and Time: May 24, 2023, 10:42 am
SKU : XT5x3g
Onbuy Order ID : TQ9HXG
WooCommerce Order ID : 541
Status : Dispatched
Message : Order Created Successfully
---------------------------------------------------------
Date and Time: May 24, 2023, 10:42 am
SKU : XT5x3g
Onbuy Order ID : TQ9HXR
WooCommerce Order ID : 542
Status : Dispatched
Message : Order Created Successfully
---------------------------------------------------------
Date and Time: May 24, 2023, 10:42 am
SKU : XT5x3g
Onbuy Order ID : TQ9HYB
WooCommerce Order ID : 543
Status : Dispatched
Message : Order Created Successfully
---------------------------------------------------------
Date and Time: May 24, 2023, 10:42 am
SKU : XT5x3g
Onbuy Order ID : TQ9J27
WooCommerce Order ID : 544
Status : Dispatched
Message : Order Created Successfully
---------------------------------------------------------
Date and Time: May 24, 2023, 10:42 am
SKU : XT5x3g
Onbuy Order ID : TQ9J7R
WooCommerce Order ID : 545
Status : Dispatched
Message : Order Created Successfully
---------------------------------------------------------
Date and Time: May 24, 2023, 10:42 am
SKU : XT5x3g
Onbuy Order ID : TQ9JDT
WooCommerce Order ID : 546
Status : Dispatched
Message : Order Created Successfully
---------------------------------------------------------
Date and Time: May 24, 2023, 10:42 am
SKU : XT5x3g
Onbuy Order ID : TQ9JHJ
WooCommerce Order ID : 547
Status : Dispatched
Message : Order Created Successfully
---------------------------------------------------------
Date and Time: May 24, 2023, 10:42 am
SKU : XT5x3g
Onbuy Order ID : TQ9JHY
WooCommerce Order ID : 548
Status : Dispatched
Message : Order Created Successfully
---------------------------------------------------------
Date and Time: May 24, 2023, 10:42 am
SKU : XT5x3g
Onbuy Order ID : TQ9JJQ
WooCommerce Order ID : 549
Status : Dispatched
Message : Order Created Successfully
---------------------------------------------------------
Date and Time: May 24, 2023, 10:42 am
SKU : XT5x3g
Onbuy Order ID : TQ9JK6
WooCommerce Order ID : 550
Status : Dispatched
Message : Order Created Successfully
---------------------------------------------------------
Date and Time: May 24, 2023, 10:42 am
SKU : XT5x3g
Onbuy Order ID : TQ9JPJ
WooCommerce Order ID : 551
Status : Dispatched
Message : Order Created Successfully
---------------------------------------------------------
Date and Time: May 24, 2023, 10:42 am
SKU : XT5x3g
Onbuy Order ID : TQ9JPS
WooCommerce Order ID : 552
Status : Dispatched
Message : Order Created Successfully
---------------------------------------------------------
Date and Time: May 24, 2023, 10:42 am
SKU : XT5x3g
Onbuy Order ID : TQ9JT9
WooCommerce Order ID : 553
Status : Dispatched
Message : Order Created Successfully
---------------------------------------------------------
Date and Time: May 24, 2023, 10:42 am
SKU : XT5x3g
Onbuy Order ID : TQ9JTH
WooCommerce Order ID : 554
Status : Dispatched
Message : Order Created Successfully
---------------------------------------------------------
Date and Time: May 24, 2023, 10:42 am
SKU : XT5x3g
Onbuy Order ID : TQ9JTJ
WooCommerce Order ID : 555
Status : Dispatched
Message : Order Created Successfully
---------------------------------------------------------
Date and Time: May 24, 2023, 10:42 am
SKU : XT5x3g
Onbuy Order ID : TQ9JXW
WooCommerce Order ID : 556
Status : Dispatched
Message : Order Created Successfully
---------------------------------------------------------
Date and Time: May 24, 2023, 10:42 am
SKU : XT5x3g
Onbuy Order ID : TQ9KBB
WooCommerce Order ID : 557
Status : Dispatched
Message : Order Created Successfully
---------------------------------------------------------
Date and Time: May 24, 2023, 10:42 am
SKU : XT5x3g
Onbuy Order ID : TQ9KCV
WooCommerce Order ID : 558
Status : Dispatched
Message : Order Created Successfully
---------------------------------------------------------
Date and Time: May 24, 2023, 10:42 am
SKU : PH2
Onbuy Order ID : TQ9KDQ
WooCommerce Order ID : 559
Status : Dispatched
Message : Order Created Successfully
---------------------------------------------------------
Date and Time: May 24, 2023, 10:42 am
SKU : XT5x3g
Onbuy Order ID : TQ9KF6
WooCommerce Order ID : 560
Status : Dispatched
Message : Order Created Successfully
---------------------------------------------------------
Date and Time: May 24, 2023, 10:42 am
SKU : XT5x3g
Onbuy Order ID : TQ9KHJ
WooCommerce Order ID : 561
Status : Dispatched
Message : Order Created Successfully
---------------------------------------------------------
Date and Time: May 24, 2023, 11:11 am
SKU : XT5x3g
Onbuy Order ID : TXWJVF
WooCommerce Order ID : 562
Status : Awaiting Dispatch
Message : Order Created Successfully
---------------------------------------------------------
Date and Time: May 24, 2023, 11:11 am
SKU : XT5x3g
Onbuy Order ID : TQ9KPF
WooCommerce Order ID : 563
Status : Dispatched
Message : Order Created Successfully
---------------------------------------------------------
Date and Time: May 24, 2023, 11:11 am
SKU : XT5x3g
Onbuy Order ID : TQ9KQK
WooCommerce Order ID : 564
Status : Dispatched
Message : Order Created Successfully
---------------------------------------------------------
Date and Time: May 24, 2023, 11:11 am
SKU : XT5x3g
Onbuy Order ID : TQ9KRN
WooCommerce Order ID : 565
Status : Dispatched
Message : Order Created Successfully
---------------------------------------------------------
Date and Time: May 24, 2023, 11:11 am
SKU : XT5x3g
Onbuy Order ID : TQ9KTJ
WooCommerce Order ID : 566
Status : Dispatched
Message : Order Created Successfully
---------------------------------------------------------
Date and Time: May 24, 2023, 11:11 am
SKU : XT5x3g
Onbuy Order ID : TQ9KTR
WooCommerce Order ID : 567
Status : Dispatched
Message : Order Created Successfully
---------------------------------------------------------
Date and Time: May 24, 2023, 11:11 am
SKU : XT5x3g
Onbuy Order ID : TQ9KTZ
WooCommerce Order ID : 568
Status : Dispatched
Message : Order Created Successfully
---------------------------------------------------------
Date and Time: May 24, 2023, 11:11 am
SKU : XT5x3g
Onbuy Order ID : TQ9KZX
WooCommerce Order ID : 569
Status : Dispatched
Message : Order Created Successfully
---------------------------------------------------------
Date and Time: May 24, 2023, 11:11 am
SKU : XT5x3g
Onbuy Order ID : TQ9M5J
WooCommerce Order ID : 570
Status : Dispatched
Message : Order Created Successfully
---------------------------------------------------------
Date and Time: May 24, 2023, 11:11 am
SKU : XT5x3g
Onbuy Order ID : TQ9M8K
WooCommerce Order ID : 571
Status : Dispatched
Message : Order Created Successfully
---------------------------------------------------------
Date and Time: May 24, 2023, 11:11 am
SKU : XT5x3g
Onbuy Order ID : TQ9MCZ
WooCommerce Order ID : 572
Status : Dispatched
Message : Order Created Successfully
---------------------------------------------------------
Date and Time: May 24, 2023, 11:11 am
SKU : XT5x3g
Onbuy Order ID : TQ9MGX
WooCommerce Order ID : 573
Status : Dispatched
Message : Order Created Successfully
---------------------------------------------------------
Date and Time: May 24, 2023, 11:11 am
SKU : XT5x3g
Onbuy Order ID : TQ9MHH
WooCommerce Order ID : 574
Status : Dispatched
Message : Order Created Successfully
---------------------------------------------------------
Date and Time: May 24, 2023, 11:11 am
SKU : XT5x3g
Onbuy Order ID : TQ9MJT
WooCommerce Order ID : 575
Status : Dispatched
Message : Order Created Successfully
---------------------------------------------------------
Date and Time: May 24, 2023, 11:11 am
SKU : XT5x3g
Onbuy Order ID : TQ9MVD
WooCommerce Order ID : 576
Status : Dispatched
Message : Order Created Successfully
---------------------------------------------------------
Date and Time: May 24, 2023, 11:11 am
SKU : XT5x3g
Onbuy Order ID : TQ9MVJ
WooCommerce Order ID : 577
Status : Dispatched
Message : Order Created Successfully
---------------------------------------------------------
Date and Time: May 24, 2023, 11:11 am
SKU : XT5x3g
Onbuy Order ID : TQ9N6B
WooCommerce Order ID : 578
Status : Dispatched
Message : Order Created Successfully
---------------------------------------------------------
Date and Time: May 24, 2023, 11:11 am
SKU : XT5x3g
Onbuy Order ID : TQ9N78
WooCommerce Order ID : 579
Status : Dispatched
Message : Order Created Successfully
---------------------------------------------------------
Date and Time: May 24, 2023, 11:11 am
SKU : XT5x3g
Onbuy Order ID : TQ9N8B
WooCommerce Order ID : 580
Status : Dispatched
Message : Order Created Successfully
---------------------------------------------------------
Date and Time: May 24, 2023, 11:11 am
SKU : XT5x3g
Onbuy Order ID : TQ9NBN
WooCommerce Order ID : 581
Status : Dispatched
Message : Order Created Successfully
---------------------------------------------------------
Date and Time: May 24, 2023, 11:11 am
SKU : XT5x3g
Onbuy Order ID : TQ9NDJ
WooCommerce Order ID : 582
Status : Dispatched
Message : Order Created Successfully
---------------------------------------------------------
Date and Time: May 24, 2023, 11:11 am
SKU : XT5x3g
Onbuy Order ID : TQ9NF5
WooCommerce Order ID : 583
Status : Dispatched
Message : Order Created Successfully
---------------------------------------------------------
Date and Time: May 24, 2023, 11:11 am
SKU : XT5x3g
Onbuy Order ID : TQ9NFB
WooCommerce Order ID : 584
Status : Dispatched
Message : Order Created Successfully
---------------------------------------------------------
Date and Time: May 24, 2023, 11:11 am
SKU : XT5x3g
Onbuy Order ID : TQ9NFJ
WooCommerce Order ID : 585
Status : Dispatched
Message : Order Created Successfully
---------------------------------------------------------
Date and Time: May 24, 2023, 11:11 am
SKU : XT5x3g
Onbuy Order ID : TQ9NKC
WooCommerce Order ID : 586
Status : Dispatched
Message : Order Created Successfully
---------------------------------------------------------
Date and Time: May 24, 2023, 11:11 am
SKU : XT5x3g
Onbuy Order ID : TQ9NM6
WooCommerce Order ID : 587
Status : Dispatched
Message : Order Created Successfully
---------------------------------------------------------
Date and Time: May 24, 2023, 11:11 am
SKU : XT5x3g
Onbuy Order ID : TQ9NPM
WooCommerce Order ID : 588
Status : Dispatched
Message : Order Created Successfully
---------------------------------------------------------
Date and Time: May 24, 2023, 11:11 am
SKU : XT5x3g
Onbuy Order ID : TQ9NPV
WooCommerce Order ID : 589
Status : Dispatched
Message : Order Created Successfully
---------------------------------------------------------
Date and Time: May 24, 2023, 11:11 am
SKU : XT5x3g
Onbuy Order ID : TQ9NSP
WooCommerce Order ID : 590
Status : Dispatched
Message : Order Created Successfully
---------------------------------------------------------
Date and Time: May 24, 2023, 11:11 am
SKU : XT5x3g
Onbuy Order ID : TQ9NT5
WooCommerce Order ID : 591
Status : Dispatched
Message : Order Created Successfully
---------------------------------------------------------
Date and Time: May 24, 2023, 11:11 am
SKU : XT5x3g
Onbuy Order ID : TQ9NTV
WooCommerce Order ID : 592
Status : Dispatched
Message : Order Created Successfully
---------------------------------------------------------
Date and Time: May 24, 2023, 11:11 am
SKU : XT5x3g
Onbuy Order ID : TQ9NWH
WooCommerce Order ID : 593
Status : Dispatched
Message : Order Created Successfully
---------------------------------------------------------
Date and Time: May 24, 2023, 11:11 am
SKU : XT5x3g
Onbuy Order ID : TQ9NXK
WooCommerce Order ID : 594
Status : Dispatched
Message : Order Created Successfully
---------------------------------------------------------
Date and Time: May 24, 2023, 11:11 am
SKU : XT5x3g
Onbuy Order ID : TQ9NZS
WooCommerce Order ID : 595
Status : Dispatched
Message : Order Created Successfully
---------------------------------------------------------
Date and Time: May 24, 2023, 11:11 am
SKU : XT5x3g
Onbuy Order ID : TQ9P6K
WooCommerce Order ID : 596
Status : Dispatched
Message : Order Created Successfully
---------------------------------------------------------
Date and Time: May 24, 2023, 11:11 am
SKU : XT5x3g
Onbuy Order ID : TQ9P8V
WooCommerce Order ID : 597
Status : Dispatched
Message : Order Created Successfully
---------------------------------------------------------
Date and Time: May 24, 2023, 11:11 am
SKU : XT5x3g
Onbuy Order ID : TQ9P97
WooCommerce Order ID : 598
Status : Dispatched
Message : Order Created Successfully
---------------------------------------------------------
Date and Time: May 24, 2023, 11:11 am
SKU : XT5x3g
Onbuy Order ID : TQ9P9Q
WooCommerce Order ID : 599
Status : Dispatched
Message : Order Created Successfully
---------------------------------------------------------
Date and Time: May 24, 2023, 11:11 am
SKU : XT5x3g
Onbuy Order ID : TQ9PBC
WooCommerce Order ID : 600
Status : Dispatched
Message : Order Created Successfully
---------------------------------------------------------
Date and Time: May 24, 2023, 11:11 am
SKU : XT5x3g
Onbuy Order ID : TQ9PCC
WooCommerce Order ID : 601
Status : Dispatched
Message : Order Created Successfully
---------------------------------------------------------
Date and Time: May 24, 2023, 11:11 am
SKU : XT5x3g
Onbuy Order ID : TQ9PCV
WooCommerce Order ID : 602
Status : Dispatched
Message : Order Created Successfully
---------------------------------------------------------
Date and Time: May 24, 2023, 11:12 am
SKU : XT5x3g
Onbuy Order ID : TQ9PCZ
WooCommerce Order ID : 603
Status : Dispatched
Message : Order Created Successfully
---------------------------------------------------------
Date and Time: May 24, 2023, 11:12 am
SKU : XT5x3g
Onbuy Order ID : TQ9PDF
WooCommerce Order ID : 604
Status : Dispatched
Message : Order Created Successfully
---------------------------------------------------------
Date and Time: May 24, 2023, 11:12 am
SKU : XT5x3g
Onbuy Order ID : TQ9PDK
WooCommerce Order ID : 605
Status : Dispatched
Message : Order Created Successfully
---------------------------------------------------------
Date and Time: May 24, 2023, 11:12 am
SKU : XT5x3g
Onbuy Order ID : TQ9PFB
WooCommerce Order ID : 606
Status : Dispatched
Message : Order Created Successfully
---------------------------------------------------------
Date and Time: May 24, 2023, 11:32 am
SKU : XT5x3g
Onbuy Order ID : TXWK98
WooCommerce Order ID : 607
Status : Awaiting Dispatch
Message : Order Created Successfully
---------------------------------------------------------
Date and Time: May 24, 2023, 11:32 am
SKU : XT5x3g
Onbuy Order ID : TXWKCC
WooCommerce Order ID : 608
Status : Awaiting Dispatch
Message : Order Created Successfully
---------------------------------------------------------
Date and Time: May 24, 2023, 11:32 am
SKU : XT5x3g
Onbuy Order ID : TQ9PFY
WooCommerce Order ID : 609
Status : Dispatched
Message : Order Created Successfully
---------------------------------------------------------
Date and Time: May 24, 2023, 11:32 am
SKU : XT5x3g
Onbuy Order ID : TQ9PGZ
WooCommerce Order ID : 610
Status : Dispatched
Message : Order Created Successfully
---------------------------------------------------------
Date and Time: May 24, 2023, 11:32 am
SKU : XT5x3g
Onbuy Order ID : TQ9PJC
WooCommerce Order ID : 611
Status : Dispatched
Message : Order Created Successfully
---------------------------------------------------------
Date and Time: May 24, 2023, 11:32 am
SKU : XT5x3g
Onbuy Order ID : TQ9PK6
WooCommerce Order ID : 612
Status : Dispatched
Message : Order Created Successfully
---------------------------------------------------------
Date and Time: May 24, 2023, 11:32 am
SKU : XT5x3g
Onbuy Order ID : TQ9PM6
WooCommerce Order ID : 613
Status : Dispatched
Message : Order Created Successfully
---------------------------------------------------------
Date and Time: May 24, 2023, 11:32 am
SKU : XT5x3g
Onbuy Order ID : TQ9PMF
WooCommerce Order ID : 614
Status : Dispatched
Message : Order Created Successfully
---------------------------------------------------------
Date and Time: May 24, 2023, 11:32 am
SKU : XT5x3g
Onbuy Order ID : TQ9PMX
WooCommerce Order ID : 615
Status : Dispatched
Message : Order Created Successfully
---------------------------------------------------------
Date and Time: May 24, 2023, 11:32 am
SKU : XT5x3g
Onbuy Order ID : TQ9PN7
WooCommerce Order ID : 616
Status : Dispatched
Message : Order Created Successfully
---------------------------------------------------------
Date and Time: May 24, 2023, 11:32 am
SKU : XT5x3g
Onbuy Order ID : TQ9PPH
WooCommerce Order ID : 617
Status : Dispatched
Message : Order Created Successfully
---------------------------------------------------------
Date and Time: May 24, 2023, 11:32 am
SKU : XT5x3g
Onbuy Order ID : TQ9PTG
WooCommerce Order ID : 618
Status : Dispatched
Message : Order Created Successfully
---------------------------------------------------------
Date and Time: May 24, 2023, 11:32 am
SKU : XT5x3g
Onbuy Order ID : TQ9PVQ
WooCommerce Order ID : 619
Status : Dispatched
Message : Order Created Successfully
---------------------------------------------------------
Date and Time: May 24, 2023, 11:32 am
SKU : XT5x3g
Onbuy Order ID : TQ9PWS
WooCommerce Order ID : 620
Status : Dispatched
Message : Order Created Successfully
---------------------------------------------------------
Date and Time: May 24, 2023, 11:33 am
SKU : XT5x3g
Onbuy Order ID : TQ9Q27
WooCommerce Order ID : 621
Status : Dispatched
Message : Order Created Successfully
---------------------------------------------------------
Date and Time: May 24, 2023, 11:33 am
SKU : XT5x3g
Onbuy Order ID : TQ9Q2T
WooCommerce Order ID : 622
Status : Dispatched
Message : Order Created Successfully
---------------------------------------------------------
Date and Time: May 24, 2023, 11:33 am
SKU : XT5x3g
Onbuy Order ID : TQ9Q56
WooCommerce Order ID : 623
Status : Dispatched
Message : Order Created Successfully
---------------------------------------------------------
Date and Time: May 24, 2023, 11:33 am
SKU : XT5x3g
Onbuy Order ID : TQ9Q98
WooCommerce Order ID : 624
Status : Dispatched
Message : Order Created Successfully
---------------------------------------------------------
Date and Time: May 24, 2023, 11:33 am
SKU : XT5x3g
Onbuy Order ID : TQ9QDB
WooCommerce Order ID : 625
Status : Dispatched
Message : Order Created Successfully
---------------------------------------------------------
Date and Time: May 24, 2023, 11:33 am
SKU : XT5x3g
Onbuy Order ID : TQ9QGS
WooCommerce Order ID : 626
Status : Dispatched
Message : Order Created Successfully
---------------------------------------------------------
Date and Time: May 24, 2023, 11:33 am
SKU : XT5x3g
Onbuy Order ID : TQ9QKK
WooCommerce Order ID : 627
Status : Dispatched
Message : Order Created Successfully
---------------------------------------------------------
Date and Time: May 24, 2023, 11:33 am
SKU : XT5x3g
Onbuy Order ID : TQ9QQD
WooCommerce Order ID : 628
Status : Dispatched
Message : Order Created Successfully
---------------------------------------------------------
Date and Time: May 24, 2023, 11:33 am
SKU : XT5x3g
Onbuy Order ID : TQ9QYN
WooCommerce Order ID : 629
Status : Dispatched
Message : Order Created Successfully
---------------------------------------------------------
Date and Time: May 24, 2023, 11:33 am
SKU : XT5x3g
Onbuy Order ID : TQ9QZS
WooCommerce Order ID : 630
Status : Dispatched
Message : Order Created Successfully
---------------------------------------------------------
Date and Time: May 24, 2023, 11:33 am
SKU : XT5x3g
Onbuy Order ID : TQ9R9B
WooCommerce Order ID : 631
Status : Dispatched
Message : Order Created Successfully
---------------------------------------------------------
Date and Time: May 24, 2023, 11:33 am
SKU : XT5x3g
Onbuy Order ID : TQ9R9X
WooCommerce Order ID : 632
Status : Dispatched
Message : Order Created Successfully
---------------------------------------------------------
Date and Time: May 24, 2023, 11:33 am
SKU : XT5x3g
Onbuy Order ID : TQ9RBX
WooCommerce Order ID : 633
Status : Dispatched
Message : Order Created Successfully
---------------------------------------------------------
Date and Time: May 24, 2023, 11:33 am
SKU : XT5x3g
Onbuy Order ID : TQ9RC2
WooCommerce Order ID : 634
Status : Dispatched
Message : Order Created Successfully
---------------------------------------------------------
Date and Time: May 24, 2023, 11:33 am
SKU : XT5x3g
Onbuy Order ID : TQ9RCX
WooCommerce Order ID : 635
Status : Dispatched
Message : Order Created Successfully
---------------------------------------------------------
Date and Time: May 24, 2023, 11:33 am
SKU : XT5x3g
Onbuy Order ID : TQ9RDR
WooCommerce Order ID : 636
Status : Dispatched
Message : Order Created Successfully
---------------------------------------------------------
Date and Time: May 24, 2023, 11:33 am
SKU : XT5x3g
Onbuy Order ID : TQ9RHX
WooCommerce Order ID : 637
Status : Dispatched
Message : Order Created Successfully
---------------------------------------------------------
Date and Time: May 24, 2023, 11:33 am
SKU : XT5x3g
Onbuy Order ID : TQ9RK8
WooCommerce Order ID : 638
Status : Dispatched
Message : Order Created Successfully
---------------------------------------------------------
Date and Time: May 24, 2023, 11:33 am
SKU : XT5x3g
Onbuy Order ID : TQ9RTM
WooCommerce Order ID : 639
Status : Dispatched
Message : Order Created Successfully
---------------------------------------------------------
Date and Time: May 24, 2023, 11:33 am
SKU : XT5x3g
Onbuy Order ID : TQ9RWZ
WooCommerce Order ID : 640
Status : Dispatched
Message : Order Created Successfully
---------------------------------------------------------
Date and Time: May 24, 2023, 11:33 am
SKU : XT5x3g
Onbuy Order ID : TQ9RXF
WooCommerce Order ID : 641
Status : Dispatched
Message : Order Created Successfully
---------------------------------------------------------
Date and Time: May 24, 2023, 11:33 am
SKU : XT5x3g
Onbuy Order ID : TQ9RXP
WooCommerce Order ID : 642
Status : Dispatched
Message : Order Created Successfully
---------------------------------------------------------
Date and Time: May 24, 2023, 11:33 am
SKU : XT5x3g
Onbuy Order ID : TQ9RYD
WooCommerce Order ID : 643
Status : Dispatched
Message : Order Created Successfully
---------------------------------------------------------
Date and Time: May 24, 2023, 11:33 am
SKU : XT5x3g
Onbuy Order ID : TQ9RYS
WooCommerce Order ID : 644
Status : Dispatched
Message : Order Created Successfully
---------------------------------------------------------
Date and Time: May 24, 2023, 11:33 am
SKU : XT5x3g
Onbuy Order ID : TQ9S9V
WooCommerce Order ID : 645
Status : Dispatched
Message : Order Created Successfully
---------------------------------------------------------
Date and Time: May 24, 2023, 11:33 am
SKU : XT5x3g
Onbuy Order ID : TQ9SFH
WooCommerce Order ID : 646
Status : Dispatched
Message : Order Created Successfully
---------------------------------------------------------
Date and Time: May 24, 2023, 11:33 am
SKU : XT5x3g
Onbuy Order ID : TQ9SMC
WooCommerce Order ID : 647
Status : Dispatched
Message : Order Created Successfully
---------------------------------------------------------
Date and Time: May 24, 2023, 11:33 am
SKU : XT5x3g
Onbuy Order ID : TQ9SMH
WooCommerce Order ID : 648
Status : Dispatched
Message : Order Created Successfully
---------------------------------------------------------
Date and Time: May 24, 2023, 11:33 am
SKU : XT5x3g
Onbuy Order ID : TQ9SMS
WooCommerce Order ID : 649
Status : Dispatched
Message : Order Created Successfully
---------------------------------------------------------
Date and Time: May 24, 2023, 11:33 am
SKU : XT5x3g
Onbuy Order ID : TQ9SS8
WooCommerce Order ID : 650
Status : Dispatched
Message : Order Created Successfully
---------------------------------------------------------
Date and Time: May 24, 2023, 12:02 pm
SKU : XT5x3g
Onbuy Order ID : TQ9STM
WooCommerce Order ID : 651
Status : Dispatched
Message : Order Created Successfully
---------------------------------------------------------
Date and Time: May 24, 2023, 12:33 pm
SKU : XT5x3g
Onbuy Order ID : TXWM9R
WooCommerce Order ID : 652
Status : Awaiting Dispatch
Message : Order Created Successfully
---------------------------------------------------------
Date and Time: May 24, 2023, 12:33 pm
SKU : XT5x3g
Onbuy Order ID : TXWMBQ
WooCommerce Order ID : 653
Status : Awaiting Dispatch
Message : Order Created Successfully
---------------------------------------------------------
Date and Time: May 24, 2023, 12:33 pm
SKU : XT5x3g
Onbuy Order ID : TQ9YBR
WooCommerce Order ID : 654
Status : Dispatched
Message : Order Created Successfully
---------------------------------------------------------
Date and Time: May 24, 2023, 12:33 pm
SKU : XT5x3g
Onbuy Order ID : TQ9YCF
WooCommerce Order ID : 655
Status : Dispatched
Message : Order Created Successfully
---------------------------------------------------------
Date and Time: May 24, 2023, 12:33 pm
SKU : XT5x3g
Onbuy Order ID : TQ9YCN
WooCommerce Order ID : 656
Status : Dispatched
Message : Order Created Successfully
---------------------------------------------------------
Date and Time: May 24, 2023, 12:33 pm
SKU : XT5x3g
Onbuy Order ID : TQ9YCZ
WooCommerce Order ID : 657
Status : Dispatched
Message : Order Created Successfully
---------------------------------------------------------
Date and Time: May 24, 2023, 12:33 pm
SKU : XT5x3g
Onbuy Order ID : TQ9YDB
WooCommerce Order ID : 658
Status : Dispatched
Message : Order Created Successfully
---------------------------------------------------------
Date and Time: May 24, 2023, 12:33 pm
SKU : XT5x3g
Onbuy Order ID : TQ9YKG
WooCommerce Order ID : 659
Status : Dispatched
Message : Order Created Successfully
---------------------------------------------------------
Date and Time: May 24, 2023, 12:33 pm
SKU : XT5x3g
Onbuy Order ID : TQ9YQX
WooCommerce Order ID : 660
Status : Dispatched
Message : Order Created Successfully
---------------------------------------------------------
Date and Time: May 24, 2023, 12:33 pm
SKU : XT5x3g
Onbuy Order ID : TQ9YSD
WooCommerce Order ID : 661
Status : Dispatched
Message : Order Created Successfully
---------------------------------------------------------
Date and Time: May 24, 2023, 12:33 pm
SKU : XT5x3g
Onbuy Order ID : TQ9YVC
WooCommerce Order ID : 662
Status : Dispatched
Message : Order Created Successfully
---------------------------------------------------------
Date and Time: May 24, 2023, 12:33 pm
SKU : XT5x3g
Onbuy Order ID : TQ9YW8
WooCommerce Order ID : 663
Status : Dispatched
Message : Order Created Successfully
---------------------------------------------------------
Date and Time: May 24, 2023, 12:33 pm
SKU : XT5x3g
Onbuy Order ID : TQ9YZV
WooCommerce Order ID : 664
Status : Dispatched
Message : Order Created Successfully
---------------------------------------------------------
Date and Time: May 24, 2023, 12:33 pm
SKU : XT5x3g
Onbuy Order ID : TQ9Z2G
WooCommerce Order ID : 665
Status : Dispatched
Message : Order Created Successfully
---------------------------------------------------------
Date and Time: May 24, 2023, 12:33 pm
SKU : XT5x3g
Onbuy Order ID : TQ9Z5T
WooCommerce Order ID : 666
Status : Dispatched
Message : Order Created Successfully
---------------------------------------------------------
Date and Time: May 24, 2023, 12:33 pm
SKU : XT5x3g
Onbuy Order ID : TQ9Z8N
WooCommerce Order ID : 667
Status : Dispatched
Message : Order Created Successfully
---------------------------------------------------------
Date and Time: May 24, 2023, 12:33 pm
SKU : XT5x3g
Onbuy Order ID : TQ9ZBF
WooCommerce Order ID : 668
Status : Dispatched
Message : Order Created Successfully
---------------------------------------------------------
Date and Time: May 24, 2023, 12:33 pm
SKU : XT5x3g
Onbuy Order ID : TQ9ZF7
WooCommerce Order ID : 669
Status : Dispatched
Message : Order Created Successfully
---------------------------------------------------------
Date and Time: May 24, 2023, 12:33 pm
SKU : XT5x3g
Onbuy Order ID : TQ9ZG2
WooCommerce Order ID : 670
Status : Dispatched
Message : Order Created Successfully
---------------------------------------------------------
Date and Time: May 24, 2023, 12:33 pm
SKU : XT5x3g
Onbuy Order ID : TQ9ZG9
WooCommerce Order ID : 671
Status : Dispatched
Message : Order Created Successfully
---------------------------------------------------------
Date and Time: May 24, 2023, 12:33 pm
SKU : XT5x3g
Onbuy Order ID : TQ9ZGF
WooCommerce Order ID : 672
Status : Dispatched
Message : Order Created Successfully
---------------------------------------------------------
Date and Time: May 24, 2023, 12:33 pm
SKU : XT5x3g
Onbuy Order ID : TQ9ZJ5
WooCommerce Order ID : 673
Status : Dispatched
Message : Order Created Successfully
---------------------------------------------------------
Date and Time: May 24, 2023, 12:33 pm
SKU : XT5x3g
Onbuy Order ID : TQ9ZR6
WooCommerce Order ID : 674
Status : Dispatched
Message : Order Created Successfully
---------------------------------------------------------
Date and Time: May 24, 2023, 12:33 pm
SKU : XT5x3g
Onbuy Order ID : TQ9ZV6
WooCommerce Order ID : 675
Status : Dispatched
Message : Order Created Successfully
---------------------------------------------------------
Date and Time: May 24, 2023, 12:33 pm
SKU : XT5x3g
Onbuy Order ID : TQ9ZWV
WooCommerce Order ID : 676
Status : Dispatched
Message : Order Created Successfully
---------------------------------------------------------
Date and Time: May 24, 2023, 12:33 pm
SKU : XT5x3g
Onbuy Order ID : TQ9ZY2
WooCommerce Order ID : 677
Status : Dispatched
Message : Order Created Successfully
---------------------------------------------------------
Date and Time: May 24, 2023, 12:33 pm
SKU : XT5x3g
Onbuy Order ID : TQB229
WooCommerce Order ID : 678
Status : Dispatched
Message : Order Created Successfully
---------------------------------------------------------
Date and Time: May 24, 2023, 12:33 pm
SKU : XT5x3g
Onbuy Order ID : TQB252
WooCommerce Order ID : 679
Status : Dispatched
Message : Order Created Successfully
---------------------------------------------------------
Date and Time: May 24, 2023, 12:33 pm
SKU : XT5x3g
Onbuy Order ID : TQB28Q
WooCommerce Order ID : 680
Status : Dispatched
Message : Order Created Successfully
---------------------------------------------------------
Date and Time: May 24, 2023, 12:33 pm
SKU : XT5x3g
Onbuy Order ID : TQB2K2
WooCommerce Order ID : 681
Status : Dispatched
Message : Order Created Successfully
---------------------------------------------------------
Date and Time: May 24, 2023, 12:33 pm
SKU : XT5x3g
Onbuy Order ID : TQB2NS
WooCommerce Order ID : 682
Status : Dispatched
Message : Order Created Successfully
---------------------------------------------------------
Date and Time: May 24, 2023, 12:33 pm
SKU : XT5x3g
Onbuy Order ID : TQB2QG
WooCommerce Order ID : 683
Status : Dispatched
Message : Order Created Successfully
---------------------------------------------------------
Date and Time: May 24, 2023, 12:33 pm
SKU : XT5x3g
Onbuy Order ID : TQB2TM
WooCommerce Order ID : 684
Status : Dispatched
Message : Order Created Successfully
---------------------------------------------------------
Date and Time: May 24, 2023, 12:33 pm
SKU : XT5x3g
Onbuy Order ID : TQB2YD
WooCommerce Order ID : 685
Status : Dispatched
Message : Order Created Successfully
---------------------------------------------------------
Date and Time: May 24, 2023, 12:33 pm
SKU : XT5x3g
Onbuy Order ID : TQB2YH
WooCommerce Order ID : 686
Status : Dispatched
Message : Order Created Successfully
---------------------------------------------------------
Date and Time: May 24, 2023, 12:33 pm
SKU : XT5x3g
Onbuy Order ID : TQB55P
WooCommerce Order ID : 687
Status : Dispatched
Message : Order Created Successfully
---------------------------------------------------------
Date and Time: May 24, 2023, 12:33 pm
SKU : XT5x3g
Onbuy Order ID : TQB58B
WooCommerce Order ID : 688
Status : Dispatched
Message : Order Created Successfully
---------------------------------------------------------
Date and Time: May 24, 2023, 12:33 pm
SKU : XT5x3g
Onbuy Order ID : TQB5GS
WooCommerce Order ID : 689
Status : Dispatched
Message : Order Created Successfully
---------------------------------------------------------
Date and Time: May 24, 2023, 12:33 pm
SKU : XT5x3g
Onbuy Order ID : TQB5HB
WooCommerce Order ID : 690
Status : Dispatched
Message : Order Created Successfully
---------------------------------------------------------
Date and Time: May 24, 2023, 12:33 pm
SKU : XT5x3g
Onbuy Order ID : TQB5HS
WooCommerce Order ID : 691
Status : Dispatched
Message : Order Created Successfully
---------------------------------------------------------
Date and Time: May 24, 2023, 12:33 pm
SKU : XT5x3g
Onbuy Order ID : TQB5MQ
WooCommerce Order ID : 692
Status : Dispatched
Message : Order Created Successfully
---------------------------------------------------------
Date and Time: May 24, 2023, 12:33 pm
SKU : XT5x3g
Onbuy Order ID : TQB5Q2
WooCommerce Order ID : 693
Status : Dispatched
Message : Order Created Successfully
---------------------------------------------------------
