Date and Time: May 17, 2023, 7:08 am
SKU : XT5x3g
Onbuy Order ID : TPXSQQ
WooCommerce Order ID : 57
Status : Dispatched
Message : Order Created Successfully
---------------------------------------------------------
Date and Time: May 17, 2023, 7:08 am
SKU : XT5x3g
Onbuy Order ID : TPXSRP
WooCommerce Order ID : 58
Status : Dispatched
Message : Order Created Successfully
---------------------------------------------------------
Date and Time: May 17, 2023, 7:08 am
SKU : XT5x3g
Onbuy Order ID : TPXSSB
WooCommerce Order ID : 59
Status : Dispatched
Message : Order Created Successfully
---------------------------------------------------------
Date and Time: May 17, 2023, 7:08 am
SKU : XT5x3g
Onbuy Order ID : TPXSSV
WooCommerce Order ID : 60
Status : Dispatched
Message : Order Created Successfully
---------------------------------------------------------
Date and Time: May 17, 2023, 7:08 am
SKU : XT5x3g
Onbuy Order ID : TPXSTM
WooCommerce Order ID : 61
Status : Dispatched
Message : Order Created Successfully
---------------------------------------------------------
Date and Time: May 17, 2023, 7:08 am
SKU : XT5x3g
Onbuy Order ID : TPXSTQ
WooCommerce Order ID : 62
Status : Dispatched
Message : Order Created Successfully
---------------------------------------------------------
Date and Time: May 17, 2023, 7:08 am
SKU : XT5x3g
Onbuy Order ID : TPXSVG
WooCommerce Order ID : 63
Status : Dispatched
Message : Order Created Successfully
---------------------------------------------------------
Date and Time: May 17, 2023, 7:08 am
SKU : XT5x3g
Onbuy Order ID : TPXSWV
WooCommerce Order ID : 64
Status : Dispatched
Message : Order Created Successfully
---------------------------------------------------------
Date and Time: May 17, 2023, 7:08 am
SKU : XT5x3g
Onbuy Order ID : TPXSXP
WooCommerce Order ID : 65
Status : Dispatched
Message : Order Created Successfully
---------------------------------------------------------
Date and Time: May 17, 2023, 7:08 am
SKU : XT5x3g
Onbuy Order ID : TPXSXQ
WooCommerce Order ID : 66
Status : Dispatched
Message : Order Created Successfully
---------------------------------------------------------
Date and Time: May 17, 2023, 7:08 am
SKU : XT5x3g
Onbuy Order ID : TPXSXY
WooCommerce Order ID : 67
Status : Dispatched
Message : Order Created Successfully
---------------------------------------------------------
Date and Time: May 17, 2023, 7:08 am
SKU : XT5x3g
Onbuy Order ID : TPXSYJ
WooCommerce Order ID : 68
Status : Dispatched
Message : Order Created Successfully
---------------------------------------------------------
Date and Time: May 17, 2023, 7:08 am
SKU : XT5x3g
Onbuy Order ID : TPXSZV
WooCommerce Order ID : 69
Status : Dispatched
Message : Order Created Successfully
---------------------------------------------------------
Date and Time: May 17, 2023, 7:08 am
SKU : XT5x3g
Onbuy Order ID : TPXT2W
WooCommerce Order ID : 70
Status : Dispatched
Message : Order Created Successfully
---------------------------------------------------------
Date and Time: May 17, 2023, 7:08 am
SKU : XT5x3g
Onbuy Order ID : TPXT2X
WooCommerce Order ID : 71
Status : Dispatched
Message : Order Created Successfully
---------------------------------------------------------
Date and Time: May 17, 2023, 7:08 am
SKU : XT5x3g
Onbuy Order ID : TPXT5N
WooCommerce Order ID : 72
Status : Dispatched
Message : Order Created Successfully
---------------------------------------------------------
Date and Time: May 17, 2023, 7:08 am
SKU : XT5x3g
Onbuy Order ID : TPXT5V
WooCommerce Order ID : 73
Status : Dispatched
Message : Order Created Successfully
---------------------------------------------------------
Date and Time: May 17, 2023, 7:08 am
SKU : XT5x3g
Onbuy Order ID : TPXT6D
WooCommerce Order ID : 74
Status : Dispatched
Message : Order Created Successfully
---------------------------------------------------------
Date and Time: May 17, 2023, 7:08 am
SKU : XT5x3g
Onbuy Order ID : TPXT6X
WooCommerce Order ID : 75
Status : Dispatched
Message : Order Created Successfully
---------------------------------------------------------
Date and Time: May 17, 2023, 7:08 am
SKU : XT5x3g
Onbuy Order ID : TPXT7X
WooCommerce Order ID : 76
Status : Dispatched
Message : Order Created Successfully
---------------------------------------------------------
Date and Time: May 17, 2023, 7:08 am
SKU : XT5x3g
Onbuy Order ID : TPXT8P
WooCommerce Order ID : 77
Status : Dispatched
Message : Order Created Successfully
---------------------------------------------------------
Date and Time: May 17, 2023, 7:08 am
SKU : XT5x3g
Onbuy Order ID : TPXT8X
WooCommerce Order ID : 78
Status : Dispatched
Message : Order Created Successfully
---------------------------------------------------------
Date and Time: May 17, 2023, 7:08 am
SKU : XT5x3g
Onbuy Order ID : TPXT9H
WooCommerce Order ID : 79
Status : Dispatched
Message : Order Created Successfully
---------------------------------------------------------
Date and Time: May 17, 2023, 7:08 am
SKU : XT5x3g
Onbuy Order ID : TPXTB5
WooCommerce Order ID : 80
Status : Dispatched
Message : Order Created Successfully
---------------------------------------------------------
Date and Time: May 17, 2023, 7:08 am
SKU : XT5x3g
Onbuy Order ID : TPXTC6
WooCommerce Order ID : 81
Status : Dispatched
Message : Order Created Successfully
---------------------------------------------------------
Date and Time: May 17, 2023, 7:08 am
SKU : XT5x3g
Onbuy Order ID : TPXTCQ
WooCommerce Order ID : 82
Status : Dispatched
Message : Order Created Successfully
---------------------------------------------------------
Date and Time: May 17, 2023, 7:08 am
SKU : XT5x3g
Onbuy Order ID : TPXTD6
WooCommerce Order ID : 83
Status : Dispatched
Message : Order Created Successfully
---------------------------------------------------------
Date and Time: May 17, 2023, 7:08 am
SKU : XT5x3g
Onbuy Order ID : TPXTD8
WooCommerce Order ID : 84
Status : Dispatched
Message : Order Created Successfully
---------------------------------------------------------
Date and Time: May 17, 2023, 7:08 am
SKU : XT5x3g
Onbuy Order ID : TPXTFG
WooCommerce Order ID : 85
Status : Dispatched
Message : Order Created Successfully
---------------------------------------------------------
Date and Time: May 17, 2023, 7:09 am
SKU : XT5x3g
Onbuy Order ID : TPXTFS
WooCommerce Order ID : 86
Status : Dispatched
Message : Order Created Successfully
---------------------------------------------------------
Date and Time: May 17, 2023, 7:09 am
SKU : XT5x3g
Onbuy Order ID : TPXTFT
WooCommerce Order ID : 87
Status : Dispatched
Message : Order Created Successfully
---------------------------------------------------------
Date and Time: May 17, 2023, 7:09 am
SKU : XT5x3g
Onbuy Order ID : TPXTFX
WooCommerce Order ID : 88
Status : Dispatched
Message : Order Created Successfully
---------------------------------------------------------
Date and Time: May 17, 2023, 7:09 am
SKU : XT5x3g
Onbuy Order ID : TPXTHM
WooCommerce Order ID : 89
Status : Dispatched
Message : Order Created Successfully
---------------------------------------------------------
Date and Time: May 17, 2023, 7:09 am
SKU : XT5x3g
Onbuy Order ID : TPXTJ5
WooCommerce Order ID : 90
Status : Dispatched
Message : Order Created Successfully
---------------------------------------------------------
Date and Time: May 17, 2023, 7:09 am
SKU : XT5x3g
Onbuy Order ID : TPXTJ6
WooCommerce Order ID : 91
Status : Dispatched
Message : Order Created Successfully
---------------------------------------------------------
Date and Time: May 17, 2023, 7:09 am
SKU : XT5x3g
Onbuy Order ID : TPXTJW
WooCommerce Order ID : 92
Status : Dispatched
Message : Order Created Successfully
---------------------------------------------------------
Date and Time: May 17, 2023, 7:09 am
SKU : XT5x3g
Onbuy Order ID : TPXTMN
WooCommerce Order ID : 93
Status : Dispatched
Message : Order Created Successfully
---------------------------------------------------------
Date and Time: May 17, 2023, 7:09 am
SKU : XT5x3g
Onbuy Order ID : TPXTN5
WooCommerce Order ID : 94
Status : Dispatched
Message : Order Created Successfully
---------------------------------------------------------
Date and Time: May 17, 2023, 7:09 am
SKU : XT5x3g
Onbuy Order ID : TPXTPJ
WooCommerce Order ID : 95
Status : Dispatched
Message : Order Created Successfully
---------------------------------------------------------
Date and Time: May 17, 2023, 7:09 am
SKU : XT5x3g
Onbuy Order ID : TPXTPT
WooCommerce Order ID : 96
Status : Dispatched
Message : Order Created Successfully
---------------------------------------------------------
Date and Time: May 17, 2023, 7:09 am
SKU : XT5x3g
Onbuy Order ID : TPXTPV
WooCommerce Order ID : 97
Status : Dispatched
Message : Order Created Successfully
---------------------------------------------------------
Date and Time: May 17, 2023, 7:09 am
SKU : XT5x3g
Onbuy Order ID : TPXTQ7
WooCommerce Order ID : 98
Status : Dispatched
Message : Order Created Successfully
---------------------------------------------------------
Date and Time: May 17, 2023, 7:09 am
SKU : XT5x3g
Onbuy Order ID : TPXTRH
WooCommerce Order ID : 99
Status : Dispatched
Message : Order Created Successfully
---------------------------------------------------------
Date and Time: May 17, 2023, 7:09 am
SKU : XT5x3g
Onbuy Order ID : TPXTRX
WooCommerce Order ID : 100
Status : Dispatched
Message : Order Created Successfully
---------------------------------------------------------
Date and Time: May 17, 2023, 7:09 am
SKU : XT5x3g
Onbuy Order ID : TPXTS2
WooCommerce Order ID : 101
Status : Dispatched
Message : Order Created Successfully
---------------------------------------------------------
Date and Time: May 17, 2023, 7:09 am
SKU : XT5x3g
Onbuy Order ID : TPXTSB
WooCommerce Order ID : 102
Status : Dispatched
Message : Order Created Successfully
---------------------------------------------------------
Date and Time: May 17, 2023, 7:09 am
SKU : XT5x3g
Onbuy Order ID : TPXTSM
WooCommerce Order ID : 103
Status : Dispatched
Message : Order Created Successfully
---------------------------------------------------------
Date and Time: May 17, 2023, 7:09 am
SKU : XT5x3g
Onbuy Order ID : TPXTT2
WooCommerce Order ID : 104
Status : Dispatched
Message : Order Created Successfully
---------------------------------------------------------
Date and Time: May 17, 2023, 7:09 am
SKU : XT5x3g
Onbuy Order ID : TPXTTC
WooCommerce Order ID : 105
Status : Dispatched
Message : Order Created Successfully
---------------------------------------------------------
Date and Time: May 17, 2023, 7:09 am
SKU : XT5x3g
Onbuy Order ID : TPXTTD
WooCommerce Order ID : 106
Status : Dispatched
Message : Order Created Successfully
---------------------------------------------------------
Date and Time: May 17, 2023, 7:09 am
SKU : XT5x3g
Onbuy Order ID : TPXTTM
WooCommerce Order ID : 107
Status : Dispatched
Message : Order Created Successfully
---------------------------------------------------------
Date and Time: May 17, 2023, 7:09 am
SKU : XT5x3g
Onbuy Order ID : TPXTTP
WooCommerce Order ID : 108
Status : Dispatched
Message : Order Created Successfully
---------------------------------------------------------
Date and Time: May 17, 2023, 7:09 am
SKU : XT5x3g
Onbuy Order ID : TPXTTV
WooCommerce Order ID : 109
Status : Dispatched
Message : Order Created Successfully
---------------------------------------------------------
Date and Time: May 17, 2023, 7:09 am
SKU : XT5x3g
Onbuy Order ID : TPXTTX
WooCommerce Order ID : 110
Status : Dispatched
Message : Order Created Successfully
---------------------------------------------------------
Date and Time: May 17, 2023, 7:09 am
SKU : XT5x3g
Onbuy Order ID : TPXTV9
WooCommerce Order ID : 111
Status : Dispatched
Message : Order Created Successfully
---------------------------------------------------------
Date and Time: May 17, 2023, 7:10 am
SKU : XT5x3g
Onbuy Order ID : TPXWDP
WooCommerce Order ID : 112
Status : Dispatched
Message : Order Created Successfully
---------------------------------------------------------
Date and Time: May 17, 2023, 7:10 am
SKU : XT5x3g
Onbuy Order ID : TPXWF8
WooCommerce Order ID : 113
Status : Dispatched
Message : Order Created Successfully
---------------------------------------------------------
Date and Time: May 17, 2023, 7:10 am
SKU : XT5x3g
Onbuy Order ID : TPXWFC
WooCommerce Order ID : 114
Status : Dispatched
Message : Order Created Successfully
---------------------------------------------------------
Date and Time: May 17, 2023, 7:10 am
SKU : XT5x3g
Onbuy Order ID : TPXWG7
WooCommerce Order ID : 115
Status : Dispatched
Message : Order Created Successfully
---------------------------------------------------------
Date and Time: May 17, 2023, 7:10 am
SKU : XT5x3g
Onbuy Order ID : TPXWGH
WooCommerce Order ID : 116
Status : Dispatched
Message : Order Created Successfully
---------------------------------------------------------
Date and Time: May 17, 2023, 7:10 am
SKU : XT5x3g
Onbuy Order ID : TPXWGX
WooCommerce Order ID : 117
Status : Dispatched
Message : Order Created Successfully
---------------------------------------------------------
Date and Time: May 17, 2023, 7:10 am
SKU : XT5x3g
Onbuy Order ID : TPXWHD
WooCommerce Order ID : 118
Status : Dispatched
Message : Order Created Successfully
---------------------------------------------------------
Date and Time: May 17, 2023, 7:10 am
SKU : XT5x3g
Onbuy Order ID : TPXWHQ
WooCommerce Order ID : 119
Status : Dispatched
Message : Order Created Successfully
---------------------------------------------------------
Date and Time: May 17, 2023, 7:10 am
SKU : XT5x3g
Onbuy Order ID : TPXWHZ
WooCommerce Order ID : 120
Status : Dispatched
Message : Order Created Successfully
---------------------------------------------------------
Date and Time: May 17, 2023, 7:10 am
SKU : XT5x3g
Onbuy Order ID : TPXWJ7
WooCommerce Order ID : 121
Status : Dispatched
Message : Order Created Successfully
---------------------------------------------------------
Date and Time: May 17, 2023, 7:10 am
SKU : XT5x3g
Onbuy Order ID : TPXWJJ
WooCommerce Order ID : 122
Status : Dispatched
Message : Order Created Successfully
---------------------------------------------------------
Date and Time: May 17, 2023, 7:10 am
SKU : XT5x3g
Onbuy Order ID : TPXWJY
WooCommerce Order ID : 123
Status : Dispatched
Message : Order Created Successfully
---------------------------------------------------------
Date and Time: May 17, 2023, 7:10 am
SKU : XT5x3g
Onbuy Order ID : TPXWKM
WooCommerce Order ID : 124
Status : Dispatched
Message : Order Created Successfully
---------------------------------------------------------
Date and Time: May 17, 2023, 7:10 am
SKU : XT5x3g
Onbuy Order ID : TPXWKX
WooCommerce Order ID : 125
Status : Dispatched
Message : Order Created Successfully
---------------------------------------------------------
Date and Time: May 17, 2023, 7:10 am
SKU : XT5x3g
Onbuy Order ID : TPXWM7
WooCommerce Order ID : 126
Status : Dispatched
Message : Order Created Successfully
---------------------------------------------------------
Date and Time: May 17, 2023, 7:10 am
SKU : XT5x3g
Onbuy Order ID : TPXWN6
WooCommerce Order ID : 127
Status : Dispatched
Message : Order Created Successfully
---------------------------------------------------------
Date and Time: May 17, 2023, 7:10 am
SKU : XT5x3g
Onbuy Order ID : TPXWNY
WooCommerce Order ID : 128
Status : Dispatched
Message : Order Created Successfully
---------------------------------------------------------
Date and Time: May 17, 2023, 7:10 am
SKU : XT5x3g
Onbuy Order ID : TPXWPS
WooCommerce Order ID : 129
Status : Dispatched
Message : Order Created Successfully
---------------------------------------------------------
Date and Time: May 17, 2023, 7:10 am
SKU : XT5x3g
Onbuy Order ID : TPXWQG
WooCommerce Order ID : 130
Status : Dispatched
Message : Order Created Successfully
---------------------------------------------------------
Date and Time: May 17, 2023, 7:11 am
SKU : XT5x3g
Onbuy Order ID : TPXWQX
WooCommerce Order ID : 131
Status : Dispatched
Message : Order Created Successfully
---------------------------------------------------------
Date and Time: May 17, 2023, 7:11 am
SKU : XT5x3g
Onbuy Order ID : TPXWRS
WooCommerce Order ID : 132
Status : Dispatched
Message : Order Created Successfully
---------------------------------------------------------
Date and Time: May 17, 2023, 7:11 am
SKU : XT5x3g
Onbuy Order ID : TPXWRY
WooCommerce Order ID : 133
Status : Dispatched
Message : Order Created Successfully
---------------------------------------------------------
Date and Time: May 17, 2023, 7:13 am
SKU : XT5x3g
Onbuy Order ID : TPXX86
WooCommerce Order ID : 134
Status : Dispatched
Message : Order Created Successfully
---------------------------------------------------------
Date and Time: May 17, 2023, 7:13 am
SKU : XT5x3g
Onbuy Order ID : TPXX9K
WooCommerce Order ID : 135
Status : Dispatched
Message : Order Created Successfully
---------------------------------------------------------
Date and Time: May 17, 2023, 7:13 am
SKU : XT5x3g
Onbuy Order ID : TPXX9N
WooCommerce Order ID : 136
Status : Dispatched
Message : Order Created Successfully
---------------------------------------------------------
Date and Time: May 17, 2023, 7:13 am
SKU : XT5x3g
Onbuy Order ID : TPXXBV
WooCommerce Order ID : 137
Status : Dispatched
Message : Order Created Successfully
---------------------------------------------------------
Date and Time: May 17, 2023, 7:13 am
SKU : XT5x3g
Onbuy Order ID : TPXXBY
WooCommerce Order ID : 138
Status : Dispatched
Message : Order Created Successfully
---------------------------------------------------------
Date and Time: May 17, 2023, 7:13 am
SKU : XT5x3g
Onbuy Order ID : TPXXDF
WooCommerce Order ID : 139
Status : Dispatched
Message : Order Created Successfully
---------------------------------------------------------
Date and Time: May 17, 2023, 7:13 am
SKU : XT5x3g
Onbuy Order ID : TPXXDG
WooCommerce Order ID : 140
Status : Dispatched
Message : Order Created Successfully
---------------------------------------------------------
Date and Time: May 17, 2023, 7:13 am
SKU : XT5x3g
Onbuy Order ID : TPXXDZ
WooCommerce Order ID : 141
Status : Dispatched
Message : Order Created Successfully
---------------------------------------------------------
Date and Time: May 17, 2023, 7:13 am
SKU : XT5x3g
Onbuy Order ID : TPXXF9
WooCommerce Order ID : 142
Status : Dispatched
Message : Order Created Successfully
---------------------------------------------------------
Date and Time: May 17, 2023, 7:13 am
SKU : XT5x3g
Onbuy Order ID : TPXXFM
WooCommerce Order ID : 143
Status : Dispatched
Message : Order Created Successfully
---------------------------------------------------------
Date and Time: May 17, 2023, 7:13 am
SKU : XT5x3g
Onbuy Order ID : TPXXFP
WooCommerce Order ID : 144
Status : Dispatched
Message : Order Created Successfully
---------------------------------------------------------
Date and Time: May 17, 2023, 7:13 am
SKU : XT5x3g
Onbuy Order ID : TPXXFS
WooCommerce Order ID : 145
Status : Dispatched
Message : Order Created Successfully
---------------------------------------------------------
Date and Time: May 17, 2023, 7:13 am
SKU : XT5x3g
Onbuy Order ID : TPXXGC
WooCommerce Order ID : 146
Status : Dispatched
Message : Order Created Successfully
---------------------------------------------------------
Date and Time: May 17, 2023, 7:13 am
SKU : XT5x3g
Onbuy Order ID : TPXXGG
WooCommerce Order ID : 147
Status : Dispatched
Message : Order Created Successfully
---------------------------------------------------------
Date and Time: May 17, 2023, 7:13 am
SKU : XT5x3g
Onbuy Order ID : TPXXHM
WooCommerce Order ID : 148
Status : Dispatched
Message : Order Created Successfully
---------------------------------------------------------
Date and Time: May 17, 2023, 7:13 am
SKU : XT5x3g
Onbuy Order ID : TPXXJB
WooCommerce Order ID : 149
Status : Dispatched
Message : Order Created Successfully
---------------------------------------------------------
Date and Time: May 17, 2023, 7:13 am
SKU : XT5x3g
Onbuy Order ID : TPXXJF
WooCommerce Order ID : 150
Status : Dispatched
Message : Order Created Successfully
---------------------------------------------------------
Date and Time: May 17, 2023, 7:13 am
SKU : XT5x3g
Onbuy Order ID : TPXXJH
WooCommerce Order ID : 151
Status : Dispatched
Message : Order Created Successfully
---------------------------------------------------------
Date and Time: May 17, 2023, 7:13 am
SKU : XT5x3g
Onbuy Order ID : TPXXJZ
WooCommerce Order ID : 152
Status : Dispatched
Message : Order Created Successfully
---------------------------------------------------------
Date and Time: May 17, 2023, 7:13 am
SKU : XT5x3g
Onbuy Order ID : TPXXKJ
WooCommerce Order ID : 153
Status : Dispatched
Message : Order Created Successfully
---------------------------------------------------------
Date and Time: May 17, 2023, 7:13 am
SKU : XT5x3g
Onbuy Order ID : TPXXMQ
WooCommerce Order ID : 154
Status : Dispatched
Message : Order Created Successfully
---------------------------------------------------------
Date and Time: May 17, 2023, 7:13 am
SKU : XT5x3g
Onbuy Order ID : TPXXNF
WooCommerce Order ID : 155
Status : Dispatched
Message : Order Created Successfully
---------------------------------------------------------
Date and Time: May 17, 2023, 7:13 am
SKU : XT5x3g
Onbuy Order ID : TPXXNG
WooCommerce Order ID : 156
Status : Dispatched
Message : Order Created Successfully
---------------------------------------------------------
Date and Time: May 17, 2023, 7:13 am
SKU : XT5x3g
Onbuy Order ID : TPXXNQ
WooCommerce Order ID : 157
Status : Dispatched
Message : Order Created Successfully
---------------------------------------------------------
Date and Time: May 17, 2023, 7:13 am
SKU : XT5x3g
Onbuy Order ID : TPXXNX
WooCommerce Order ID : 158
Status : Dispatched
Message : Order Created Successfully
---------------------------------------------------------
Date and Time: May 17, 2023, 7:13 am
SKU : XT5x3g
Onbuy Order ID : TPXXP7
WooCommerce Order ID : 159
Status : Dispatched
Message : Order Created Successfully
---------------------------------------------------------
Date and Time: May 17, 2023, 7:13 am
SKU : XT5x3g
Onbuy Order ID : TPXXPB
WooCommerce Order ID : 160
Status : Dispatched
Message : Order Created Successfully
---------------------------------------------------------
Date and Time: May 17, 2023, 7:13 am
SKU : XT5x3g
Onbuy Order ID : TPXXQD
WooCommerce Order ID : 161
Status : Dispatched
Message : Order Created Successfully
---------------------------------------------------------
Date and Time: May 17, 2023, 7:13 am
SKU : XT5x3g
Onbuy Order ID : TPXXQS
WooCommerce Order ID : 162
Status : Dispatched
Message : Order Created Successfully
---------------------------------------------------------
Date and Time: May 17, 2023, 7:13 am
SKU : XT5x3g
Onbuy Order ID : TPXXRS
WooCommerce Order ID : 163
Status : Dispatched
Message : Order Created Successfully
---------------------------------------------------------
Date and Time: May 17, 2023, 7:13 am
SKU : XT5x3g
Onbuy Order ID : TPXXRV
WooCommerce Order ID : 164
Status : Dispatched
Message : Order Created Successfully
---------------------------------------------------------
Date and Time: May 17, 2023, 7:13 am
SKU : XT5x3g
Onbuy Order ID : TPXXS5
WooCommerce Order ID : 165
Status : Dispatched
Message : Order Created Successfully
---------------------------------------------------------
Date and Time: May 17, 2023, 7:13 am
SKU : XT5x3g
Onbuy Order ID : TPXXS8
WooCommerce Order ID : 166
Status : Dispatched
Message : Order Created Successfully
---------------------------------------------------------
Date and Time: May 17, 2023, 7:13 am
SKU : XT5x3g
Onbuy Order ID : TPXXSC
WooCommerce Order ID : 167
Status : Dispatched
Message : Order Created Successfully
---------------------------------------------------------
Date and Time: May 17, 2023, 7:13 am
SKU : XT5x3g
Onbuy Order ID : TPXXT6
WooCommerce Order ID : 168
Status : Dispatched
Message : Order Created Successfully
---------------------------------------------------------
Date and Time: May 17, 2023, 7:13 am
SKU : XT5x3g
Onbuy Order ID : TPXXTZ
WooCommerce Order ID : 169
Status : Dispatched
Message : Order Created Successfully
---------------------------------------------------------
Date and Time: May 17, 2023, 7:13 am
SKU : XT5x3g
Onbuy Order ID : TPXXVP
WooCommerce Order ID : 170
Status : Dispatched
Message : Order Created Successfully
---------------------------------------------------------
Date and Time: May 17, 2023, 7:13 am
SKU : XT5x3g
Onbuy Order ID : TPXXWH
WooCommerce Order ID : 171
Status : Dispatched
Message : Order Created Successfully
---------------------------------------------------------
Date and Time: May 17, 2023, 7:13 am
SKU : XT5x3g
Onbuy Order ID : TPXXWJ
WooCommerce Order ID : 172
Status : Dispatched
Message : Order Created Successfully
---------------------------------------------------------
Date and Time: May 17, 2023, 7:13 am
SKU : XT5x3g
Onbuy Order ID : TPXXWQ
WooCommerce Order ID : 173
Status : Dispatched
Message : Order Created Successfully
---------------------------------------------------------
Date and Time: May 17, 2023, 7:13 am
SKU : XT5x3g
Onbuy Order ID : TPXXX6
WooCommerce Order ID : 174
Status : Dispatched
Message : Order Created Successfully
---------------------------------------------------------
Date and Time: May 17, 2023, 7:13 am
SKU : XT5x3g
Onbuy Order ID : TPXXXN
WooCommerce Order ID : 175
Status : Dispatched
Message : Order Created Successfully
---------------------------------------------------------
Date and Time: May 17, 2023, 7:13 am
SKU : XT5x3g
Onbuy Order ID : TPXXXY
WooCommerce Order ID : 176
Status : Dispatched
Message : Order Created Successfully
---------------------------------------------------------
Date and Time: May 17, 2023, 7:14 am
SKU : XT5x3g
Onbuy Order ID : TPXXYJ
WooCommerce Order ID : 177
Status : Dispatched
Message : Order Created Successfully
---------------------------------------------------------
Date and Time: May 17, 2023, 7:14 am
SKU : XT5x3g
Onbuy Order ID : TPXXYK
WooCommerce Order ID : 178
Status : Dispatched
Message : Order Created Successfully
---------------------------------------------------------
Date and Time: May 17, 2023, 7:14 am
SKU : XT5x3g
Onbuy Order ID : TPXXYP
WooCommerce Order ID : 179
Status : Dispatched
Message : Order Created Successfully
---------------------------------------------------------
Date and Time: May 17, 2023, 7:14 am
SKU : XT5x3g
Onbuy Order ID : TPXXYS
WooCommerce Order ID : 180
Status : Dispatched
Message : Order Created Successfully
---------------------------------------------------------
Date and Time: May 17, 2023, 7:14 am
SKU : XT5x3g
Onbuy Order ID : TPXXZ9
WooCommerce Order ID : 181
Status : Dispatched
Message : Order Created Successfully
---------------------------------------------------------
Date and Time: May 17, 2023, 7:14 am
SKU : XT5x3g
Onbuy Order ID : TPXXZJ
WooCommerce Order ID : 182
Status : Dispatched
Message : Order Created Successfully
---------------------------------------------------------
Date and Time: May 17, 2023, 7:14 am
SKU : XT5x3g
Onbuy Order ID : TPXY26
WooCommerce Order ID : 183
Status : Dispatched
Message : Order Created Successfully
---------------------------------------------------------
Date and Time: May 17, 2023, 7:15 am
SKU : XT5x3g
Onbuy Order ID : TPXY2B
WooCommerce Order ID : 184
Status : Dispatched
Message : Order Created Successfully
---------------------------------------------------------
Date and Time: May 17, 2023, 7:15 am
SKU : XT5x3g
Onbuy Order ID : TPXY2J
WooCommerce Order ID : 185
Status : Dispatched
Message : Order Created Successfully
---------------------------------------------------------
Date and Time: May 17, 2023, 7:15 am
SKU : XT5x3g
Onbuy Order ID : TPXY2Z
WooCommerce Order ID : 186
Status : Dispatched
Message : Order Created Successfully
---------------------------------------------------------
Date and Time: May 17, 2023, 7:15 am
SKU : XT5x3g
Onbuy Order ID : TPXY5B
WooCommerce Order ID : 187
Status : Dispatched
Message : Order Created Successfully
---------------------------------------------------------
Date and Time: May 17, 2023, 7:15 am
SKU : XT5x3g
Onbuy Order ID : TPXY62
WooCommerce Order ID : 188
Status : Dispatched
Message : Order Created Successfully
---------------------------------------------------------
Date and Time: May 17, 2023, 7:15 am
SKU : XT5x3g
Onbuy Order ID : TPXY66
WooCommerce Order ID : 189
Status : Dispatched
Message : Order Created Successfully
---------------------------------------------------------
Date and Time: May 17, 2023, 7:15 am
SKU : XT5x3g
Onbuy Order ID : TPXY69
WooCommerce Order ID : 190
Status : Dispatched
Message : Order Created Successfully
---------------------------------------------------------
Date and Time: May 17, 2023, 7:15 am
SKU : XT5x3g
Onbuy Order ID : TPXY6B
WooCommerce Order ID : 191
Status : Dispatched
Message : Order Created Successfully
---------------------------------------------------------
Date and Time: May 17, 2023, 7:15 am
SKU : XT5x3g
Onbuy Order ID : TPXY6F
WooCommerce Order ID : 192
Status : Dispatched
Message : Order Created Successfully
---------------------------------------------------------
Date and Time: May 17, 2023, 7:15 am
SKU : XT5x3g
Onbuy Order ID : TPXY6V
WooCommerce Order ID : 193
Status : Dispatched
Message : Order Created Successfully
---------------------------------------------------------
Date and Time: May 17, 2023, 7:15 am
SKU : XT5x3g
Onbuy Order ID : TPXY6Z
WooCommerce Order ID : 194
Status : Dispatched
Message : Order Created Successfully
---------------------------------------------------------
Date and Time: May 17, 2023, 7:15 am
SKU : XT5x3g
Onbuy Order ID : TPXY72
WooCommerce Order ID : 195
Status : Dispatched
Message : Order Created Successfully
---------------------------------------------------------
Date and Time: May 17, 2023, 7:15 am
SKU : XT5x3g
Onbuy Order ID : TPXY75
WooCommerce Order ID : 196
Status : Dispatched
Message : Order Created Successfully
---------------------------------------------------------
Date and Time: May 17, 2023, 7:15 am
SKU : XT5x3g
Onbuy Order ID : TPXY79
WooCommerce Order ID : 197
Status : Dispatched
Message : Order Created Successfully
---------------------------------------------------------
Date and Time: May 17, 2023, 7:15 am
SKU : XT5x3g
Onbuy Order ID : TPXY7M
WooCommerce Order ID : 198
Status : Dispatched
Message : Order Created Successfully
---------------------------------------------------------
Date and Time: May 17, 2023, 7:15 am
SKU : XT5x3g
Onbuy Order ID : TPXY88
WooCommerce Order ID : 199
Status : Dispatched
Message : Order Created Successfully
---------------------------------------------------------
Date and Time: May 17, 2023, 7:15 am
SKU : XT5x3g
Onbuy Order ID : TPXY8F
WooCommerce Order ID : 200
Status : Dispatched
Message : Order Created Successfully
---------------------------------------------------------
Date and Time: May 17, 2023, 7:15 am
SKU : XT5x3g
Onbuy Order ID : TPXY98
WooCommerce Order ID : 201
Status : Dispatched
Message : Order Created Successfully
---------------------------------------------------------
Date and Time: May 17, 2023, 7:15 am
SKU : XT5x3g
Onbuy Order ID : TPXY9B
WooCommerce Order ID : 202
Status : Dispatched
Message : Order Created Successfully
---------------------------------------------------------
Date and Time: May 17, 2023, 7:15 am
SKU : XT5x3g
Onbuy Order ID : TPXY9G
WooCommerce Order ID : 203
Status : Dispatched
Message : Order Created Successfully
---------------------------------------------------------
Date and Time: May 17, 2023, 7:15 am
SKU : XT5x3g
Onbuy Order ID : TPXY9H
WooCommerce Order ID : 204
Status : Dispatched
Message : Order Created Successfully
---------------------------------------------------------
Date and Time: May 17, 2023, 7:15 am
SKU : XT5x3g
Onbuy Order ID : TPXY9N
WooCommerce Order ID : 205
Status : Dispatched
Message : Order Created Successfully
---------------------------------------------------------
Date and Time: May 17, 2023, 7:15 am
SKU : XT5x3g
Onbuy Order ID : TPXY9R
WooCommerce Order ID : 206
Status : Dispatched
Message : Order Created Successfully
---------------------------------------------------------
Date and Time: May 17, 2023, 7:15 am
SKU : XT5x3g
Onbuy Order ID : TPXYBC
WooCommerce Order ID : 207
Status : Dispatched
Message : Order Created Successfully
---------------------------------------------------------
Date and Time: May 17, 2023, 7:15 am
SKU : XT5x3g
Onbuy Order ID : TPXYBV
WooCommerce Order ID : 208
Status : Dispatched
Message : Order Created Successfully
---------------------------------------------------------
Date and Time: May 17, 2023, 7:15 am
SKU : XT5x3g
Onbuy Order ID : TPXYC8
WooCommerce Order ID : 209
Status : Dispatched
Message : Order Created Successfully
---------------------------------------------------------
Date and Time: May 17, 2023, 7:15 am
SKU : XT5x3g
Onbuy Order ID : TPXYCC
WooCommerce Order ID : 210
Status : Dispatched
Message : Order Created Successfully
---------------------------------------------------------
Date and Time: May 17, 2023, 7:15 am
SKU : XT5x3g
Onbuy Order ID : TPXYCX
WooCommerce Order ID : 211
Status : Dispatched
Message : Order Created Successfully
---------------------------------------------------------
Date and Time: May 17, 2023, 7:15 am
SKU : XT5x3g
Onbuy Order ID : TPXYD2
WooCommerce Order ID : 212
Status : Dispatched
Message : Order Created Successfully
---------------------------------------------------------
Date and Time: May 17, 2023, 7:15 am
SKU : XT5x3g
Onbuy Order ID : TPXYD8
WooCommerce Order ID : 213
Status : Dispatched
Message : Order Created Successfully
---------------------------------------------------------
Date and Time: May 17, 2023, 7:15 am
SKU : XT5x3g
Onbuy Order ID : TPXYDN
WooCommerce Order ID : 214
Status : Dispatched
Message : Order Created Successfully
---------------------------------------------------------
Date and Time: May 17, 2023, 7:15 am
SKU : XT5x3g
Onbuy Order ID : TPXYDP
WooCommerce Order ID : 215
Status : Dispatched
Message : Order Created Successfully
---------------------------------------------------------
Date and Time: May 17, 2023, 7:15 am
SKU : XT5x3g
Onbuy Order ID : TPXYDW
WooCommerce Order ID : 216
Status : Dispatched
Message : Order Created Successfully
---------------------------------------------------------
Date and Time: May 17, 2023, 7:15 am
SKU : XT5x3g
Onbuy Order ID : TPXYFK
WooCommerce Order ID : 217
Status : Dispatched
Message : Order Created Successfully
---------------------------------------------------------
Date and Time: May 17, 2023, 7:15 am
SKU : XT5x3g
Onbuy Order ID : TPXYFN
WooCommerce Order ID : 218
Status : Dispatched
Message : Order Created Successfully
---------------------------------------------------------
Date and Time: May 17, 2023, 7:15 am
SKU : XT5x3g
Onbuy Order ID : TPXYFY
WooCommerce Order ID : 219
Status : Dispatched
Message : Order Created Successfully
---------------------------------------------------------
Date and Time: May 17, 2023, 7:15 am
SKU : XT5x3g
Onbuy Order ID : TPXYGF
WooCommerce Order ID : 220
Status : Dispatched
Message : Order Created Successfully
---------------------------------------------------------
Date and Time: May 17, 2023, 7:15 am
SKU : XT5x3g
Onbuy Order ID : TPXYGY
WooCommerce Order ID : 221
Status : Dispatched
Message : Order Created Successfully
---------------------------------------------------------
Date and Time: May 17, 2023, 7:15 am
SKU : XT5x3g
Onbuy Order ID : TPXYGZ
WooCommerce Order ID : 222
Status : Dispatched
Message : Order Created Successfully
---------------------------------------------------------
Date and Time: May 17, 2023, 7:15 am
SKU : XT5x3g
Onbuy Order ID : TPXYH7
WooCommerce Order ID : 223
Status : Dispatched
Message : Order Created Successfully
---------------------------------------------------------
Date and Time: May 17, 2023, 7:15 am
SKU : XT5x3g
Onbuy Order ID : TPXYHB
WooCommerce Order ID : 224
Status : Dispatched
Message : Order Created Successfully
---------------------------------------------------------
Date and Time: May 17, 2023, 7:15 am
SKU : XT5x3g
Onbuy Order ID : TPXYHR
WooCommerce Order ID : 225
Status : Dispatched
Message : Order Created Successfully
---------------------------------------------------------
Date and Time: May 17, 2023, 7:15 am
SKU : XT5x3g
Onbuy Order ID : TPXYHS
WooCommerce Order ID : 226
Status : Dispatched
Message : Order Created Successfully
---------------------------------------------------------
Date and Time: May 17, 2023, 7:16 am
SKU : XT5x3g
Onbuy Order ID : TPXYHY
WooCommerce Order ID : 227
Status : Dispatched
Message : Order Created Successfully
---------------------------------------------------------
Date and Time: May 17, 2023, 7:16 am
SKU : XT5x3g
Onbuy Order ID : TPXYJ5
WooCommerce Order ID : 228
Status : Dispatched
Message : Order Created Successfully
---------------------------------------------------------
Date and Time: May 17, 2023, 7:16 am
SKU : XT5x3g
Onbuy Order ID : TPXYJ8
WooCommerce Order ID : 229
Status : Dispatched
Message : Order Created Successfully
---------------------------------------------------------
Date and Time: May 17, 2023, 7:16 am
SKU : XT5x3g
Onbuy Order ID : TPXYJB
WooCommerce Order ID : 230
Status : Dispatched
Message : Order Created Successfully
---------------------------------------------------------
Date and Time: May 17, 2023, 7:16 am
SKU : XT5x3g
Onbuy Order ID : TPXYJC
WooCommerce Order ID : 231
Status : Dispatched
Message : Order Created Successfully
---------------------------------------------------------
Date and Time: May 17, 2023, 7:16 am
SKU : XT5x3g
Onbuy Order ID : TPXYJF
WooCommerce Order ID : 232
Status : Dispatched
Message : Order Created Successfully
---------------------------------------------------------
Date and Time: May 17, 2023, 7:16 am
SKU : XT5x3g
Onbuy Order ID : TPXYJX
WooCommerce Order ID : 233
Status : Dispatched
Message : Order Created Successfully
---------------------------------------------------------
Date and Time: May 17, 2023, 9:19 am
SKU : XT5x3g
Onbuy Order ID : TPXZW5
WooCommerce Order ID : 234
Status : Dispatched
Message : Order Created Successfully
---------------------------------------------------------
Date and Time: May 17, 2023, 9:19 am
SKU : XT5x3g
Onbuy Order ID : TPXZX2
WooCommerce Order ID : 235
Status : Dispatched
Message : Order Created Successfully
---------------------------------------------------------
Date and Time: May 17, 2023, 9:19 am
SKU : XT5x3g
Onbuy Order ID : TPXZXD
WooCommerce Order ID : 236
Status : Dispatched
Message : Order Created Successfully
---------------------------------------------------------
Date and Time: May 17, 2023, 9:19 am
SKU : XT5x3g
Onbuy Order ID : TPXZXQ
WooCommerce Order ID : 237
Status : Dispatched
Message : Order Created Successfully
---------------------------------------------------------
Date and Time: May 17, 2023, 9:19 am
SKU : XT5x3g
Onbuy Order ID : TPXZXZ
WooCommerce Order ID : 238
Status : Dispatched
Message : Order Created Successfully
---------------------------------------------------------
Date and Time: May 17, 2023, 9:19 am
SKU : XT5x3g
Onbuy Order ID : TPXZY5
WooCommerce Order ID : 239
Status : Dispatched
Message : Order Created Successfully
---------------------------------------------------------
Date and Time: May 17, 2023, 9:19 am
SKU : XT5x3g
Onbuy Order ID : TPXZYC
WooCommerce Order ID : 240
Status : Dispatched
Message : Order Created Successfully
---------------------------------------------------------
Date and Time: May 17, 2023, 9:19 am
SKU : XT5x3g
Onbuy Order ID : TPXZZN
WooCommerce Order ID : 241
Status : Dispatched
Message : Order Created Successfully
---------------------------------------------------------
Date and Time: May 17, 2023, 9:19 am
SKU : XT5x3g
Onbuy Order ID : TPY22F
WooCommerce Order ID : 242
Status : Dispatched
Message : Order Created Successfully
---------------------------------------------------------
Date and Time: May 17, 2023, 9:19 am
SKU : XT5x3g
Onbuy Order ID : TPY25M
WooCommerce Order ID : 243
Status : Dispatched
Message : Order Created Successfully
---------------------------------------------------------
Date and Time: May 17, 2023, 9:19 am
SKU : XT5x3g
Onbuy Order ID : TPY27D
WooCommerce Order ID : 244
Status : Dispatched
Message : Order Created Successfully
---------------------------------------------------------
Date and Time: May 17, 2023, 9:19 am
SKU : XT5x3g
Onbuy Order ID : TPY27R
WooCommerce Order ID : 245
Status : Dispatched
Message : Order Created Successfully
---------------------------------------------------------
Date and Time: May 17, 2023, 9:19 am
SKU : XT5x3g
Onbuy Order ID : TPY287
WooCommerce Order ID : 246
Status : Dispatched
Message : Order Created Successfully
---------------------------------------------------------
Date and Time: May 17, 2023, 9:19 am
SKU : XT5x3g
Onbuy Order ID : TPY28H
WooCommerce Order ID : 247
Status : Dispatched
Message : Order Created Successfully
---------------------------------------------------------
Date and Time: May 17, 2023, 9:19 am
SKU : XT5x3g
Onbuy Order ID : TPY28M
WooCommerce Order ID : 248
Status : Dispatched
Message : Order Created Successfully
---------------------------------------------------------
Date and Time: May 17, 2023, 9:19 am
SKU : XT5x3g
Onbuy Order ID : TPY29H
WooCommerce Order ID : 249
Status : Dispatched
Message : Order Created Successfully
---------------------------------------------------------
Date and Time: May 17, 2023, 9:19 am
SKU : XT5x3g
Onbuy Order ID : TPY29W
WooCommerce Order ID : 250
Status : Dispatched
Message : Order Created Successfully
---------------------------------------------------------
Date and Time: May 17, 2023, 9:19 am
SKU : XT5x3g
Onbuy Order ID : TPY2BP
WooCommerce Order ID : 251
Status : Dispatched
Message : Order Created Successfully
---------------------------------------------------------
Date and Time: May 17, 2023, 9:19 am
SKU : XT5x3g
Onbuy Order ID : TPY2DV
WooCommerce Order ID : 252
Status : Dispatched
Message : Order Created Successfully
---------------------------------------------------------
Date and Time: May 17, 2023, 9:19 am
SKU : XT5x3g
Onbuy Order ID : TPY2F5
WooCommerce Order ID : 253
Status : Dispatched
Message : Order Created Successfully
---------------------------------------------------------
Date and Time: May 17, 2023, 9:19 am
SKU : XT5x3g
Onbuy Order ID : TPY2F8
WooCommerce Order ID : 254
Status : Dispatched
Message : Order Created Successfully
---------------------------------------------------------
Date and Time: May 17, 2023, 9:19 am
SKU : XT5x3g
Onbuy Order ID : TPY2FC
WooCommerce Order ID : 255
Status : Dispatched
Message : Order Created Successfully
---------------------------------------------------------
Date and Time: May 17, 2023, 9:19 am
SKU : XT5x3g
Onbuy Order ID : TPY2FF
WooCommerce Order ID : 256
Status : Dispatched
Message : Order Created Successfully
---------------------------------------------------------
Date and Time: May 17, 2023, 9:32 am
SKU : XT5x3g
Onbuy Order ID : TPY57D
WooCommerce Order ID : 257
Status : Dispatched
Message : Order Created Successfully
---------------------------------------------------------
Date and Time: May 17, 2023, 9:32 am
SKU : XT5x3g
Onbuy Order ID : TPY57K
WooCommerce Order ID : 258
Status : Dispatched
Message : Order Created Successfully
---------------------------------------------------------
Date and Time: May 17, 2023, 9:32 am
SKU : XT5x3g
Onbuy Order ID : TPY58G
WooCommerce Order ID : 259
Status : Dispatched
Message : Order Created Successfully
---------------------------------------------------------
Date and Time: May 17, 2023, 9:32 am
SKU : XT5x3g
Onbuy Order ID : TPY59X
WooCommerce Order ID : 260
Status : Dispatched
Message : Order Created Successfully
---------------------------------------------------------
Date and Time: May 17, 2023, 9:32 am
SKU : XT5x3g
Onbuy Order ID : TPY5C7
WooCommerce Order ID : 261
Status : Dispatched
Message : Order Created Successfully
---------------------------------------------------------
Date and Time: May 17, 2023, 9:32 am
SKU : XT5x3g
Onbuy Order ID : TPY5DM
WooCommerce Order ID : 262
Status : Dispatched
Message : Order Created Successfully
---------------------------------------------------------
Date and Time: May 17, 2023, 9:32 am
SKU : XT5x3g
Onbuy Order ID : TPY5FJ
WooCommerce Order ID : 263
Status : Dispatched
Message : Order Created Successfully
---------------------------------------------------------
Date and Time: May 17, 2023, 9:32 am
SKU : XT5x3g
Onbuy Order ID : TPY5GC
WooCommerce Order ID : 264
Status : Dispatched
Message : Order Created Successfully
---------------------------------------------------------
Date and Time: May 17, 2023, 9:32 am
SKU : XT5x3g
Onbuy Order ID : TPY5GJ
WooCommerce Order ID : 265
Status : Dispatched
Message : Order Created Successfully
---------------------------------------------------------
Date and Time: May 17, 2023, 9:32 am
SKU : XT5x3g
Onbuy Order ID : TPY5GN
WooCommerce Order ID : 266
Status : Dispatched
Message : Order Created Successfully
---------------------------------------------------------
Date and Time: May 17, 2023, 9:32 am
SKU : XT5x3g
Onbuy Order ID : TPY5H6
WooCommerce Order ID : 267
Status : Dispatched
Message : Order Created Successfully
---------------------------------------------------------
Date and Time: May 17, 2023, 9:32 am
SKU : XT5x3g
Onbuy Order ID : TPY5H8
WooCommerce Order ID : 268
Status : Dispatched
Message : Order Created Successfully
---------------------------------------------------------
Date and Time: May 17, 2023, 9:32 am
SKU : XT5x3g
Onbuy Order ID : TPY5HC
WooCommerce Order ID : 269
Status : Dispatched
Message : Order Created Successfully
---------------------------------------------------------
Date and Time: May 17, 2023, 9:32 am
SKU : XT5x3g
Onbuy Order ID : TPY5JG
WooCommerce Order ID : 270
Status : Dispatched
Message : Order Created Successfully
---------------------------------------------------------
Date and Time: May 17, 2023, 9:32 am
SKU : XT5x3g
Onbuy Order ID : TPY5JM
WooCommerce Order ID : 271
Status : Dispatched
Message : Order Created Successfully
---------------------------------------------------------
Date and Time: May 17, 2023, 9:32 am
SKU : XT5x3g
Onbuy Order ID : TPY5JN
WooCommerce Order ID : 272
Status : Dispatched
Message : Order Created Successfully
---------------------------------------------------------
Date and Time: May 17, 2023, 9:32 am
SKU : XT5x3g
Onbuy Order ID : TPY5JX
WooCommerce Order ID : 273
Status : Dispatched
Message : Order Created Successfully
---------------------------------------------------------
Date and Time: May 17, 2023, 9:32 am
SKU : XT5x3g
Onbuy Order ID : TPY5KW
WooCommerce Order ID : 274
Status : Dispatched
Message : Order Created Successfully
---------------------------------------------------------
Date and Time: May 17, 2023, 9:32 am
SKU : XT5x3g
Onbuy Order ID : TPY5PN
WooCommerce Order ID : 275
Status : Dispatched
Message : Order Created Successfully
---------------------------------------------------------
Date and Time: May 17, 2023, 9:32 am
SKU : XT5x3g
Onbuy Order ID : TPY5PX
WooCommerce Order ID : 276
Status : Dispatched
Message : Order Created Successfully
---------------------------------------------------------
Date and Time: May 17, 2023, 9:32 am
SKU : XT5x3g
Onbuy Order ID : TPY5QS
WooCommerce Order ID : 277
Status : Dispatched
Message : Order Created Successfully
---------------------------------------------------------
Date and Time: May 17, 2023, 9:32 am
SKU : XT5x3g
Onbuy Order ID : TPY5R7
WooCommerce Order ID : 278
Status : Dispatched
Message : Order Created Successfully
---------------------------------------------------------
Date and Time: May 17, 2023, 9:32 am
SKU : XT5x3g
Onbuy Order ID : TPY5RV
WooCommerce Order ID : 279
Status : Dispatched
Message : Order Created Successfully
---------------------------------------------------------
Date and Time: May 17, 2023, 9:32 am
SKU : XT5x3g
Onbuy Order ID : TPY5RZ
WooCommerce Order ID : 280
Status : Dispatched
Message : Order Created Successfully
---------------------------------------------------------
Date and Time: May 17, 2023, 9:32 am
SKU : XT5x3g
Onbuy Order ID : TPY5SK
WooCommerce Order ID : 281
Status : Dispatched
Message : Order Created Successfully
---------------------------------------------------------
Date and Time: May 17, 2023, 9:32 am
SKU : XT5x3g
Onbuy Order ID : TPY5SM
WooCommerce Order ID : 282
Status : Dispatched
Message : Order Created Successfully
---------------------------------------------------------
Date and Time: May 17, 2023, 9:32 am
SKU : XT5x3g
Onbuy Order ID : TPY5SZ
WooCommerce Order ID : 283
Status : Dispatched
Message : Order Created Successfully
---------------------------------------------------------
Date and Time: May 17, 2023, 9:32 am
SKU : XT5x3g
Onbuy Order ID : TPY5TP
WooCommerce Order ID : 284
Status : Dispatched
Message : Order Created Successfully
---------------------------------------------------------
Date and Time: May 17, 2023, 9:33 am
SKU : XT5x3g
Onbuy Order ID : TPY5TS
WooCommerce Order ID : 285
Status : Dispatched
Message : Order Created Successfully
---------------------------------------------------------
Date and Time: May 17, 2023, 9:33 am
SKU : XT5x3g
Onbuy Order ID : TPY5VN
WooCommerce Order ID : 286
Status : Dispatched
Message : Order Created Successfully
---------------------------------------------------------
Date and Time: May 17, 2023, 9:33 am
SKU : XT5x3g
Onbuy Order ID : TPY5W7
WooCommerce Order ID : 287
Status : Dispatched
Message : Order Created Successfully
---------------------------------------------------------
Date and Time: May 17, 2023, 9:33 am
SKU : XT5x3g
Onbuy Order ID : TPY5WT
WooCommerce Order ID : 288
Status : Dispatched
Message : Order Created Successfully
---------------------------------------------------------
Date and Time: May 17, 2023, 9:33 am
SKU : XT5x3g
Onbuy Order ID : TPY5XK
WooCommerce Order ID : 289
Status : Dispatched
Message : Order Created Successfully
---------------------------------------------------------
Date and Time: May 17, 2023, 9:33 am
SKU : XT5x3g
Onbuy Order ID : TPY5YS
WooCommerce Order ID : 290
Status : Dispatched
Message : Order Created Successfully
---------------------------------------------------------
Date and Time: May 17, 2023, 9:33 am
SKU : XT5x3g
Onbuy Order ID : TPY5ZX
WooCommerce Order ID : 291
Status : Dispatched
Message : Order Created Successfully
---------------------------------------------------------
Date and Time: May 17, 2023, 9:33 am
SKU : XT5x3g
Onbuy Order ID : TPY5ZZ
WooCommerce Order ID : 292
Status : Dispatched
Message : Order Created Successfully
---------------------------------------------------------
Date and Time: May 17, 2023, 9:33 am
SKU : XT5x3g
Onbuy Order ID : TPY62K
WooCommerce Order ID : 293
Status : Dispatched
Message : Order Created Successfully
---------------------------------------------------------
Date and Time: May 17, 2023, 9:33 am
SKU : XT5x3g
Onbuy Order ID : TPY65W
WooCommerce Order ID : 294
Status : Dispatched
Message : Order Created Successfully
---------------------------------------------------------
Date and Time: May 17, 2023, 9:33 am
SKU : XT5x3g
Onbuy Order ID : TPY66C
WooCommerce Order ID : 295
Status : Dispatched
Message : Order Created Successfully
---------------------------------------------------------
Date and Time: May 17, 2023, 9:33 am
SKU : XT5x3g
Onbuy Order ID : TPY66Z
WooCommerce Order ID : 296
Status : Dispatched
Message : Order Created Successfully
---------------------------------------------------------
Date and Time: May 17, 2023, 9:33 am
SKU : XT5x3g
Onbuy Order ID : TPY67B
WooCommerce Order ID : 297
Status : Dispatched
Message : Order Created Successfully
---------------------------------------------------------
Date and Time: May 17, 2023, 9:33 am
SKU : XT5x3g
Onbuy Order ID : TPY67C
WooCommerce Order ID : 298
Status : Dispatched
Message : Order Created Successfully
---------------------------------------------------------
Date and Time: May 17, 2023, 9:33 am
SKU : XT5x3g
Onbuy Order ID : TPY67R
WooCommerce Order ID : 299
Status : Dispatched
Message : Order Created Successfully
---------------------------------------------------------
Date and Time: May 17, 2023, 9:33 am
SKU : XT5x3g
Onbuy Order ID : TPY67X
WooCommerce Order ID : 300
Status : Dispatched
Message : Order Created Successfully
---------------------------------------------------------
Date and Time: May 17, 2023, 9:33 am
SKU : XT5x3g
Onbuy Order ID : TPY686
WooCommerce Order ID : 301
Status : Dispatched
Message : Order Created Successfully
---------------------------------------------------------
Date and Time: May 17, 2023, 9:33 am
SKU : XT5x3g
Onbuy Order ID : TPY68R
WooCommerce Order ID : 302
Status : Dispatched
Message : Order Created Successfully
---------------------------------------------------------
Date and Time: May 17, 2023, 9:33 am
SKU : XT5x3g
Onbuy Order ID : TPY695
WooCommerce Order ID : 303
Status : Dispatched
Message : Order Created Successfully
---------------------------------------------------------
Date and Time: May 17, 2023, 9:33 am
SKU : XT5x3g
Onbuy Order ID : TPY69B
WooCommerce Order ID : 304
Status : Dispatched
Message : Order Created Successfully
---------------------------------------------------------
Date and Time: May 17, 2023, 9:33 am
SKU : XT5x3g
Onbuy Order ID : TPY69V
WooCommerce Order ID : 305
Status : Dispatched
Message : Order Created Successfully
---------------------------------------------------------
Date and Time: May 17, 2023, 9:33 am
SKU : XT5x3g
Onbuy Order ID : TPY69X
WooCommerce Order ID : 306
Status : Dispatched
Message : Order Created Successfully
---------------------------------------------------------
Date and Time: May 17, 2023, 10:02 am
SKU : XT5x3g
Onbuy Order ID : TPY6BC
WooCommerce Order ID : 307
Status : Dispatched
Message : Order Created Successfully
---------------------------------------------------------
Date and Time: May 17, 2023, 10:02 am
SKU : XT5x3g
Onbuy Order ID : TPY6BR
WooCommerce Order ID : 308
Status : Dispatched
Message : Order Created Successfully
---------------------------------------------------------
Date and Time: May 17, 2023, 10:02 am
SKU : XT5x3g
Onbuy Order ID : TPY6BV
WooCommerce Order ID : 309
Status : Dispatched
Message : Order Created Successfully
---------------------------------------------------------
Date and Time: May 17, 2023, 10:02 am
SKU : XT5x3g
Onbuy Order ID : TPY6CM
WooCommerce Order ID : 310
Status : Dispatched
Message : Order Created Successfully
---------------------------------------------------------
Date and Time: May 17, 2023, 10:02 am
SKU : XT5x3g
Onbuy Order ID : TPY6D6
WooCommerce Order ID : 311
Status : Dispatched
Message : Order Created Successfully
---------------------------------------------------------
Date and Time: May 17, 2023, 10:03 am
SKU : XT5x3g
Onbuy Order ID : TPY6DC
WooCommerce Order ID : 312
Status : Dispatched
Message : Order Created Successfully
---------------------------------------------------------
Date and Time: May 17, 2023, 10:03 am
SKU : XT5x3g
Onbuy Order ID : TPY6DV
WooCommerce Order ID : 313
Status : Dispatched
Message : Order Created Successfully
---------------------------------------------------------
Date and Time: May 17, 2023, 10:03 am
SKU : XT5x3g
Onbuy Order ID : TPY6F5
WooCommerce Order ID : 314
Status : Dispatched
Message : Order Created Successfully
---------------------------------------------------------
Date and Time: May 17, 2023, 10:03 am
SKU : XT5x3g
Onbuy Order ID : TPY6FG
WooCommerce Order ID : 315
Status : Dispatched
Message : Order Created Successfully
---------------------------------------------------------
Date and Time: May 17, 2023, 10:03 am
SKU : XT5x3g
Onbuy Order ID : TPY6FK
WooCommerce Order ID : 316
Status : Dispatched
Message : Order Created Successfully
---------------------------------------------------------
Date and Time: May 17, 2023, 10:03 am
SKU : XT5x3g
Onbuy Order ID : TPY6G8
WooCommerce Order ID : 317
Status : Dispatched
Message : Order Created Successfully
---------------------------------------------------------
Date and Time: May 17, 2023, 10:03 am
SKU : XT5x3g
Onbuy Order ID : TPY6GC
WooCommerce Order ID : 318
Status : Dispatched
Message : Order Created Successfully
---------------------------------------------------------
Date and Time: May 17, 2023, 10:03 am
SKU : XT5x3g
Onbuy Order ID : TPY6GG
WooCommerce Order ID : 319
Status : Dispatched
Message : Order Created Successfully
---------------------------------------------------------
Date and Time: May 17, 2023, 10:03 am
SKU : XT5x3g
Onbuy Order ID : TPY6GS
WooCommerce Order ID : 320
Status : Dispatched
Message : Order Created Successfully
---------------------------------------------------------
Date and Time: May 17, 2023, 10:03 am
SKU : XT5x3g
Onbuy Order ID : TPY6HH
WooCommerce Order ID : 321
Status : Dispatched
Message : Order Created Successfully
---------------------------------------------------------
Date and Time: May 17, 2023, 10:03 am
SKU : XT5x3g
Onbuy Order ID : TPY6JJ
WooCommerce Order ID : 322
Status : Dispatched
Message : Order Created Successfully
---------------------------------------------------------
Date and Time: May 17, 2023, 10:03 am
SKU : XT5x3g
Onbuy Order ID : TPY6JQ
WooCommerce Order ID : 323
Status : Dispatched
Message : Order Created Successfully
---------------------------------------------------------
Date and Time: May 17, 2023, 10:03 am
SKU : XT5x3g
Onbuy Order ID : TPY6K5
WooCommerce Order ID : 324
Status : Dispatched
Message : Order Created Successfully
---------------------------------------------------------
Date and Time: May 17, 2023, 10:03 am
SKU : XT5x3g
Onbuy Order ID : TPY6KT
WooCommerce Order ID : 325
Status : Dispatched
Message : Order Created Successfully
---------------------------------------------------------
Date and Time: May 17, 2023, 10:03 am
SKU : XT5x3g
Onbuy Order ID : TPY6KY
WooCommerce Order ID : 326
Status : Dispatched
Message : Order Created Successfully
---------------------------------------------------------
Date and Time: May 17, 2023, 10:03 am
SKU : XT5x3g
Onbuy Order ID : TPY6MG
WooCommerce Order ID : 327
Status : Dispatched
Message : Order Created Successfully
---------------------------------------------------------
Date and Time: May 17, 2023, 10:03 am
SKU : XT5x3g
Onbuy Order ID : TPY6MK
WooCommerce Order ID : 328
Status : Dispatched
Message : Order Created Successfully
---------------------------------------------------------
Date and Time: May 17, 2023, 10:03 am
SKU : XT5x3g
Onbuy Order ID : TPY6N5
WooCommerce Order ID : 329
Status : Dispatched
Message : Order Created Successfully
---------------------------------------------------------
Date and Time: May 17, 2023, 10:03 am
SKU : XT5x3g
Onbuy Order ID : TPY6PG
WooCommerce Order ID : 330
Status : Dispatched
Message : Order Created Successfully
---------------------------------------------------------
Date and Time: May 17, 2023, 10:03 am
SKU : XT5x3g
Onbuy Order ID : TPY6PN
WooCommerce Order ID : 331
Status : Dispatched
Message : Order Created Successfully
---------------------------------------------------------
Date and Time: May 17, 2023, 10:03 am
SKU : XT5x3g
Onbuy Order ID : TPY6Q2
WooCommerce Order ID : 332
Status : Dispatched
Message : Order Created Successfully
---------------------------------------------------------
Date and Time: May 17, 2023, 10:03 am
SKU : XT5x3g
Onbuy Order ID : TPY6QT
WooCommerce Order ID : 333
Status : Dispatched
Message : Order Created Successfully
---------------------------------------------------------
Date and Time: May 17, 2023, 10:03 am
SKU : XT5x3g
Onbuy Order ID : TPY6QW
WooCommerce Order ID : 334
Status : Dispatched
Message : Order Created Successfully
---------------------------------------------------------
Date and Time: May 17, 2023, 10:03 am
SKU : XT5x3g
Onbuy Order ID : TPY6RN
WooCommerce Order ID : 335
Status : Dispatched
Message : Order Created Successfully
---------------------------------------------------------
Date and Time: May 17, 2023, 10:03 am
SKU : XT5x3g
Onbuy Order ID : TPY6RS
WooCommerce Order ID : 336
Status : Dispatched
Message : Order Created Successfully
---------------------------------------------------------
Date and Time: May 17, 2023, 10:03 am
SKU : XT5x3g
Onbuy Order ID : TPY6S6
WooCommerce Order ID : 337
Status : Dispatched
Message : Order Created Successfully
---------------------------------------------------------
Date and Time: May 17, 2023, 10:03 am
SKU : XT5x3g
Onbuy Order ID : TPY6SN
WooCommerce Order ID : 338
Status : Dispatched
Message : Order Created Successfully
---------------------------------------------------------
Date and Time: May 17, 2023, 10:03 am
SKU : XT5x3g
Onbuy Order ID : TPY6SV
WooCommerce Order ID : 339
Status : Dispatched
Message : Order Created Successfully
---------------------------------------------------------
Date and Time: May 17, 2023, 10:03 am
SKU : XT5x3g
Onbuy Order ID : TPY6TC
WooCommerce Order ID : 340
Status : Dispatched
Message : Order Created Successfully
---------------------------------------------------------
Date and Time: May 17, 2023, 10:03 am
SKU : XT5x3g
Onbuy Order ID : TPY6TK
WooCommerce Order ID : 341
Status : Dispatched
Message : Order Created Successfully
---------------------------------------------------------
Date and Time: May 17, 2023, 10:03 am
SKU : XT5x3g
Onbuy Order ID : TPY6TN
WooCommerce Order ID : 342
Status : Dispatched
Message : Order Created Successfully
---------------------------------------------------------
Date and Time: May 17, 2023, 10:03 am
SKU : XT5x3g
Onbuy Order ID : TPY6TS
WooCommerce Order ID : 343
Status : Dispatched
Message : Order Created Successfully
---------------------------------------------------------
Date and Time: May 17, 2023, 10:03 am
SKU : XT5x3g
Onbuy Order ID : TPY6VD
WooCommerce Order ID : 344
Status : Dispatched
Message : Order Created Successfully
---------------------------------------------------------
Date and Time: May 17, 2023, 10:03 am
SKU : XT5x3g
Onbuy Order ID : TPY6VT
WooCommerce Order ID : 345
Status : Dispatched
Message : Order Created Successfully
---------------------------------------------------------
Date and Time: May 17, 2023, 10:03 am
SKU : XT5x3g
Onbuy Order ID : TPY6W8
WooCommerce Order ID : 346
Status : Dispatched
Message : Order Created Successfully
---------------------------------------------------------
Date and Time: May 17, 2023, 10:03 am
SKU : XT5x3g
Onbuy Order ID : TPY6W9
WooCommerce Order ID : 347
Status : Dispatched
Message : Order Created Successfully
---------------------------------------------------------
Date and Time: May 17, 2023, 10:03 am
SKU : XT5x3g
Onbuy Order ID : TPY6WQ
WooCommerce Order ID : 348
Status : Dispatched
Message : Order Created Successfully
---------------------------------------------------------
Date and Time: May 17, 2023, 10:03 am
SKU : XT5x3g
Onbuy Order ID : TPY6X7
WooCommerce Order ID : 349
Status : Dispatched
Message : Order Created Successfully
---------------------------------------------------------
Date and Time: May 17, 2023, 10:03 am
SKU : XT5x3g
Onbuy Order ID : TPY6Y5
WooCommerce Order ID : 350
Status : Dispatched
Message : Order Created Successfully
---------------------------------------------------------
Date and Time: May 17, 2023, 10:03 am
SKU : XT5x3g
Onbuy Order ID : TPY6Y7
WooCommerce Order ID : 351
Status : Dispatched
Message : Order Created Successfully
---------------------------------------------------------
Date and Time: May 17, 2023, 10:03 am
SKU : XT5x3g
Onbuy Order ID : TPY6YJ
WooCommerce Order ID : 352
Status : Dispatched
Message : Order Created Successfully
---------------------------------------------------------
Date and Time: May 17, 2023, 10:03 am
SKU : XT5x3g
Onbuy Order ID : TPY6YN
WooCommerce Order ID : 353
Status : Dispatched
Message : Order Created Successfully
---------------------------------------------------------
Date and Time: May 17, 2023, 10:03 am
SKU : XT5x3g
Onbuy Order ID : TPY6YS
WooCommerce Order ID : 354
Status : Dispatched
Message : Order Created Successfully
---------------------------------------------------------
Date and Time: May 17, 2023, 10:03 am
SKU : XT5x3g
Onbuy Order ID : TPY6YT
WooCommerce Order ID : 355
Status : Dispatched
Message : Order Created Successfully
---------------------------------------------------------
Date and Time: May 17, 2023, 10:03 am
SKU : XT5x3g
Onbuy Order ID : TPY6YV
WooCommerce Order ID : 356
Status : Dispatched
Message : Order Created Successfully
---------------------------------------------------------
Date and Time: May 17, 2023, 10:04 am
SKU : XT5x3g
Onbuy Order ID : TPY6YW
WooCommerce Order ID : 357
Status : Dispatched
Message : Order Created Successfully
---------------------------------------------------------
Date and Time: May 17, 2023, 10:04 am
SKU : XT5x3g
Onbuy Order ID : TPY6ZT
WooCommerce Order ID : 358
Status : Dispatched
Message : Order Created Successfully
---------------------------------------------------------
Date and Time: May 17, 2023, 10:04 am
SKU : XT5x3g
Onbuy Order ID : TPY72C
WooCommerce Order ID : 359
Status : Dispatched
Message : Order Created Successfully
---------------------------------------------------------
Date and Time: May 17, 2023, 10:04 am
SKU : XT5x3g
Onbuy Order ID : TPY72F
WooCommerce Order ID : 360
Status : Dispatched
Message : Order Created Successfully
---------------------------------------------------------
Date and Time: May 17, 2023, 10:04 am
SKU : XT5x3g
Onbuy Order ID : TPY76R
WooCommerce Order ID : 361
Status : Dispatched
Message : Order Created Successfully
---------------------------------------------------------
Date and Time: May 17, 2023, 10:04 am
SKU : XT5x3g
Onbuy Order ID : TPY76Y
WooCommerce Order ID : 362
Status : Dispatched
Message : Order Created Successfully
---------------------------------------------------------
Date and Time: May 17, 2023, 10:04 am
SKU : XT5x3g
Onbuy Order ID : TPY77Z
WooCommerce Order ID : 363
Status : Dispatched
Message : Order Created Successfully
---------------------------------------------------------
Date and Time: May 17, 2023, 10:04 am
SKU : XT5x3g
Onbuy Order ID : TPY78K
WooCommerce Order ID : 364
Status : Dispatched
Message : Order Created Successfully
---------------------------------------------------------
Date and Time: May 17, 2023, 10:04 am
SKU : XT5x3g
Onbuy Order ID : TPY78S
WooCommerce Order ID : 365
Status : Dispatched
Message : Order Created Successfully
---------------------------------------------------------
Date and Time: May 17, 2023, 10:04 am
SKU : XT5x3g
Onbuy Order ID : TPY79T
WooCommerce Order ID : 366
Status : Dispatched
Message : Order Created Successfully
---------------------------------------------------------
Date and Time: May 17, 2023, 10:04 am
SKU : XT5x3g
Onbuy Order ID : TPY79Y
WooCommerce Order ID : 367
Status : Dispatched
Message : Order Created Successfully
---------------------------------------------------------
Date and Time: May 17, 2023, 10:04 am
SKU : XT5x3g
Onbuy Order ID : TPY7CK
WooCommerce Order ID : 368
Status : Dispatched
Message : Order Created Successfully
---------------------------------------------------------
Date and Time: May 17, 2023, 10:04 am
SKU : XT5x3g
Onbuy Order ID : TPY7D6
WooCommerce Order ID : 369
Status : Dispatched
Message : Order Created Successfully
---------------------------------------------------------
Date and Time: May 17, 2023, 10:04 am
SKU : XT5x3g
Onbuy Order ID : TPY7D8
WooCommerce Order ID : 370
Status : Dispatched
Message : Order Created Successfully
---------------------------------------------------------
Date and Time: May 17, 2023, 10:04 am
SKU : XT5x3g
Onbuy Order ID : TPY7DG
WooCommerce Order ID : 371
Status : Dispatched
Message : Order Created Successfully
---------------------------------------------------------
Date and Time: May 17, 2023, 10:04 am
SKU : XT5x3g
Onbuy Order ID : TPY7DK
WooCommerce Order ID : 372
Status : Dispatched
Message : Order Created Successfully
---------------------------------------------------------
Date and Time: May 17, 2023, 10:04 am
SKU : XT5x3g
Onbuy Order ID : TPY7G9
WooCommerce Order ID : 373
Status : Dispatched
Message : Order Created Successfully
---------------------------------------------------------
Date and Time: May 17, 2023, 10:04 am
SKU : XT5x3g
Onbuy Order ID : TPY7HR
WooCommerce Order ID : 374
Status : Dispatched
Message : Order Created Successfully
---------------------------------------------------------
Date and Time: May 17, 2023, 10:04 am
SKU : XT5x3g
Onbuy Order ID : TPY7JT
WooCommerce Order ID : 375
Status : Dispatched
Message : Order Created Successfully
---------------------------------------------------------
Date and Time: May 17, 2023, 10:04 am
SKU : XT5x3g
Onbuy Order ID : TPY7JV
WooCommerce Order ID : 376
Status : Dispatched
Message : Order Created Successfully
---------------------------------------------------------
Date and Time: May 17, 2023, 10:04 am
SKU : XT5x3g
Onbuy Order ID : TPY7MV
WooCommerce Order ID : 377
Status : Dispatched
Message : Order Created Successfully
---------------------------------------------------------
Date and Time: May 17, 2023, 10:04 am
SKU : XT5x3g
Onbuy Order ID : TPY7N6
WooCommerce Order ID : 378
Status : Dispatched
Message : Order Created Successfully
---------------------------------------------------------
Date and Time: May 17, 2023, 10:04 am
SKU : XT5x3g
Onbuy Order ID : TPY7NV
WooCommerce Order ID : 379
Status : Dispatched
Message : Order Created Successfully
---------------------------------------------------------
Date and Time: May 17, 2023, 10:13 am
SKU : XT5x3g
Onbuy Order ID : TPYDRW
WooCommerce Order ID : 380
Status : Dispatched
Message : Order Created Successfully
---------------------------------------------------------
Date and Time: May 17, 2023, 10:13 am
SKU : XT5x3g
Onbuy Order ID : TPYDX8
WooCommerce Order ID : 381
Status : Dispatched
Message : Order Created Successfully
---------------------------------------------------------
Date and Time: May 17, 2023, 10:13 am
SKU : XT5x3g
Onbuy Order ID : TPYDX9
WooCommerce Order ID : 382
Status : Dispatched
Message : Order Created Successfully
---------------------------------------------------------
Date and Time: May 17, 2023, 10:13 am
SKU : XT5x3g
Onbuy Order ID : TPYDXH
WooCommerce Order ID : 383
Status : Dispatched
Message : Order Created Successfully
---------------------------------------------------------
Date and Time: May 17, 2023, 10:13 am
SKU : XT5x3g
Onbuy Order ID : TPYDXY
WooCommerce Order ID : 384
Status : Dispatched
Message : Order Created Successfully
---------------------------------------------------------
Date and Time: May 17, 2023, 10:13 am
SKU : XT5x3g
Onbuy Order ID : TPYDY9
WooCommerce Order ID : 385
Status : Dispatched
Message : Order Created Successfully
---------------------------------------------------------
Date and Time: May 17, 2023, 10:13 am
SKU : XT5x3g
Onbuy Order ID : TPYDZW
WooCommerce Order ID : 386
Status : Dispatched
Message : Order Created Successfully
---------------------------------------------------------
Date and Time: May 17, 2023, 10:13 am
SKU : XT5x3g
Onbuy Order ID : TPYF2C
WooCommerce Order ID : 387
Status : Dispatched
Message : Order Created Successfully
---------------------------------------------------------
Date and Time: May 17, 2023, 10:13 am
SKU : XT5x3g
Onbuy Order ID : TPYF2Y
WooCommerce Order ID : 388
Status : Dispatched
Message : Order Created Successfully
---------------------------------------------------------
Date and Time: May 17, 2023, 10:13 am
SKU : XT5x3g
Onbuy Order ID : TPYF5Y
WooCommerce Order ID : 389
Status : Dispatched
Message : Order Created Successfully
---------------------------------------------------------
Date and Time: May 17, 2023, 10:13 am
SKU : XT5x3g
Onbuy Order ID : TPYF78
WooCommerce Order ID : 390
Status : Dispatched
Message : Order Created Successfully
---------------------------------------------------------
Date and Time: May 17, 2023, 10:13 am
SKU : XT5x3g
Onbuy Order ID : TPYF9C
WooCommerce Order ID : 391
Status : Dispatched
Message : Order Created Successfully
---------------------------------------------------------
Date and Time: May 17, 2023, 10:13 am
SKU : XT5x3g
Onbuy Order ID : TPYF9X
WooCommerce Order ID : 392
Status : Dispatched
Message : Order Created Successfully
---------------------------------------------------------
Date and Time: May 17, 2023, 10:13 am
SKU : XT5x3g
Onbuy Order ID : TPYFBC
WooCommerce Order ID : 393
Status : Dispatched
Message : Order Created Successfully
---------------------------------------------------------
Date and Time: May 17, 2023, 10:13 am
SKU : XT5x3g
Onbuy Order ID : TPYFBS
WooCommerce Order ID : 394
Status : Dispatched
Message : Order Created Successfully
---------------------------------------------------------
Date and Time: May 17, 2023, 10:13 am
SKU : XT5x3g
Onbuy Order ID : TPYFBV
WooCommerce Order ID : 395
Status : Dispatched
Message : Order Created Successfully
---------------------------------------------------------
Date and Time: May 17, 2023, 10:13 am
SKU : XT5x3g
Onbuy Order ID : TPYFDB
WooCommerce Order ID : 396
Status : Dispatched
Message : Order Created Successfully
---------------------------------------------------------
Date and Time: May 17, 2023, 10:13 am
SKU : XT5x3g
Onbuy Order ID : TPYFDT
WooCommerce Order ID : 397
Status : Dispatched
Message : Order Created Successfully
---------------------------------------------------------
Date and Time: May 17, 2023, 10:13 am
SKU : XT5x3g
Onbuy Order ID : TPYFGK
WooCommerce Order ID : 398
Status : Dispatched
Message : Order Created Successfully
---------------------------------------------------------
Date and Time: May 17, 2023, 10:13 am
SKU : XT5x3g
Onbuy Order ID : TPYFGS
WooCommerce Order ID : 399
Status : Dispatched
Message : Order Created Successfully
---------------------------------------------------------
Date and Time: May 17, 2023, 10:13 am
SKU : XT5x3g
Onbuy Order ID : TPYFGY
WooCommerce Order ID : 400
Status : Dispatched
Message : Order Created Successfully
---------------------------------------------------------
Date and Time: May 17, 2023, 10:13 am
SKU : XT5x3g
Onbuy Order ID : TPYFHC
WooCommerce Order ID : 401
Status : Dispatched
Message : Order Created Successfully
---------------------------------------------------------
Date and Time: May 17, 2023, 10:13 am
SKU : XT5x3g
Onbuy Order ID : TPYFHD
WooCommerce Order ID : 402
Status : Dispatched
Message : Order Created Successfully
---------------------------------------------------------
Date and Time: May 17, 2023, 10:13 am
SKU : XT5x3g
Onbuy Order ID : TPYFHF
WooCommerce Order ID : 403
Status : Dispatched
Message : Order Created Successfully
---------------------------------------------------------
Date and Time: May 17, 2023, 10:13 am
SKU : XT5x3g
Onbuy Order ID : TPYFJ7
WooCommerce Order ID : 404
Status : Dispatched
Message : Order Created Successfully
---------------------------------------------------------
Date and Time: May 17, 2023, 10:13 am
SKU : XT5x3g
Onbuy Order ID : TPYFJJ
WooCommerce Order ID : 405
Status : Dispatched
Message : Order Created Successfully
---------------------------------------------------------
Date and Time: May 17, 2023, 10:13 am
SKU : XT5x3g
Onbuy Order ID : TPYFJX
WooCommerce Order ID : 406
Status : Dispatched
Message : Order Created Successfully
---------------------------------------------------------
Date and Time: May 17, 2023, 10:13 am
SKU : XT5x3g
Onbuy Order ID : TPYFMG
WooCommerce Order ID : 407
Status : Dispatched
Message : Order Created Successfully
---------------------------------------------------------
Date and Time: May 17, 2023, 10:13 am
SKU : XT5x3g
Onbuy Order ID : TPYFMY
WooCommerce Order ID : 408
Status : Dispatched
Message : Order Created Successfully
---------------------------------------------------------
Date and Time: May 17, 2023, 10:13 am
SKU : XT5x3g
Onbuy Order ID : TPYFN8
WooCommerce Order ID : 409
Status : Dispatched
Message : Order Created Successfully
---------------------------------------------------------
Date and Time: May 17, 2023, 10:13 am
SKU : XT5x3g
Onbuy Order ID : TPYFP8
WooCommerce Order ID : 410
Status : Dispatched
Message : Order Created Successfully
---------------------------------------------------------
Date and Time: May 17, 2023, 10:13 am
SKU : XT5x3g
Onbuy Order ID : TPYFP9
WooCommerce Order ID : 411
Status : Dispatched
Message : Order Created Successfully
---------------------------------------------------------
Date and Time: May 17, 2023, 10:13 am
SKU : XT5x3g
Onbuy Order ID : TPYFPN
WooCommerce Order ID : 412
Status : Dispatched
Message : Order Created Successfully
---------------------------------------------------------
Date and Time: May 17, 2023, 10:13 am
SKU : XT5x3g
Onbuy Order ID : TPYFQ5
WooCommerce Order ID : 413
Status : Dispatched
Message : Order Created Successfully
---------------------------------------------------------
Date and Time: May 17, 2023, 10:13 am
SKU : XT5x3g
Onbuy Order ID : TPYFQC
WooCommerce Order ID : 414
Status : Dispatched
Message : Order Created Successfully
---------------------------------------------------------
Date and Time: May 17, 2023, 10:13 am
SKU : XT5x3g
Onbuy Order ID : TPYFR6
WooCommerce Order ID : 415
Status : Dispatched
Message : Order Created Successfully
---------------------------------------------------------
Date and Time: May 17, 2023, 10:13 am
SKU : XT5x3g
Onbuy Order ID : TPYFRW
WooCommerce Order ID : 416
Status : Dispatched
Message : Order Created Successfully
---------------------------------------------------------
Date and Time: May 17, 2023, 10:13 am
SKU : XT5x3g
Onbuy Order ID : TPYFS7
WooCommerce Order ID : 417
Status : Dispatched
Message : Order Created Successfully
---------------------------------------------------------
Date and Time: May 17, 2023, 10:13 am
SKU : XT5x3g
Onbuy Order ID : TPYFSM
WooCommerce Order ID : 418
Status : Dispatched
Message : Order Created Successfully
---------------------------------------------------------
Date and Time: May 17, 2023, 10:13 am
SKU : XT5x3g
Onbuy Order ID : TPYFSX
WooCommerce Order ID : 419
Status : Dispatched
Message : Order Created Successfully
---------------------------------------------------------
Date and Time: May 17, 2023, 10:13 am
SKU : XT5x3g
Onbuy Order ID : TPYFT6
WooCommerce Order ID : 420
Status : Dispatched
Message : Order Created Successfully
---------------------------------------------------------
Date and Time: May 17, 2023, 10:13 am
SKU : XT5x3g
Onbuy Order ID : TPYFVV
WooCommerce Order ID : 421
Status : Dispatched
Message : Order Created Successfully
---------------------------------------------------------
Date and Time: May 17, 2023, 10:13 am
SKU : XT5x3g
Onbuy Order ID : TPYFWG
WooCommerce Order ID : 422
Status : Dispatched
Message : Order Created Successfully
---------------------------------------------------------
Date and Time: May 17, 2023, 10:13 am
SKU : XT5x3g
Onbuy Order ID : TPYFXJ
WooCommerce Order ID : 423
Status : Dispatched
Message : Order Created Successfully
---------------------------------------------------------
Date and Time: May 17, 2023, 10:13 am
SKU : XT5x3g
Onbuy Order ID : TPYFZ7
WooCommerce Order ID : 424
Status : Dispatched
Message : Order Created Successfully
---------------------------------------------------------
Date and Time: May 17, 2023, 10:13 am
SKU : XT5x3g
Onbuy Order ID : TPYFZB
WooCommerce Order ID : 425
Status : Dispatched
Message : Order Created Successfully
---------------------------------------------------------
Date and Time: May 17, 2023, 10:13 am
SKU : XT5x3g
Onbuy Order ID : TPYG28
WooCommerce Order ID : 426
Status : Dispatched
Message : Order Created Successfully
---------------------------------------------------------
Date and Time: May 17, 2023, 10:13 am
SKU : XT5x3g
Onbuy Order ID : TPYG2D
WooCommerce Order ID : 427
Status : Dispatched
Message : Order Created Successfully
---------------------------------------------------------
Date and Time: May 17, 2023, 10:13 am
SKU : XT5x3g
Onbuy Order ID : TPYG55
WooCommerce Order ID : 428
Status : Dispatched
Message : Order Created Successfully
---------------------------------------------------------
Date and Time: May 17, 2023, 10:13 am
SKU : XT5x3g
Onbuy Order ID : TPYG58
WooCommerce Order ID : 429
Status : Dispatched
Message : Order Created Successfully
---------------------------------------------------------
Date and Time: May 17, 2023, 1:35 pm
SKU : XT5x3g
Onbuy Order ID : TXQVD6
WooCommerce Order ID : 430
Status : Awaiting Dispatch
Message : Order Created Successfully
---------------------------------------------------------
Date and Time: May 17, 2023, 1:35 pm
SKU : XT5x3g
Onbuy Order ID : TPYVDW
WooCommerce Order ID : 431
Status : Dispatched
Message : Order Created Successfully
---------------------------------------------------------
Date and Time: May 17, 2023, 1:35 pm
SKU : XT5x3g
Onbuy Order ID : TPYVHF
WooCommerce Order ID : 432
Status : Dispatched
Message : Order Created Successfully
---------------------------------------------------------
Date and Time: May 17, 2023, 1:35 pm
SKU : XT5x3g
Onbuy Order ID : TPYVHV
WooCommerce Order ID : 433
Status : Dispatched
Message : Order Created Successfully
---------------------------------------------------------
Date and Time: May 17, 2023, 1:35 pm
SKU : XT5x3g
Onbuy Order ID : TPYVJ7
WooCommerce Order ID : 434
Status : Dispatched
Message : Order Created Successfully
---------------------------------------------------------
Date and Time: May 17, 2023, 1:35 pm
SKU : XT5x3g
Onbuy Order ID : TPYVND
WooCommerce Order ID : 435
Status : Dispatched
Message : Order Created Successfully
---------------------------------------------------------
Date and Time: May 17, 2023, 1:35 pm
SKU : XT5x3g
Onbuy Order ID : TPYVPQ
WooCommerce Order ID : 436
Status : Dispatched
Message : Order Created Successfully
---------------------------------------------------------
Date and Time: May 17, 2023, 1:35 pm
SKU : XT5x3g
Onbuy Order ID : TPYVQD
WooCommerce Order ID : 437
Status : Dispatched
Message : Order Created Successfully
---------------------------------------------------------
Date and Time: May 17, 2023, 1:35 pm
SKU : XT5x3g
Onbuy Order ID : TPYVQX
WooCommerce Order ID : 438
Status : Dispatched
Message : Order Created Successfully
---------------------------------------------------------
Date and Time: May 17, 2023, 1:35 pm
SKU : XT5x3g
Onbuy Order ID : TPYVS7
WooCommerce Order ID : 439
Status : Dispatched
Message : Order Created Successfully
---------------------------------------------------------
Date and Time: May 17, 2023, 1:35 pm
SKU : XT5x3g
Onbuy Order ID : TPYVSN
WooCommerce Order ID : 440
Status : Dispatched
Message : Order Created Successfully
---------------------------------------------------------
Date and Time: May 17, 2023, 1:35 pm
SKU : XT5x3g
Onbuy Order ID : TPYVSW
WooCommerce Order ID : 441
Status : Dispatched
Message : Order Created Successfully
---------------------------------------------------------
Date and Time: May 17, 2023, 1:35 pm
SKU : XT5x3g
Onbuy Order ID : TPYVTQ
WooCommerce Order ID : 442
Status : Dispatched
Message : Order Created Successfully
---------------------------------------------------------
Date and Time: May 17, 2023, 1:35 pm
SKU : XT5x3g
Onbuy Order ID : TPYVTR
WooCommerce Order ID : 443
Status : Dispatched
Message : Order Created Successfully
---------------------------------------------------------
Date and Time: May 17, 2023, 1:35 pm
SKU : XT5x3g
Onbuy Order ID : TPYVVK
WooCommerce Order ID : 444
Status : Dispatched
Message : Order Created Successfully
---------------------------------------------------------
Date and Time: May 17, 2023, 1:35 pm
SKU : XT5x3g
Onbuy Order ID : TPYVVR
WooCommerce Order ID : 445
Status : Dispatched
Message : Order Created Successfully
---------------------------------------------------------
Date and Time: May 17, 2023, 1:35 pm
SKU : XT5x3g
Onbuy Order ID : TPYVVY
WooCommerce Order ID : 446
Status : Dispatched
Message : Order Created Successfully
---------------------------------------------------------
Date and Time: May 17, 2023, 1:35 pm
SKU : XT5x3g
Onbuy Order ID : TPYVWF
WooCommerce Order ID : 447
Status : Dispatched
Message : Order Created Successfully
---------------------------------------------------------
Date and Time: May 17, 2023, 1:35 pm
SKU : XT5x3g
Onbuy Order ID : TPYVX9
WooCommerce Order ID : 448
Status : Dispatched
Message : Order Created Successfully
---------------------------------------------------------
Date and Time: May 17, 2023, 1:35 pm
SKU : XT5x3g
Onbuy Order ID : TPYVYH
WooCommerce Order ID : 449
Status : Dispatched
Message : Order Created Successfully
---------------------------------------------------------
Date and Time: May 17, 2023, 1:35 pm
SKU : XT5x3g
Onbuy Order ID : TPYVYQ
WooCommerce Order ID : 450
Status : Dispatched
Message : Order Created Successfully
---------------------------------------------------------
Date and Time: May 17, 2023, 1:35 pm
SKU : XT5x3g
Onbuy Order ID : TPYVZB
WooCommerce Order ID : 451
Status : Dispatched
Message : Order Created Successfully
---------------------------------------------------------
Date and Time: May 17, 2023, 1:35 pm
SKU : XT5x3g
Onbuy Order ID : TPYVZD
WooCommerce Order ID : 452
Status : Dispatched
Message : Order Created Successfully
---------------------------------------------------------
Date and Time: May 17, 2023, 1:35 pm
SKU : XT5x3g
Onbuy Order ID : TPYW25
WooCommerce Order ID : 453
Status : Dispatched
Message : Order Created Successfully
---------------------------------------------------------
Date and Time: May 17, 2023, 1:35 pm
SKU : XT5x3g
Onbuy Order ID : TPYW27
WooCommerce Order ID : 454
Status : Dispatched
Message : Order Created Successfully
---------------------------------------------------------
Date and Time: May 17, 2023, 1:35 pm
SKU : XT5x3g
Onbuy Order ID : TPYW2K
WooCommerce Order ID : 455
Status : Dispatched
Message : Order Created Successfully
---------------------------------------------------------
Date and Time: May 17, 2023, 1:35 pm
SKU : XT5x3g
Onbuy Order ID : TPYW2R
WooCommerce Order ID : 456
Status : Dispatched
Message : Order Created Successfully
---------------------------------------------------------
Date and Time: May 17, 2023, 1:35 pm
SKU : XT5x3g
Onbuy Order ID : TPYW2X
WooCommerce Order ID : 457
Status : Dispatched
Message : Order Created Successfully
---------------------------------------------------------
Date and Time: May 17, 2023, 1:35 pm
SKU : XT5x3g
Onbuy Order ID : TPYW6C
WooCommerce Order ID : 458
Status : Dispatched
Message : Order Created Successfully
---------------------------------------------------------
Date and Time: May 17, 2023, 1:35 pm
SKU : XT5x3g
Onbuy Order ID : TPYW6N
WooCommerce Order ID : 459
Status : Dispatched
Message : Order Created Successfully
---------------------------------------------------------
Date and Time: May 17, 2023, 1:35 pm
SKU : XT5x3g
Onbuy Order ID : TPYW6R
WooCommerce Order ID : 460
Status : Dispatched
Message : Order Created Successfully
---------------------------------------------------------
Date and Time: May 17, 2023, 1:35 pm
SKU : XT5x3g
Onbuy Order ID : TPYW76
WooCommerce Order ID : 461
Status : Dispatched
Message : Order Created Successfully
---------------------------------------------------------
Date and Time: May 17, 2023, 1:35 pm
SKU : XT5x3g
Onbuy Order ID : TPYW7G
WooCommerce Order ID : 462
Status : Dispatched
Message : Order Created Successfully
---------------------------------------------------------
Date and Time: May 17, 2023, 1:35 pm
SKU : XT5x3g
Onbuy Order ID : TPYW7S
WooCommerce Order ID : 463
Status : Dispatched
Message : Order Created Successfully
---------------------------------------------------------
Date and Time: May 17, 2023, 1:35 pm
SKU : XT5x3g
Onbuy Order ID : TPYW8F
WooCommerce Order ID : 464
Status : Dispatched
Message : Order Created Successfully
---------------------------------------------------------
Date and Time: May 17, 2023, 1:35 pm
SKU : XT5x3g
Onbuy Order ID : TPYW9G
WooCommerce Order ID : 465
Status : Dispatched
Message : Order Created Successfully
---------------------------------------------------------
Date and Time: May 17, 2023, 1:35 pm
SKU : XT5x3g
Onbuy Order ID : TPYW9W
WooCommerce Order ID : 466
Status : Dispatched
Message : Order Created Successfully
---------------------------------------------------------
Date and Time: May 17, 2023, 1:36 pm
SKU : XT5x3g
Onbuy Order ID : TPYWBN
WooCommerce Order ID : 467
Status : Dispatched
Message : Order Created Successfully
---------------------------------------------------------
Date and Time: May 17, 2023, 1:36 pm
SKU : XT5x3g
Onbuy Order ID : TPYWCD
WooCommerce Order ID : 468
Status : Dispatched
Message : Order Created Successfully
---------------------------------------------------------
Date and Time: May 17, 2023, 1:36 pm
SKU : XT5x3g
Onbuy Order ID : TPYWCS
WooCommerce Order ID : 469
Status : Dispatched
Message : Order Created Successfully
---------------------------------------------------------
Date and Time: May 17, 2023, 1:36 pm
SKU : XT5x3g
Onbuy Order ID : TPYWCZ
WooCommerce Order ID : 470
Status : Dispatched
Message : Order Created Successfully
---------------------------------------------------------
Date and Time: May 17, 2023, 1:36 pm
SKU : XT5x3g
Onbuy Order ID : TPYWD2
WooCommerce Order ID : 471
Status : Dispatched
Message : Order Created Successfully
---------------------------------------------------------
Date and Time: May 17, 2023, 1:36 pm
SKU : XT5x3g
Onbuy Order ID : TPYWD9
WooCommerce Order ID : 472
Status : Dispatched
Message : Order Created Successfully
---------------------------------------------------------
Date and Time: May 17, 2023, 1:36 pm
SKU : XT5x3g
Onbuy Order ID : TPYWDD
WooCommerce Order ID : 473
Status : Dispatched
Message : Order Created Successfully
---------------------------------------------------------
Date and Time: May 17, 2023, 1:36 pm
SKU : XT5x3g
Onbuy Order ID : TPYWDN
WooCommerce Order ID : 474
Status : Dispatched
Message : Order Created Successfully
---------------------------------------------------------
Date and Time: May 17, 2023, 1:36 pm
SKU : XT5x3g
Onbuy Order ID : TPYWDV
WooCommerce Order ID : 475
Status : Dispatched
Message : Order Created Successfully
---------------------------------------------------------
Date and Time: May 17, 2023, 1:36 pm
SKU : XT5x3g
Onbuy Order ID : TPYWF6
WooCommerce Order ID : 476
Status : Dispatched
Message : Order Created Successfully
---------------------------------------------------------
Date and Time: May 17, 2023, 1:36 pm
SKU : XT5x3g
Onbuy Order ID : TPYWFC
WooCommerce Order ID : 477
Status : Dispatched
Message : Order Created Successfully
---------------------------------------------------------
Date and Time: May 17, 2023, 1:36 pm
SKU : XT5x3g
Onbuy Order ID : TPYWFF
WooCommerce Order ID : 478
Status : Dispatched
Message : Order Created Successfully
---------------------------------------------------------
Date and Time: May 17, 2023, 1:36 pm
SKU : XT5x3g
Onbuy Order ID : TPYWFJ
WooCommerce Order ID : 479
Status : Dispatched
Message : Order Created Successfully
---------------------------------------------------------
