Date and Time: 2023-05-16 07:23:19
SKU : TOPBUXUS200g
Price : 
Stock : 
Error details : SKU does not exist
SKU : GR5
Price : 34.95
Stock : 0
SKU : XT5x3g
Price : 19.95
Stock : 0
SKU : 
Price : 18.9
Stock : 0
Error details : A SKU is required for each listing
SKU : TOPBUXUS200g
Price : 
Stock : 
Error details : SKU does not exist
SKU : GR5
Price : 34.95
Stock : 0
SKU : XT5x3g
Price : 19.95
Stock : 0
SKU : 
Price : 18.9
Stock : 0
Error details : A SKU is required for each listing
SKU : TOPBUXUS200g
Price : 
Stock : 
Error details : SKU does not exist
SKU : GR5
Price : 34.95
Stock : 0
SKU : XT5x3g
Price : 19.95
Stock : 0
SKU : 
Price : 18.9
Stock : 0
Error details : A SKU is required for each listing
SKU : TOPBUXUS200g
Price : 
Stock : 
Error details : SKU does not exist
SKU : GR5
Price : 34.95
Stock : 0
SKU : XT5x3g
Price : 19.95
Stock : 0
SKU : 
Price : 18.9
Stock : 0
Error details : A SKU is required for each listing
Message : Not Updated
---------------------------------------------------------
Date and Time: 2023-05-16 07:53:07
SKU : TOPBUXUS200g
Price : 
Stock : 
Error details : SKU does not exist
SKU : GR5
Price : 34.95
Stock : 0
SKU : XT5x3g
Price : 19.95
Stock : 0
SKU : 
Price : 18.9
Stock : 0
Error details : A SKU is required for each listing
SKU : TOPBUXUS200g
Price : 
Stock : 
Error details : SKU does not exist
SKU : GR5
Price : 34.95
Stock : 0
SKU : XT5x3g
Price : 19.95
Stock : 0
SKU : 
Price : 18.9
Stock : 0
Error details : A SKU is required for each listing
SKU : TOPBUXUS200g
Price : 
Stock : 
Error details : SKU does not exist
SKU : GR5
Price : 34.95
Stock : 0
SKU : XT5x3g
Price : 19.95
Stock : 0
SKU : 
Price : 18.9
Stock : 0
Error details : A SKU is required for each listing
SKU : TOPBUXUS200g
Price : 
Stock : 
Error details : SKU does not exist
SKU : GR5
Price : 34.95
Stock : 0
SKU : XT5x3g
Price : 19.95
Stock : 0
SKU : 
Price : 18.9
Stock : 0
Error details : A SKU is required for each listing
Message : Not Updated
---------------------------------------------------------
