Date and Time: 2023-05-17 07:14:44
SKU : TOPBUXUS200g
Price : 
Stock : 
Error details : SKU does not exist
SKU : GR5
Price : 34.95
Stock : 0
SKU : XT5x3g
Price : 19.95
Stock : 0
SKU : 
Price : 18.9
Stock : 0
Error details : A SKU is required for each listing
SKU : TOPBUXUS200g
Price : 
Stock : 
Error details : SKU does not exist
SKU : GR5
Price : 34.95
Stock : 0
SKU : XT5x3g
Price : 19.95
Stock : 0
SKU : 
Price : 18.9
Stock : 0
Error details : A SKU is required for each listing
SKU : TOPBUXUS200g
Price : 
Stock : 
Error details : SKU does not exist
SKU : GR5
Price : 34.95
Stock : 0
SKU : XT5x3g
Price : 19.95
Stock : 0
SKU : 
Price : 18.9
Stock : 0
Error details : A SKU is required for each listing
SKU : TOPBUXUS200g
Price : 
Stock : 
Error details : SKU does not exist
SKU : GR5
Price : 34.95
Stock : 0
SKU : XT5x3g
Price : 19.95
Stock : 0
SKU : 
Price : 18.9
Stock : 0
Error details : A SKU is required for each listing
Message : Not Updated
---------------------------------------------------------
Date and Time: 2023-05-17 08:30:02
SKU : TOPBUXUS200g
Price : 
Stock : 
Error details : SKU does not exist
SKU : GR5
Price : 34.95
Stock : 0
SKU : XT5x3g
Price : 19.95
Stock : 0
SKU : 
Price : 18.9
Stock : 0
Error details : A SKU is required for each listing
SKU : TOPBUXUS200g
Price : 
Stock : 
Error details : SKU does not exist
SKU : GR5
Price : 34.95
Stock : 0
SKU : XT5x3g
Price : 19.95
Stock : 0
SKU : 
Price : 18.9
Stock : 0
Error details : A SKU is required for each listing
SKU : TOPBUXUS200g
Price : 
Stock : 
Error details : SKU does not exist
SKU : GR5
Price : 34.95
Stock : 0
SKU : XT5x3g
Price : 19.95
Stock : 0
SKU : 
Price : 18.9
Stock : 0
Error details : A SKU is required for each listing
SKU : TOPBUXUS200g
Price : 
Stock : 
Error details : SKU does not exist
SKU : GR5
Price : 34.95
Stock : 0
SKU : XT5x3g
Price : 19.95
Stock : 0
SKU : 
Price : 18.9
Stock : 0
Error details : A SKU is required for each listing
Message : Not Updated
---------------------------------------------------------
Date and Time: 2023-05-17 08:32:52
SKU : TOPBUXUS200g
Price : 
Stock : 
Error details : SKU does not exist
Message : Not Updated
---------------------------------------------------------
Date and Time: 2023-05-17 08:37:01
SKU : TOPBUXUS200g
Price : 
Stock : 
Error details : SKU does not exist
Message : Not Updated
---------------------------------------------------------
Date and Time: 2023-05-17 09:22:56
SKU : TOPBUXUS200g
Price : 
Stock : 
Error details : SKU does not exist
Message : Not Updated
---------------------------------------------------------
Date and Time: 2023-05-17 09:55:24
SKU : TOPBUXUS200g
Price : 
Stock : 
Error details : SKU does not exist
SKU : GR5
Price : 34.95
Stock : 0
SKU : XT5x3g
Price : 19.95
Stock : 0
SKU : 
Price : 18.9
Stock : 0
Error details : A SKU is required for each listing
SKU : TOPBUXUS200g
Price : 
Stock : 
Error details : SKU does not exist
SKU : GR5
Price : 34.95
Stock : 0
SKU : XT5x3g
Price : 19.95
Stock : 0
SKU : 
Price : 18.9
Stock : 0
Error details : A SKU is required for each listing
SKU : TOPBUXUS200g
Price : 
Stock : 
Error details : SKU does not exist
SKU : GR5
Price : 34.95
Stock : 0
SKU : XT5x3g
Price : 19.95
Stock : 0
SKU : 
Price : 18.9
Stock : 0
Error details : A SKU is required for each listing
SKU : TOPBUXUS200g
Price : 
Stock : 
Error details : SKU does not exist
SKU : GR5
Price : 34.95
Stock : 0
SKU : XT5x3g
Price : 19.95
Stock : 0
SKU : 
Price : 18.9
Stock : 0
Error details : A SKU is required for each listing
Message : Not Updated
---------------------------------------------------------
Date and Time: 2023-05-17 09:55:47
SKU : TOPBUXUS200g
Price : 
Stock : 
Error details : SKU does not exist
SKU : GR5
Price : 34.95
Stock : 0
SKU : XT5x3g
Price : 19.95
Stock : 0
SKU : 
Price : 18.9
Stock : 0
Error details : A SKU is required for each listing
SKU : TOPBUXUS200g
Price : 
Stock : 
Error details : SKU does not exist
SKU : GR5
Price : 34.95
Stock : 0
SKU : XT5x3g
Price : 19.95
Stock : 0
SKU : 
Price : 18.9
Stock : 0
Error details : A SKU is required for each listing
SKU : TOPBUXUS200g
Price : 
Stock : 
Error details : SKU does not exist
SKU : GR5
Price : 34.95
Stock : 0
SKU : XT5x3g
Price : 19.95
Stock : 0
SKU : 
Price : 18.9
Stock : 0
Error details : A SKU is required for each listing
SKU : TOPBUXUS200g
Price : 
Stock : 
Error details : SKU does not exist
SKU : GR5
Price : 34.95
Stock : 0
SKU : XT5x3g
Price : 19.95
Stock : 0
SKU : 
Price : 18.9
Stock : 0
Error details : A SKU is required for each listing
Message : Not Updated
---------------------------------------------------------
