Date and Time: 2023-06-01 07:08:00
SKU : PH2
Price : 18.9
Stock : 928
SKU : HM10
Price : 14.95
Stock : 968
SKU : GR500g
Price : 10.95
Stock : 984
SKU : MO1
Price : 24.95
Stock : 950
SKU : TR1x4
Price : 16.76
Stock : 83
SKU : CA70
Price : 24.95
Stock : 988
SKU : HM100
Price : 89.95
Stock : 995
SKU : SP2
Price : 39.95
Stock : 179
SKU : SP8
Price : 69.95
Stock : 239
SKU : TOPBUXUS200g
Price : 
Stock : 
Error details : SKU does not exist
SKU : PH2
Price : 18.9
Stock : 928
SKU : HM10
Price : 14.95
Stock : 968
SKU : GR500g
Price : 10.95
Stock : 984
SKU : MO1
Price : 24.95
Stock : 950
SKU : TR1x4
Price : 16.76
Stock : 83
SKU : CA70
Price : 24.95
Stock : 988
SKU : HM100
Price : 89.95
Stock : 995
SKU : SP2
Price : 39.95
Stock : 179
SKU : SP8
Price : 69.95
Stock : 239
SKU : TOPBUXUS200g
Price : 
Stock : 
Error details : SKU does not exist
SKU : PH2
Price : 18.9
Stock : 928
SKU : HM10
Price : 14.95
Stock : 968
SKU : GR500g
Price : 10.95
Stock : 984
SKU : MO1
Price : 24.95
Stock : 950
SKU : TR1x4
Price : 16.76
Stock : 83
SKU : CA70
Price : 24.95
Stock : 988
SKU : HM100
Price : 89.95
Stock : 995
SKU : SP2
Price : 39.95
Stock : 179
SKU : SP8
Price : 69.95
Stock : 239
SKU : TOPBUXUS200g
Price : 
Stock : 
Error details : SKU does not exist
SKU : PH2
Price : 18.9
Stock : 928
SKU : HM10
Price : 14.95
Stock : 968
SKU : GR500g
Price : 10.95
Stock : 984
SKU : MO1
Price : 24.95
Stock : 950
SKU : TR1x4
Price : 16.76
Stock : 83
SKU : CA70
Price : 24.95
Stock : 988
SKU : HM100
Price : 89.95
Stock : 995
SKU : SP2
Price : 39.95
Stock : 179
SKU : SP8
Price : 69.95
Stock : 239
SKU : TOPBUXUS200g
Price : 
Stock : 
Error details : SKU does not exist
SKU : PH2
Price : 18.9
Stock : 928
SKU : HM10
Price : 14.95
Stock : 968
SKU : GR500g
Price : 10.95
Stock : 984
SKU : MO1
Price : 24.95
Stock : 950
SKU : TR1x4
Price : 16.76
Stock : 83
SKU : CA70
Price : 24.95
Stock : 988
SKU : HM100
Price : 89.95
Stock : 995
SKU : SP2
Price : 39.95
Stock : 179
SKU : SP8
Price : 69.95
Stock : 239
SKU : TOPBUXUS200g
Price : 
Stock : 
Error details : SKU does not exist
SKU : PH2
Price : 18.9
Stock : 928
SKU : HM10
Price : 14.95
Stock : 968
SKU : GR500g
Price : 10.95
Stock : 984
SKU : MO1
Price : 24.95
Stock : 950
SKU : TR1x4
Price : 16.76
Stock : 83
SKU : CA70
Price : 24.95
Stock : 988
SKU : HM100
Price : 89.95
Stock : 995
SKU : SP2
Price : 39.95
Stock : 179
SKU : SP8
Price : 69.95
Stock : 239
SKU : TOPBUXUS200g
Price : 
Stock : 
Error details : SKU does not exist
SKU : PH2
Price : 18.9
Stock : 928
SKU : HM10
Price : 14.95
Stock : 968
SKU : GR500g
Price : 10.95
Stock : 984
SKU : MO1
Price : 24.95
Stock : 950
SKU : TR1x4
Price : 16.76
Stock : 83
SKU : CA70
Price : 24.95
Stock : 988
SKU : HM100
Price : 89.95
Stock : 995
SKU : SP2
Price : 39.95
Stock : 179
SKU : SP8
Price : 69.95
Stock : 239
SKU : TOPBUXUS200g
Price : 
Stock : 
Error details : SKU does not exist
SKU : PH2
Price : 18.9
Stock : 928
SKU : HM10
Price : 14.95
Stock : 968
SKU : GR500g
Price : 10.95
Stock : 984
SKU : MO1
Price : 24.95
Stock : 950
SKU : TR1x4
Price : 16.76
Stock : 83
SKU : CA70
Price : 24.95
Stock : 988
SKU : HM100
Price : 89.95
Stock : 995
SKU : SP2
Price : 39.95
Stock : 179
SKU : SP8
Price : 69.95
Stock : 239
SKU : TOPBUXUS200g
Price : 
Stock : 
Error details : SKU does not exist
SKU : PH2
Price : 18.9
Stock : 928
SKU : HM10
Price : 14.95
Stock : 968
SKU : GR500g
Price : 10.95
Stock : 984
SKU : MO1
Price : 24.95
Stock : 950
SKU : TR1x4
Price : 16.76
Stock : 83
SKU : CA70
Price : 24.95
Stock : 988
SKU : HM100
Price : 89.95
Stock : 995
SKU : SP2
Price : 39.95
Stock : 179
SKU : SP8
Price : 69.95
Stock : 239
SKU : TOPBUXUS200g
Price : 
Stock : 
Error details : SKU does not exist
SKU : PH2
Price : 18.9
Stock : 928
SKU : HM10
Price : 14.95
Stock : 968
SKU : GR500g
Price : 10.95
Stock : 984
SKU : MO1
Price : 24.95
Stock : 950
SKU : TR1x4
Price : 16.76
Stock : 83
SKU : CA70
Price : 24.95
Stock : 988
SKU : HM100
Price : 89.95
Stock : 995
SKU : SP2
Price : 39.95
Stock : 179
SKU : SP8
Price : 69.95
Stock : 239
SKU : TOPBUXUS200g
Price : 
Stock : 
Error details : SKU does not exist
Message : Not Updated
---------------------------------------------------------
Date and Time: 2023-06-01 07:08:11
SKU : PH2
Price : 18.9
Stock : 928
SKU : HM10
Price : 14.95
Stock : 968
SKU : GR500g
Price : 10.95
Stock : 984
SKU : MO1
Price : 24.95
Stock : 950
SKU : TR1x4
Price : 16.76
Stock : 83
SKU : CA70
Price : 24.95
Stock : 988
SKU : HM100
Price : 89.95
Stock : 995
SKU : SP2
Price : 39.95
Stock : 179
SKU : SP8
Price : 69.95
Stock : 239
SKU : TOPBUXUS200g
Price : 
Stock : 
Error details : SKU does not exist
SKU : PH2
Price : 18.9
Stock : 928
SKU : HM10
Price : 14.95
Stock : 968
SKU : GR500g
Price : 10.95
Stock : 984
SKU : MO1
Price : 24.95
Stock : 950
SKU : TR1x4
Price : 16.76
Stock : 83
SKU : CA70
Price : 24.95
Stock : 988
SKU : HM100
Price : 89.95
Stock : 995
SKU : SP2
Price : 39.95
Stock : 179
SKU : SP8
Price : 69.95
Stock : 239
SKU : TOPBUXUS200g
Price : 
Stock : 
Error details : SKU does not exist
SKU : PH2
Price : 18.9
Stock : 928
SKU : HM10
Price : 14.95
Stock : 968
SKU : GR500g
Price : 10.95
Stock : 984
SKU : MO1
Price : 24.95
Stock : 950
SKU : TR1x4
Price : 16.76
Stock : 83
SKU : CA70
Price : 24.95
Stock : 988
SKU : HM100
Price : 89.95
Stock : 995
SKU : SP2
Price : 39.95
Stock : 179
SKU : SP8
Price : 69.95
Stock : 239
SKU : TOPBUXUS200g
Price : 
Stock : 
Error details : SKU does not exist
SKU : PH2
Price : 18.9
Stock : 928
SKU : HM10
Price : 14.95
Stock : 968
SKU : GR500g
Price : 10.95
Stock : 984
SKU : MO1
Price : 24.95
Stock : 950
SKU : TR1x4
Price : 16.76
Stock : 83
SKU : CA70
Price : 24.95
Stock : 988
SKU : HM100
Price : 89.95
Stock : 995
SKU : SP2
Price : 39.95
Stock : 179
SKU : SP8
Price : 69.95
Stock : 239
SKU : TOPBUXUS200g
Price : 
Stock : 
Error details : SKU does not exist
SKU : PH2
Price : 18.9
Stock : 928
SKU : HM10
Price : 14.95
Stock : 968
SKU : GR500g
Price : 10.95
Stock : 984
SKU : MO1
Price : 24.95
Stock : 950
SKU : TR1x4
Price : 16.76
Stock : 83
SKU : CA70
Price : 24.95
Stock : 988
SKU : HM100
Price : 89.95
Stock : 995
SKU : SP2
Price : 39.95
Stock : 179
SKU : SP8
Price : 69.95
Stock : 239
SKU : TOPBUXUS200g
Price : 
Stock : 
Error details : SKU does not exist
SKU : PH2
Price : 18.9
Stock : 928
SKU : HM10
Price : 14.95
Stock : 968
SKU : GR500g
Price : 10.95
Stock : 984
SKU : MO1
Price : 24.95
Stock : 950
SKU : TR1x4
Price : 16.76
Stock : 83
SKU : CA70
Price : 24.95
Stock : 988
SKU : HM100
Price : 89.95
Stock : 995
SKU : SP2
Price : 39.95
Stock : 179
SKU : SP8
Price : 69.95
Stock : 239
SKU : TOPBUXUS200g
Price : 
Stock : 
Error details : SKU does not exist
SKU : PH2
Price : 18.9
Stock : 928
SKU : HM10
Price : 14.95
Stock : 968
SKU : GR500g
Price : 10.95
Stock : 984
SKU : MO1
Price : 24.95
Stock : 950
SKU : TR1x4
Price : 16.76
Stock : 83
SKU : CA70
Price : 24.95
Stock : 988
SKU : HM100
Price : 89.95
Stock : 995
SKU : SP2
Price : 39.95
Stock : 179
SKU : SP8
Price : 69.95
Stock : 239
SKU : TOPBUXUS200g
Price : 
Stock : 
Error details : SKU does not exist
SKU : PH2
Price : 18.9
Stock : 928
SKU : HM10
Price : 14.95
Stock : 968
SKU : GR500g
Price : 10.95
Stock : 984
SKU : MO1
Price : 24.95
Stock : 950
SKU : TR1x4
Price : 16.76
Stock : 83
SKU : CA70
Price : 24.95
Stock : 988
SKU : HM100
Price : 89.95
Stock : 995
SKU : SP2
Price : 39.95
Stock : 179
SKU : SP8
Price : 69.95
Stock : 239
SKU : TOPBUXUS200g
Price : 
Stock : 
Error details : SKU does not exist
SKU : PH2
Price : 18.9
Stock : 928
SKU : HM10
Price : 14.95
Stock : 968
SKU : GR500g
Price : 10.95
Stock : 984
SKU : MO1
Price : 24.95
Stock : 950
SKU : TR1x4
Price : 16.76
Stock : 83
SKU : CA70
Price : 24.95
Stock : 988
SKU : HM100
Price : 89.95
Stock : 995
SKU : SP2
Price : 39.95
Stock : 179
SKU : SP8
Price : 69.95
Stock : 239
SKU : TOPBUXUS200g
Price : 
Stock : 
Error details : SKU does not exist
SKU : PH2
Price : 18.9
Stock : 928
SKU : HM10
Price : 14.95
Stock : 968
SKU : GR500g
Price : 10.95
Stock : 984
SKU : MO1
Price : 24.95
Stock : 950
SKU : TR1x4
Price : 16.76
Stock : 83
SKU : CA70
Price : 24.95
Stock : 988
SKU : HM100
Price : 89.95
Stock : 995
SKU : SP2
Price : 39.95
Stock : 179
SKU : SP8
Price : 69.95
Stock : 239
SKU : TOPBUXUS200g
Price : 
Stock : 
Error details : SKU does not exist
Message : Not Updated
---------------------------------------------------------
Date and Time: 2023-06-01 07:09:04
SKU : GR5
Price : 34.95
Stock : 998
SKU : XT5x3g
Price : 19.95
Stock : 98678
SKU : 
Price : 18.9
Stock : 1000
Error details : A SKU is required for each listing
SKU : GR5
Price : 34.95
Stock : 998
SKU : XT5x3g
Price : 19.95
Stock : 98678
SKU : 
Price : 18.9
Stock : 1000
Error details : A SKU is required for each listing
SKU : GR5
Price : 34.95
Stock : 998
SKU : XT5x3g
Price : 19.95
Stock : 98678
SKU : 
Price : 18.9
Stock : 1000
Error details : A SKU is required for each listing
Message : Not Updated
---------------------------------------------------------
