Date and Time: 2023-06-15 12:49:29
SKU : PH2
Price : 18.9
Stock : 0
SKU : HM10
Price : 14.95
Stock : 0
SKU : GR500g
Price : 10.95
Stock : 0
SKU : MO1
Price : 24.95
Stock : 0
SKU : TR1x4
Price : 16.76
Stock : 0
SKU : CA70
Price : 24.95
Stock : 0
SKU : HM100
Price : 89.95
Stock : 0
SKU : SP2
Price : 39.95
Stock : 0
SKU : SP8
Price : 69.95
Stock : 0
SKU : TOPBUXUS200g
Price : 
Stock : 
Error details : SKU does not exist
SKU : PH2
Price : 18.9
Stock : 0
SKU : HM10
Price : 14.95
Stock : 0
SKU : GR500g
Price : 10.95
Stock : 0
SKU : MO1
Price : 24.95
Stock : 0
SKU : TR1x4
Price : 16.76
Stock : 0
SKU : CA70
Price : 24.95
Stock : 0
SKU : HM100
Price : 89.95
Stock : 0
SKU : SP2
Price : 39.95
Stock : 0
SKU : SP8
Price : 69.95
Stock : 0
SKU : TOPBUXUS200g
Price : 
Stock : 
Error details : SKU does not exist
SKU : PH2
Price : 18.9
Stock : 0
SKU : HM10
Price : 14.95
Stock : 0
SKU : GR500g
Price : 10.95
Stock : 0
SKU : MO1
Price : 24.95
Stock : 0
SKU : TR1x4
Price : 16.76
Stock : 0
SKU : CA70
Price : 24.95
Stock : 0
SKU : HM100
Price : 89.95
Stock : 0
SKU : SP2
Price : 39.95
Stock : 0
SKU : SP8
Price : 69.95
Stock : 0
SKU : TOPBUXUS200g
Price : 
Stock : 
Error details : SKU does not exist
SKU : PH2
Price : 18.9
Stock : 0
SKU : HM10
Price : 14.95
Stock : 0
SKU : GR500g
Price : 10.95
Stock : 0
SKU : MO1
Price : 24.95
Stock : 0
SKU : TR1x4
Price : 16.76
Stock : 0
SKU : CA70
Price : 24.95
Stock : 0
SKU : HM100
Price : 89.95
Stock : 0
SKU : SP2
Price : 39.95
Stock : 0
SKU : SP8
Price : 69.95
Stock : 0
SKU : TOPBUXUS200g
Price : 
Stock : 
Error details : SKU does not exist
SKU : PH2
Price : 18.9
Stock : 0
SKU : HM10
Price : 14.95
Stock : 0
SKU : GR500g
Price : 10.95
Stock : 0
SKU : MO1
Price : 24.95
Stock : 0
SKU : TR1x4
Price : 16.76
Stock : 0
SKU : CA70
Price : 24.95
Stock : 0
SKU : HM100
Price : 89.95
Stock : 0
SKU : SP2
Price : 39.95
Stock : 0
SKU : SP8
Price : 69.95
Stock : 0
SKU : TOPBUXUS200g
Price : 
Stock : 
Error details : SKU does not exist
SKU : PH2
Price : 18.9
Stock : 0
SKU : HM10
Price : 14.95
Stock : 0
SKU : GR500g
Price : 10.95
Stock : 0
SKU : MO1
Price : 24.95
Stock : 0
SKU : TR1x4
Price : 16.76
Stock : 0
SKU : CA70
Price : 24.95
Stock : 0
SKU : HM100
Price : 89.95
Stock : 0
SKU : SP2
Price : 39.95
Stock : 0
SKU : SP8
Price : 69.95
Stock : 0
SKU : TOPBUXUS200g
Price : 
Stock : 
Error details : SKU does not exist
SKU : PH2
Price : 18.9
Stock : 0
SKU : HM10
Price : 14.95
Stock : 0
SKU : GR500g
Price : 10.95
Stock : 0
SKU : MO1
Price : 24.95
Stock : 0
SKU : TR1x4
Price : 16.76
Stock : 0
SKU : CA70
Price : 24.95
Stock : 0
SKU : HM100
Price : 89.95
Stock : 0
SKU : SP2
Price : 39.95
Stock : 0
SKU : SP8
Price : 69.95
Stock : 0
SKU : TOPBUXUS200g
Price : 
Stock : 
Error details : SKU does not exist
SKU : PH2
Price : 18.9
Stock : 0
SKU : HM10
Price : 14.95
Stock : 0
SKU : GR500g
Price : 10.95
Stock : 0
SKU : MO1
Price : 24.95
Stock : 0
SKU : TR1x4
Price : 16.76
Stock : 0
SKU : CA70
Price : 24.95
Stock : 0
SKU : HM100
Price : 89.95
Stock : 0
SKU : SP2
Price : 39.95
Stock : 0
SKU : SP8
Price : 69.95
Stock : 0
SKU : TOPBUXUS200g
Price : 
Stock : 
Error details : SKU does not exist
SKU : PH2
Price : 18.9
Stock : 0
SKU : HM10
Price : 14.95
Stock : 0
SKU : GR500g
Price : 10.95
Stock : 0
SKU : MO1
Price : 24.95
Stock : 0
SKU : TR1x4
Price : 16.76
Stock : 0
SKU : CA70
Price : 24.95
Stock : 0
SKU : HM100
Price : 89.95
Stock : 0
SKU : SP2
Price : 39.95
Stock : 0
SKU : SP8
Price : 69.95
Stock : 0
SKU : TOPBUXUS200g
Price : 
Stock : 
Error details : SKU does not exist
SKU : PH2
Price : 18.9
Stock : 0
SKU : HM10
Price : 14.95
Stock : 0
SKU : GR500g
Price : 10.95
Stock : 0
SKU : MO1
Price : 24.95
Stock : 0
SKU : TR1x4
Price : 16.76
Stock : 0
SKU : CA70
Price : 24.95
Stock : 0
SKU : HM100
Price : 89.95
Stock : 0
SKU : SP2
Price : 39.95
Stock : 0
SKU : SP8
Price : 69.95
Stock : 0
SKU : TOPBUXUS200g
Price : 
Stock : 
Error details : SKU does not exist
Message : Not Updated
---------------------------------------------------------
Date and Time: 2023-06-15 12:49:43
SKU : GR5
Price : 34.95
Stock : 0
SKU : XT5x3g
Price : 19.95
Stock : 0
SKU : 
Price : 18.9
Stock : 0
Error details : A SKU is required for each listing
SKU : GR5
Price : 34.95
Stock : 0
SKU : XT5x3g
Price : 19.95
Stock : 0
SKU : 
Price : 18.9
Stock : 0
Error details : A SKU is required for each listing
SKU : GR5
Price : 34.95
Stock : 0
SKU : XT5x3g
Price : 19.95
Stock : 0
SKU : 
Price : 18.9
Stock : 0
Error details : A SKU is required for each listing
Message : Not Updated
---------------------------------------------------------
