Date and Time: 2023-05-18 13:58:00
SKU : SP8
Price : 0
Stock : 0
Message : Updated Successfully
---------------------------------------------------------
Date and Time: 2023-05-18 13:58:04
SKU : SP2
Price : 0
Stock : 0
Message : Updated Successfully
---------------------------------------------------------
Date and Time: 2023-05-18 13:58:07
SKU : TR1x4
Price : 0
Stock : 0
Message : Updated Successfully
---------------------------------------------------------
Date and Time: 2023-05-18 13:58:10
SKU : CA70
Price : 0
Stock : 0
Message : Updated Successfully
---------------------------------------------------------
Date and Time: 2023-05-18 13:58:14
SKU : HM100
Price : 0
Stock : 0
Message : Updated Successfully
---------------------------------------------------------
Date and Time: 2023-05-18 13:58:17
SKU : HM10
Price : 0
Stock : 0
Message : Updated Successfully
---------------------------------------------------------
Date and Time: 2023-05-18 13:58:21
SKU : GR500g
Price : 0
Stock : 0
Message : Updated Successfully
---------------------------------------------------------
Date and Time: 2023-05-18 13:58:24
SKU : MO1
Price : 0
Stock : 0
Message : Updated Successfully
---------------------------------------------------------
Date and Time: 2023-05-18 13:58:27
SKU : PH2
Price : 0
Stock : 0
Message : Updated Successfully
---------------------------------------------------------
Date and Time: 2023-05-18 14:00:21
SKU : PH2
Price : 18.9
Stock : 0
SKU : HM10
Price : 14.95
Stock : 0
SKU : GR500g
Price : 10.95
Stock : 0
SKU : MO1
Price : 24.95
Stock : 0
SKU : TR1x4
Price : 16.76
Stock : 0
SKU : CA70
Price : 24.95
Stock : 0
SKU : HM100
Price : 89.95
Stock : 0
SKU : SP2
Price : 39.95
Stock : 0
SKU : SP8
Price : 69.95
Stock : 0
SKU : TOPBUXUS200g
Price : 
Stock : 
Error details : SKU does not exist
SKU : GR5
Price : 34.95
Stock : 0
SKU : XT5x3g
Price : 19.95
Stock : 0
SKU : 
Price : 18.9
Stock : 0
Error details : A SKU is required for each listing
SKU : PH2
Price : 18.9
Stock : 0
SKU : HM10
Price : 14.95
Stock : 0
SKU : GR500g
Price : 10.95
Stock : 0
SKU : MO1
Price : 24.95
Stock : 0
SKU : TR1x4
Price : 16.76
Stock : 0
SKU : CA70
Price : 24.95
Stock : 0
SKU : HM100
Price : 89.95
Stock : 0
SKU : SP2
Price : 39.95
Stock : 0
SKU : SP8
Price : 69.95
Stock : 0
SKU : TOPBUXUS200g
Price : 
Stock : 
Error details : SKU does not exist
SKU : GR5
Price : 34.95
Stock : 0
SKU : XT5x3g
Price : 19.95
Stock : 0
SKU : 
Price : 18.9
Stock : 0
Error details : A SKU is required for each listing
SKU : PH2
Price : 18.9
Stock : 0
SKU : HM10
Price : 14.95
Stock : 0
SKU : GR500g
Price : 10.95
Stock : 0
SKU : MO1
Price : 24.95
Stock : 0
SKU : TR1x4
Price : 16.76
Stock : 0
SKU : CA70
Price : 24.95
Stock : 0
SKU : HM100
Price : 89.95
Stock : 0
SKU : SP2
Price : 39.95
Stock : 0
SKU : SP8
Price : 69.95
Stock : 0
SKU : TOPBUXUS200g
Price : 
Stock : 
Error details : SKU does not exist
SKU : GR5
Price : 34.95
Stock : 0
SKU : XT5x3g
Price : 19.95
Stock : 0
SKU : 
Price : 18.9
Stock : 0
Error details : A SKU is required for each listing
SKU : PH2
Price : 18.9
Stock : 0
SKU : HM10
Price : 14.95
Stock : 0
SKU : GR500g
Price : 10.95
Stock : 0
SKU : MO1
Price : 24.95
Stock : 0
SKU : TR1x4
Price : 16.76
Stock : 0
SKU : CA70
Price : 24.95
Stock : 0
SKU : HM100
Price : 89.95
Stock : 0
SKU : SP2
Price : 39.95
Stock : 0
SKU : SP8
Price : 69.95
Stock : 0
SKU : TOPBUXUS200g
Price : 
Stock : 
Error details : SKU does not exist
SKU : GR5
Price : 34.95
Stock : 0
SKU : XT5x3g
Price : 19.95
Stock : 0
SKU : 
Price : 18.9
Stock : 0
Error details : A SKU is required for each listing
SKU : PH2
Price : 18.9
Stock : 0
SKU : HM10
Price : 14.95
Stock : 0
SKU : GR500g
Price : 10.95
Stock : 0
SKU : MO1
Price : 24.95
Stock : 0
SKU : TR1x4
Price : 16.76
Stock : 0
SKU : CA70
Price : 24.95
Stock : 0
SKU : HM100
Price : 89.95
Stock : 0
SKU : SP2
Price : 39.95
Stock : 0
SKU : SP8
Price : 69.95
Stock : 0
SKU : TOPBUXUS200g
Price : 
Stock : 
Error details : SKU does not exist
SKU : GR5
Price : 34.95
Stock : 0
SKU : XT5x3g
Price : 19.95
Stock : 0
SKU : 
Price : 18.9
Stock : 0
Error details : A SKU is required for each listing
SKU : PH2
Price : 18.9
Stock : 0
SKU : HM10
Price : 14.95
Stock : 0
SKU : GR500g
Price : 10.95
Stock : 0
SKU : MO1
Price : 24.95
Stock : 0
SKU : TR1x4
Price : 16.76
Stock : 0
SKU : CA70
Price : 24.95
Stock : 0
SKU : HM100
Price : 89.95
Stock : 0
SKU : SP2
Price : 39.95
Stock : 0
SKU : SP8
Price : 69.95
Stock : 0
SKU : TOPBUXUS200g
Price : 
Stock : 
Error details : SKU does not exist
SKU : GR5
Price : 34.95
Stock : 0
SKU : XT5x3g
Price : 19.95
Stock : 0
SKU : 
Price : 18.9
Stock : 0
Error details : A SKU is required for each listing
SKU : PH2
Price : 18.9
Stock : 0
SKU : HM10
Price : 14.95
Stock : 0
SKU : GR500g
Price : 10.95
Stock : 0
SKU : MO1
Price : 24.95
Stock : 0
SKU : TR1x4
Price : 16.76
Stock : 0
SKU : CA70
Price : 24.95
Stock : 0
SKU : HM100
Price : 89.95
Stock : 0
SKU : SP2
Price : 39.95
Stock : 0
SKU : SP8
Price : 69.95
Stock : 0
SKU : TOPBUXUS200g
Price : 
Stock : 
Error details : SKU does not exist
SKU : GR5
Price : 34.95
Stock : 0
SKU : XT5x3g
Price : 19.95
Stock : 0
SKU : 
Price : 18.9
Stock : 0
Error details : A SKU is required for each listing
SKU : PH2
Price : 18.9
Stock : 0
SKU : HM10
Price : 14.95
Stock : 0
SKU : GR500g
Price : 10.95
Stock : 0
SKU : MO1
Price : 24.95
Stock : 0
SKU : TR1x4
Price : 16.76
Stock : 0
SKU : CA70
Price : 24.95
Stock : 0
SKU : HM100
Price : 89.95
Stock : 0
SKU : SP2
Price : 39.95
Stock : 0
SKU : SP8
Price : 69.95
Stock : 0
SKU : TOPBUXUS200g
Price : 
Stock : 
Error details : SKU does not exist
SKU : GR5
Price : 34.95
Stock : 0
SKU : XT5x3g
Price : 19.95
Stock : 0
SKU : 
Price : 18.9
Stock : 0
Error details : A SKU is required for each listing
SKU : PH2
Price : 18.9
Stock : 0
SKU : HM10
Price : 14.95
Stock : 0
SKU : GR500g
Price : 10.95
Stock : 0
SKU : MO1
Price : 24.95
Stock : 0
SKU : TR1x4
Price : 16.76
Stock : 0
SKU : CA70
Price : 24.95
Stock : 0
SKU : HM100
Price : 89.95
Stock : 0
SKU : SP2
Price : 39.95
Stock : 0
SKU : SP8
Price : 69.95
Stock : 0
SKU : TOPBUXUS200g
Price : 
Stock : 
Error details : SKU does not exist
SKU : GR5
Price : 34.95
Stock : 0
SKU : XT5x3g
Price : 19.95
Stock : 0
SKU : 
Price : 18.9
Stock : 0
Error details : A SKU is required for each listing
SKU : PH2
Price : 18.9
Stock : 0
SKU : HM10
Price : 14.95
Stock : 0
SKU : GR500g
Price : 10.95
Stock : 0
SKU : MO1
Price : 24.95
Stock : 0
SKU : TR1x4
Price : 16.76
Stock : 0
SKU : CA70
Price : 24.95
Stock : 0
SKU : HM100
Price : 89.95
Stock : 0
SKU : SP2
Price : 39.95
Stock : 0
SKU : SP8
Price : 69.95
Stock : 0
SKU : TOPBUXUS200g
Price : 
Stock : 
Error details : SKU does not exist
SKU : GR5
Price : 34.95
Stock : 0
SKU : XT5x3g
Price : 19.95
Stock : 0
SKU : 
Price : 18.9
Stock : 0
Error details : A SKU is required for each listing
SKU : PH2
Price : 18.9
Stock : 0
SKU : HM10
Price : 14.95
Stock : 0
SKU : GR500g
Price : 10.95
Stock : 0
SKU : MO1
Price : 24.95
Stock : 0
SKU : TR1x4
Price : 16.76
Stock : 0
SKU : CA70
Price : 24.95
Stock : 0
SKU : HM100
Price : 89.95
Stock : 0
SKU : SP2
Price : 39.95
Stock : 0
SKU : SP8
Price : 69.95
Stock : 0
SKU : TOPBUXUS200g
Price : 
Stock : 
Error details : SKU does not exist
SKU : GR5
Price : 34.95
Stock : 0
SKU : XT5x3g
Price : 19.95
Stock : 0
SKU : 
Price : 18.9
Stock : 0
Error details : A SKU is required for each listing
SKU : PH2
Price : 18.9
Stock : 0
SKU : HM10
Price : 14.95
Stock : 0
SKU : GR500g
Price : 10.95
Stock : 0
SKU : MO1
Price : 24.95
Stock : 0
SKU : TR1x4
Price : 16.76
Stock : 0
SKU : CA70
Price : 24.95
Stock : 0
SKU : HM100
Price : 89.95
Stock : 0
SKU : SP2
Price : 39.95
Stock : 0
SKU : SP8
Price : 69.95
Stock : 0
SKU : TOPBUXUS200g
Price : 
Stock : 
Error details : SKU does not exist
SKU : GR5
Price : 34.95
Stock : 0
SKU : XT5x3g
Price : 19.95
Stock : 0
SKU : 
Price : 18.9
Stock : 0
Error details : A SKU is required for each listing
SKU : PH2
Price : 18.9
Stock : 0
SKU : HM10
Price : 14.95
Stock : 0
SKU : GR500g
Price : 10.95
Stock : 0
SKU : MO1
Price : 24.95
Stock : 0
SKU : TR1x4
Price : 16.76
Stock : 0
SKU : CA70
Price : 24.95
Stock : 0
SKU : HM100
Price : 89.95
Stock : 0
SKU : SP2
Price : 39.95
Stock : 0
SKU : SP8
Price : 69.95
Stock : 0
SKU : TOPBUXUS200g
Price : 
Stock : 
Error details : SKU does not exist
SKU : GR5
Price : 34.95
Stock : 0
SKU : XT5x3g
Price : 19.95
Stock : 0
SKU : 
Price : 18.9
Stock : 0
Error details : A SKU is required for each listing
Message : Not Updated
---------------------------------------------------------
Date and Time: 2023-05-18 14:00:43
SKU : PH2
Price : 18.9
Stock : 0
SKU : HM10
Price : 14.95
Stock : 0
SKU : GR500g
Price : 10.95
Stock : 0
SKU : MO1
Price : 24.95
Stock : 0
SKU : TR1x4
Price : 16.76
Stock : 0
SKU : CA70
Price : 24.95
Stock : 0
SKU : HM100
Price : 89.95
Stock : 0
SKU : SP2
Price : 39.95
Stock : 0
SKU : SP8
Price : 69.95
Stock : 0
SKU : TOPBUXUS200g
Price : 
Stock : 
Error details : SKU does not exist
SKU : GR5
Price : 34.95
Stock : 0
SKU : XT5x3g
Price : 19.95
Stock : 0
SKU : 
Price : 18.9
Stock : 0
Error details : A SKU is required for each listing
SKU : PH2
Price : 18.9
Stock : 0
SKU : HM10
Price : 14.95
Stock : 0
SKU : GR500g
Price : 10.95
Stock : 0
SKU : MO1
Price : 24.95
Stock : 0
SKU : TR1x4
Price : 16.76
Stock : 0
SKU : CA70
Price : 24.95
Stock : 0
SKU : HM100
Price : 89.95
Stock : 0
SKU : SP2
Price : 39.95
Stock : 0
SKU : SP8
Price : 69.95
Stock : 0
SKU : TOPBUXUS200g
Price : 
Stock : 
Error details : SKU does not exist
SKU : GR5
Price : 34.95
Stock : 0
SKU : XT5x3g
Price : 19.95
Stock : 0
SKU : 
Price : 18.9
Stock : 0
Error details : A SKU is required for each listing
SKU : PH2
Price : 18.9
Stock : 0
SKU : HM10
Price : 14.95
Stock : 0
SKU : GR500g
Price : 10.95
Stock : 0
SKU : MO1
Price : 24.95
Stock : 0
SKU : TR1x4
Price : 16.76
Stock : 0
SKU : CA70
Price : 24.95
Stock : 0
SKU : HM100
Price : 89.95
Stock : 0
SKU : SP2
Price : 39.95
Stock : 0
SKU : SP8
Price : 69.95
Stock : 0
SKU : TOPBUXUS200g
Price : 
Stock : 
Error details : SKU does not exist
SKU : GR5
Price : 34.95
Stock : 0
SKU : XT5x3g
Price : 19.95
Stock : 0
SKU : 
Price : 18.9
Stock : 0
Error details : A SKU is required for each listing
SKU : PH2
Price : 18.9
Stock : 0
SKU : HM10
Price : 14.95
Stock : 0
SKU : GR500g
Price : 10.95
Stock : 0
SKU : MO1
Price : 24.95
Stock : 0
SKU : TR1x4
Price : 16.76
Stock : 0
SKU : CA70
Price : 24.95
Stock : 0
SKU : HM100
Price : 89.95
Stock : 0
SKU : SP2
Price : 39.95
Stock : 0
SKU : SP8
Price : 69.95
Stock : 0
SKU : TOPBUXUS200g
Price : 
Stock : 
Error details : SKU does not exist
SKU : GR5
Price : 34.95
Stock : 0
SKU : XT5x3g
Price : 19.95
Stock : 0
SKU : 
Price : 18.9
Stock : 0
Error details : A SKU is required for each listing
SKU : PH2
Price : 18.9
Stock : 0
SKU : HM10
Price : 14.95
Stock : 0
SKU : GR500g
Price : 10.95
Stock : 0
SKU : MO1
Price : 24.95
Stock : 0
SKU : TR1x4
Price : 16.76
Stock : 0
SKU : CA70
Price : 24.95
Stock : 0
SKU : HM100
Price : 89.95
Stock : 0
SKU : SP2
Price : 39.95
Stock : 0
SKU : SP8
Price : 69.95
Stock : 0
SKU : TOPBUXUS200g
Price : 
Stock : 
Error details : SKU does not exist
SKU : GR5
Price : 34.95
Stock : 0
SKU : XT5x3g
Price : 19.95
Stock : 0
SKU : 
Price : 18.9
Stock : 0
Error details : A SKU is required for each listing
SKU : PH2
Price : 18.9
Stock : 0
SKU : HM10
Price : 14.95
Stock : 0
SKU : GR500g
Price : 10.95
Stock : 0
SKU : MO1
Price : 24.95
Stock : 0
SKU : TR1x4
Price : 16.76
Stock : 0
SKU : CA70
Price : 24.95
Stock : 0
SKU : HM100
Price : 89.95
Stock : 0
SKU : SP2
Price : 39.95
Stock : 0
SKU : SP8
Price : 69.95
Stock : 0
SKU : TOPBUXUS200g
Price : 
Stock : 
Error details : SKU does not exist
SKU : GR5
Price : 34.95
Stock : 0
SKU : XT5x3g
Price : 19.95
Stock : 0
SKU : 
Price : 18.9
Stock : 0
Error details : A SKU is required for each listing
SKU : PH2
Price : 18.9
Stock : 0
SKU : HM10
Price : 14.95
Stock : 0
SKU : GR500g
Price : 10.95
Stock : 0
SKU : MO1
Price : 24.95
Stock : 0
SKU : TR1x4
Price : 16.76
Stock : 0
SKU : CA70
Price : 24.95
Stock : 0
SKU : HM100
Price : 89.95
Stock : 0
SKU : SP2
Price : 39.95
Stock : 0
SKU : SP8
Price : 69.95
Stock : 0
SKU : TOPBUXUS200g
Price : 
Stock : 
Error details : SKU does not exist
SKU : GR5
Price : 34.95
Stock : 0
SKU : XT5x3g
Price : 19.95
Stock : 0
SKU : 
Price : 18.9
Stock : 0
Error details : A SKU is required for each listing
SKU : PH2
Price : 18.9
Stock : 0
SKU : HM10
Price : 14.95
Stock : 0
SKU : GR500g
Price : 10.95
Stock : 0
SKU : MO1
Price : 24.95
Stock : 0
SKU : TR1x4
Price : 16.76
Stock : 0
SKU : CA70
Price : 24.95
Stock : 0
SKU : HM100
Price : 89.95
Stock : 0
SKU : SP2
Price : 39.95
Stock : 0
SKU : SP8
Price : 69.95
Stock : 0
SKU : TOPBUXUS200g
Price : 
Stock : 
Error details : SKU does not exist
SKU : GR5
Price : 34.95
Stock : 0
SKU : XT5x3g
Price : 19.95
Stock : 0
SKU : 
Price : 18.9
Stock : 0
Error details : A SKU is required for each listing
SKU : PH2
Price : 18.9
Stock : 0
SKU : HM10
Price : 14.95
Stock : 0
SKU : GR500g
Price : 10.95
Stock : 0
SKU : MO1
Price : 24.95
Stock : 0
SKU : TR1x4
Price : 16.76
Stock : 0
SKU : CA70
Price : 24.95
Stock : 0
SKU : HM100
Price : 89.95
Stock : 0
SKU : SP2
Price : 39.95
Stock : 0
SKU : SP8
Price : 69.95
Stock : 0
SKU : TOPBUXUS200g
Price : 
Stock : 
Error details : SKU does not exist
SKU : GR5
Price : 34.95
Stock : 0
SKU : XT5x3g
Price : 19.95
Stock : 0
SKU : 
Price : 18.9
Stock : 0
Error details : A SKU is required for each listing
SKU : PH2
Price : 18.9
Stock : 0
SKU : HM10
Price : 14.95
Stock : 0
SKU : GR500g
Price : 10.95
Stock : 0
SKU : MO1
Price : 24.95
Stock : 0
SKU : TR1x4
Price : 16.76
Stock : 0
SKU : CA70
Price : 24.95
Stock : 0
SKU : HM100
Price : 89.95
Stock : 0
SKU : SP2
Price : 39.95
Stock : 0
SKU : SP8
Price : 69.95
Stock : 0
SKU : TOPBUXUS200g
Price : 
Stock : 
Error details : SKU does not exist
SKU : GR5
Price : 34.95
Stock : 0
SKU : XT5x3g
Price : 19.95
Stock : 0
SKU : 
Price : 18.9
Stock : 0
Error details : A SKU is required for each listing
SKU : PH2
Price : 18.9
Stock : 0
SKU : HM10
Price : 14.95
Stock : 0
SKU : GR500g
Price : 10.95
Stock : 0
SKU : MO1
Price : 24.95
Stock : 0
SKU : TR1x4
Price : 16.76
Stock : 0
SKU : CA70
Price : 24.95
Stock : 0
SKU : HM100
Price : 89.95
Stock : 0
SKU : SP2
Price : 39.95
Stock : 0
SKU : SP8
Price : 69.95
Stock : 0
SKU : TOPBUXUS200g
Price : 
Stock : 
Error details : SKU does not exist
SKU : GR5
Price : 34.95
Stock : 0
SKU : XT5x3g
Price : 19.95
Stock : 0
SKU : 
Price : 18.9
Stock : 0
Error details : A SKU is required for each listing
SKU : PH2
Price : 18.9
Stock : 0
SKU : HM10
Price : 14.95
Stock : 0
SKU : GR500g
Price : 10.95
Stock : 0
SKU : MO1
Price : 24.95
Stock : 0
SKU : TR1x4
Price : 16.76
Stock : 0
SKU : CA70
Price : 24.95
Stock : 0
SKU : HM100
Price : 89.95
Stock : 0
SKU : SP2
Price : 39.95
Stock : 0
SKU : SP8
Price : 69.95
Stock : 0
SKU : TOPBUXUS200g
Price : 
Stock : 
Error details : SKU does not exist
SKU : GR5
Price : 34.95
Stock : 0
SKU : XT5x3g
Price : 19.95
Stock : 0
SKU : 
Price : 18.9
Stock : 0
Error details : A SKU is required for each listing
SKU : PH2
Price : 18.9
Stock : 0
SKU : HM10
Price : 14.95
Stock : 0
SKU : GR500g
Price : 10.95
Stock : 0
SKU : MO1
Price : 24.95
Stock : 0
SKU : TR1x4
Price : 16.76
Stock : 0
SKU : CA70
Price : 24.95
Stock : 0
SKU : HM100
Price : 89.95
Stock : 0
SKU : SP2
Price : 39.95
Stock : 0
SKU : SP8
Price : 69.95
Stock : 0
SKU : TOPBUXUS200g
Price : 
Stock : 
Error details : SKU does not exist
SKU : GR5
Price : 34.95
Stock : 0
SKU : XT5x3g
Price : 19.95
Stock : 0
SKU : 
Price : 18.9
Stock : 0
Error details : A SKU is required for each listing
Message : Not Updated
---------------------------------------------------------
