Date and Time: 2023-05-15 12:56:59
Date and Time: 2023-05-15 12:57:08
SKU : 
Price : 0
Stock : 0
Error details : A SKU is required for each listing
Message : Not Updated
---------------------------------------------------------
Date and Time: 2023-05-15 12:57:19
SKU : XT5x3g
Price : 0
Stock : 0
Message : Updated Successfully
---------------------------------------------------------
Date and Time: 2023-05-15 12:57:35
Date and Time: 2023-05-15 12:57:41
Date and Time: 2023-05-15 12:57:46
Date and Time: 2023-05-15 12:57:50
SKU : TOPBUXUS200g
Price : 
Stock : 
Error details : SKU does not exist
Message : Not Updated
---------------------------------------------------------
Date and Time: 2023-05-15 12:57:53
SKU : GR5
Price : 0
Stock : 0
Message : Updated Successfully
---------------------------------------------------------
